This file contains any messages produced by compilers while
running configure, to aid debugging if configure makes a mistake.

It was created by Berkeley DB configure 5.0.26, which was
generated by GNU Autoconf 2.65.  Invocation command line was

  $ ../dist/configure --prefix=/opt/opscode/embedded/db/db-5.0.26

## --------- ##
## Platform. ##
## --------- ##

hostname = latte
uname -m = i386
uname -r = 10.4.0
uname -s = Darwin
uname -v = Darwin Kernel Version 10.4.0: Fri Apr 23 18:28:53 PDT 2010; root:xnu-1504.7.4~1/RELEASE_I386

/usr/bin/uname -p = i386
/bin/uname -X     = unknown

/bin/arch              = unknown
/usr/bin/arch -k       = unknown
/usr/convex/getsysinfo = unknown
/usr/bin/hostinfo      = Mach kernel version:
	 Darwin Kernel Version 10.4.0: Fri Apr 23 18:28:53 PDT 2010; root:xnu-1504.7.4~1/RELEASE_I386
Kernel configured for up to 4 processors.
2 processors are physically available.
4 processors are logically available.
Processor type: i486 (Intel 80486)
Processors active: 0 1 2 3
Primary memory available: 8.00 gigabytes
Default processor set: 133 tasks, 678 threads, 4 processors
Load average: 1.78, Mach factor: 2.27
/bin/machine           = unknown
/usr/bin/oslevel       = unknown
/bin/universe          = unknown

PATH: /usr/local/bin
PATH: /usr/local/Cellar/python/2.7/bin
PATH: /Users/adam/bin
PATH: /usr/bin
PATH: /usr/sbin
PATH: /bin
PATH: /sbin
PATH: /sw/erlang/bin
PATH: /opt/local/bin
PATH: /opt/local/sbin
PATH: /opt/local/libexec
PATH: /usr/local/bin
PATH: /usr/local/sbin
PATH: /sw/bin
PATH: /sw/sbin
PATH: /Users/adam/ec2/latest/bin
PATH: /usr/X11R6/bin
PATH: /usr/local/mysql-5.0.41-osx10.4-powerpc/bin
PATH: /usr/local/mysql-5.0.41-osx10.4-powerpc/scripts
PATH: /usr/bin
PATH: /bin
PATH: /usr/sbin
PATH: /sbin
PATH: /usr/local/bin
PATH: /usr/X11/bin


## ----------- ##
## Core tests. ##
## ----------- ##

configure:2941: checking build system type
configure:2955: result: x86_64-apple-darwin10.4.0
configure:2975: checking host system type
configure:2988: result: x86_64-apple-darwin10.4.0
configure:3020: checking if building in the top-level or dist directories
configure:3031: result: no
configure:3122: checking if --enable-smallbuild option specified
configure:3135: result: no
configure:3138: checking if --disable-atomicsupport option specified
configure:3151: result: no
configure:3163: checking if --disable-compression option specified
configure:3176: result: no
configure:3180: checking if --disable-hash option specified
configure:3193: result: no
configure:3197: checking if --disable-mutexsupport option specified
configure:3210: result: no
configure:3214: checking if --disable-partition option specified
configure:3227: result: no
configure:3231: checking if --disable-queue option specified
configure:3244: result: no
configure:3248: checking if --disable-replication option specified
configure:3261: result: no
configure:3265: checking if --disable-statistics option specified
configure:3278: result: no
configure:3282: checking if --disable-verify option specified
configure:3295: result: no
configure:3299: checking if --enable-compat185 option specified
configure:3308: result: no
configure:3311: checking if --enable-cxx option specified
configure:3320: result: no
configure:3323: checking if --enable-debug option specified
configure:3332: result: no
configure:3335: checking if --enable-debug_rop option specified
configure:3344: result: no
configure:3347: checking if --enable-debug_wop option specified
configure:3356: result: no
configure:3359: checking if --enable-diagnostic option specified
configure:3383: result: no
configure:3387: checking if --enable-dump185 option specified
configure:3396: result: no
configure:3399: checking if --enable-java option specified
configure:3408: result: no
configure:3411: checking if --enable-mingw option specified
configure:3420: result: no
configure:3423: checking if --enable-o_direct option specified
configure:3432: result: no
configure:3435: checking if --enable-posixmutexes option specified
configure:3444: result: no
configure:3461: checking if --enable-rpc option specified
configure:3474: result: no
configure:3477: checking if --enable-sql option specified
configure:3486: result: no
configure:3489: checking if --enable-sql_compat option specified
configure:3498: result: no
configure:3501: checking if --enable-amalgamation option specified
configure:3510: result: no
configure:3513: checking if --enable-sql_codegen option specified
configure:3522: result: no
configure:3525: checking if --enable-stl option specified
configure:3537: result: no
configure:3540: checking if --enable-tcl option specified
configure:3549: result: no
configure:3552: checking if --enable-test option specified
configure:3561: result: no
configure:3564: checking if --enable-dbm option specified
configure:3573: result: no
configure:3576: checking if --enable-dtrace option specified
configure:3585: result: no
configure:3588: checking if --enable-systemtap option specified
configure:3597: result: no
configure:3600: checking if --enable-uimutexes option specified
configure:3609: result: no
configure:3612: checking if --enable-umrw option specified
configure:3621: result: no
configure:3635: checking if --with-cryptography option specified
configure:3658: result: yes
configure:3661: checking if --with-mutex=MUTEX option specified
configure:3677: result: no
configure:3698: checking if --with-tcl=DIR option specified
configure:3708: result: no
configure:3714: checking if --with-uniquename=NAME option specified
configure:3727: result: no
configure:3837: checking for chmod
configure:3853: found /bin/chmod
configure:3864: result: chmod
configure:3931: checking for cp
configure:3947: found /bin/cp
configure:3958: result: cp
configure:4122: checking for ln
configure:4138: found /bin/ln
configure:4149: result: ln
configure:4216: checking for mkdir
configure:4232: found /bin/mkdir
configure:4243: result: mkdir
configure:4310: checking for rm
configure:4326: found /bin/rm
configure:4337: result: rm
configure:4407: checking for mv
configure:4423: found /bin/mv
configure:4434: result: mv
configure:4981: checking for sh
configure:4999: found /bin/sh
configure:5011: result: /bin/sh
configure:5053: checking for a BSD-compatible install
configure:5121: result: /usr/bin/install -c
configure:5267: checking for cc
configure:5283: found /usr/bin/cc
configure:5294: result: cc
configure:5325: checking for C compiler version
configure:5334: cc --version >&5
i686-apple-darwin10-gcc-4.2.1 (GCC) 4.2.1 (Apple Inc. build 5659)
Copyright (C) 2007 Free Software Foundation, Inc.
This is free software; see the source for copying conditions.  There is NO
warranty; not even for MERCHANTABILITY or FITNESS FOR A PARTICULAR PURPOSE.

configure:5345: $? = 0
configure:5334: cc -v >&5
Using built-in specs.
Target: i686-apple-darwin10
Configured with: /var/tmp/gcc/gcc-5659~1/src/configure --disable-checking --enable-werror --prefix=/usr --mandir=/share/man --enable-languages=c,objc,c++,obj-c++ --program-transform-name=/^[cg][^.-]*$/s/$/-4.2/ --with-slibdir=/usr/lib --build=i686-apple-darwin10 --program-prefix=i686-apple-darwin10- --host=x86_64-apple-darwin10 --target=i686-apple-darwin10 --with-gxx-include-dir=/include/c++/4.2.1
Thread model: posix
gcc version 4.2.1 (Apple Inc. build 5659)
configure:5345: $? = 0
configure:5334: cc -V >&5
gcc-4.2: argument to `-V' is missing
configure:5345: $? = 1
configure:5334: cc -qversion >&5
i686-apple-darwin10-gcc-4.2.1: no input files
configure:5345: $? = 1
configure:5365: checking whether the C compiler works
configure:5387: cc -O   conftest.c  >&5
configure:5391: $? = 0
configure:5440: result: yes
configure:5443: checking for C compiler default output file name
configure:5445: result: a.out
configure:5451: checking for suffix of executables
configure:5458: cc -o conftest -O   conftest.c  >&5
configure:5462: $? = 0
configure:5484: result: 
configure:5506: checking whether we are cross compiling
configure:5514: cc -o conftest -O   conftest.c  >&5
configure:5518: $? = 0
configure:5525: ./conftest
configure:5529: $? = 0
configure:5544: result: no
configure:5549: checking for suffix of object files
configure:5571: cc -c -O  conftest.c >&5
configure:5575: $? = 0
configure:5596: result: o
configure:5600: checking whether we are using the GNU C compiler
configure:5619: cc -c -O  conftest.c >&5
configure:5619: $? = 0
configure:5628: result: yes
configure:5637: checking whether cc accepts -g
configure:5657: cc -c -g  conftest.c >&5
configure:5657: $? = 0
configure:5698: result: yes
configure:5715: checking for cc option to accept ISO C89
configure:5779: cc  -c -O  conftest.c >&5
configure:5779: $? = 0
configure:5792: result: none needed
configure:5837: checking for an ANSI C-conforming const
configure:5902: cc -c -O3   conftest.c >&5
configure:5902: $? = 0
configure:5909: result: yes
configure:5917: checking for inline
configure:5933: cc -c -O3   conftest.c >&5
configure:5933: $? = 0
configure:5941: result: inline
configure:6902: checking whether we are using gcc version 2.96
configure:6917: result: no
configure:6972: checking for a sed that does not truncate output
configure:7036: result: /usr/bin/sed
configure:7054: checking for grep that handles long lines and -e
configure:7112: result: /usr/bin/grep
configure:7117: checking for egrep
configure:7179: result: /usr/bin/grep -E
configure:7184: checking for fgrep
configure:7246: result: /usr/bin/grep -F
configure:7281: checking for ld used by cc
configure:7348: result: /usr/libexec/gcc/i686-apple-darwin10/4.2.1/ld
configure:7355: checking if the linker (/usr/libexec/gcc/i686-apple-darwin10/4.2.1/ld) is GNU ld
configure:7370: result: no
configure:7382: checking for BSD- or MS-compatible name lister (nm)
configure:7431: result: /usr/bin/nm
configure:7549: checking the name lister (/usr/bin/nm) interface
configure:7556: cc -c -O3   conftest.c >&5
configure:7559: /usr/bin/nm "conftest.o"
configure:7562: output
0000000000000000 D _some_variable
configure:7569: result: BSD nm
configure:7572: checking whether ln -s works
configure:7576: result: yes
configure:7584: checking the maximum length of command line arguments
configure:7704: result: 196608
configure:7721: checking whether the shell understands some XSI constructs
configure:7731: result: yes
configure:7735: checking whether the shell understands "+="
configure:7741: result: yes
configure:7776: checking for /usr/libexec/gcc/i686-apple-darwin10/4.2.1/ld option to reload object files
configure:7783: result: -r
configure:7852: checking for objdump
configure:7882: result: no
configure:7911: checking how to recognize dependent libraries
configure:8107: result: pass_all
configure:8167: checking for ar
configure:8183: found /usr/bin/ar
configure:8194: result: ar
configure:8272: checking for strip
configure:8288: found /usr/bin/strip
configure:8299: result: strip
configure:8371: checking for ranlib
configure:8387: found /usr/bin/ranlib
configure:8398: result: ranlib
configure:8488: checking command to parse /usr/bin/nm output from cc object
configure:8606: cc -c -O3   conftest.c >&5
configure:8609: $? = 0
configure:8613: /usr/bin/nm conftest.o \| sed -n -e 's/^.*[	 ]\([BCDEGRST][BCDEGRST]*\)[	 ][	 ]*\([_A-Za-z][_A-Za-z0-9]*\)$/\1 \2 \2/p' \> conftest.nm
configure:8616: $? = 0
cannot find nm_test_var in conftest.nm
configure:8606: cc -c -O3   conftest.c >&5
configure:8609: $? = 0
configure:8613: /usr/bin/nm conftest.o \| sed -n -e 's/^.*[	 ]\([BCDEGRST][BCDEGRST]*\)[	 ][	 ]*_\([_A-Za-z][_A-Za-z0-9]*\)$/\1 _\2 \2/p' \> conftest.nm
configure:8616: $? = 0
configure:8670: cc -o conftest -O3    conftest.c conftstm.o >&5
configure:8673: $? = 0
configure:8711: result: ok
configure:8975: checking for dsymutil
configure:8991: found /usr/bin/dsymutil
configure:9002: result: dsymutil
configure:9067: checking for nmedit
configure:9083: found /usr/bin/nmedit
configure:9094: result: nmedit
configure:9159: checking for lipo
configure:9175: found /usr/bin/lipo
configure:9186: result: lipo
configure:9251: checking for otool
configure:9267: found /usr/bin/otool
configure:9278: result: otool
configure:9343: checking for otool64
configure:9373: result: no
configure:9418: checking for -single_module linker flag
cc -O3   -o libconftest.dylib -dynamiclib -Wl,-single_module conftest.c
configure:9445: result: yes
configure:9447: checking for -exported_symbols_list linker flag
configure:9467: cc -o conftest -O3    -Wl,-exported_symbols_list,conftest.sym conftest.c  >&5
configure:9467: $? = 0
configure:9477: result: yes
configure:9519: checking how to run the C preprocessor
configure:9550: cc -E  conftest.c
configure:9550: $? = 0
configure:9564: cc -E  conftest.c
conftest.c:10:28: error: ac_nonexistent.h: No such file or directory
configure:9564: $? = 1
configure: failed program was:
| /* confdefs.h */
| #define PACKAGE_NAME "Berkeley DB"
| #define PACKAGE_TARNAME "db-5.0.26"
| #define PACKAGE_VERSION "5.0.26"
| #define PACKAGE_STRING "Berkeley DB 5.0.26"
| #define PACKAGE_BUGREPORT "Oracle Technology Network Berkeley DB forum"
| #define PACKAGE_URL ""
| #define HAVE_UPGRADE_SUPPORT 1
| /* end confdefs.h.  */
| #include <ac_nonexistent.h>
configure:9589: result: cc -E
configure:9609: cc -E  conftest.c
configure:9609: $? = 0
configure:9623: cc -E  conftest.c
conftest.c:10:28: error: ac_nonexistent.h: No such file or directory
configure:9623: $? = 1
configure: failed program was:
| /* confdefs.h */
| #define PACKAGE_NAME "Berkeley DB"
| #define PACKAGE_TARNAME "db-5.0.26"
| #define PACKAGE_VERSION "5.0.26"
| #define PACKAGE_STRING "Berkeley DB 5.0.26"
| #define PACKAGE_BUGREPORT "Oracle Technology Network Berkeley DB forum"
| #define PACKAGE_URL ""
| #define HAVE_UPGRADE_SUPPORT 1
| /* end confdefs.h.  */
| #include <ac_nonexistent.h>
configure:9652: checking for ANSI C header files
configure:9672: cc -c -O3   conftest.c >&5
configure:9672: $? = 0
configure:9745: cc -o conftest -O3    conftest.c  >&5
configure:9745: $? = 0
configure:9745: ./conftest
configure:9745: $? = 0
configure:9756: result: yes
configure:9769: checking for sys/types.h
configure:9769: cc -c -O3   conftest.c >&5
configure:9769: $? = 0
configure:9769: result: yes
configure:9769: checking for sys/stat.h
configure:9769: cc -c -O3   conftest.c >&5
configure:9769: $? = 0
configure:9769: result: yes
configure:9769: checking for stdlib.h
configure:9769: cc -c -O3   conftest.c >&5
configure:9769: $? = 0
configure:9769: result: yes
configure:9769: checking for string.h
configure:9769: cc -c -O3   conftest.c >&5
configure:9769: $? = 0
configure:9769: result: yes
configure:9769: checking for memory.h
configure:9769: cc -c -O3   conftest.c >&5
configure:9769: $? = 0
configure:9769: result: yes
configure:9769: checking for strings.h
configure:9769: cc -c -O3   conftest.c >&5
configure:9769: $? = 0
configure:9769: result: yes
configure:9769: checking for inttypes.h
configure:9769: cc -c -O3   conftest.c >&5
configure:9769: $? = 0
configure:9769: result: yes
configure:9769: checking for stdint.h
configure:9769: cc -c -O3   conftest.c >&5
configure:9769: $? = 0
configure:9769: result: yes
configure:9769: checking for unistd.h
configure:9769: cc -c -O3   conftest.c >&5
configure:9769: $? = 0
configure:9769: result: yes
configure:9784: checking for dlfcn.h
configure:9784: cc -c -O3   conftest.c >&5
configure:9784: $? = 0
configure:9784: result: yes
configure:9909: checking for C++ compiler version
configure:9918: CXX --version >&5
../dist/configure: line 9920: CXX: command not found
configure:9929: $? = 127
configure:9918: CXX -v >&5
../dist/configure: line 9920: CXX: command not found
configure:9929: $? = 127
configure:9918: CXX -V >&5
../dist/configure: line 9920: CXX: command not found
configure:9929: $? = 127
configure:9918: CXX -qversion >&5
../dist/configure: line 9920: CXX: command not found
configure:9929: $? = 127
configure:9933: checking whether we are using the GNU C++ compiler
configure:9952: CXX -c -O  conftest.cpp >&5
../dist/configure: line 1841: CXX: command not found
configure:9952: $? = 127
configure: failed program was:
| /* confdefs.h */
| #define PACKAGE_NAME "Berkeley DB"
| #define PACKAGE_TARNAME "db-5.0.26"
| #define PACKAGE_VERSION "5.0.26"
| #define PACKAGE_STRING "Berkeley DB 5.0.26"
| #define PACKAGE_BUGREPORT "Oracle Technology Network Berkeley DB forum"
| #define PACKAGE_URL ""
| #define HAVE_UPGRADE_SUPPORT 1
| #define STDC_HEADERS 1
| #define HAVE_SYS_TYPES_H 1
| #define HAVE_SYS_STAT_H 1
| #define HAVE_STDLIB_H 1
| #define HAVE_STRING_H 1
| #define HAVE_MEMORY_H 1
| #define HAVE_STRINGS_H 1
| #define HAVE_INTTYPES_H 1
| #define HAVE_STDINT_H 1
| #define HAVE_UNISTD_H 1
| #define HAVE_DLFCN_H 1
| /* end confdefs.h.  */
| 
| int
| main ()
| {
| #ifndef __GNUC__
|        choke me
| #endif
| 
|   ;
|   return 0;
| }
configure:9961: result: no
configure:9970: checking whether CXX accepts -g
configure:9990: CXX -c -g  conftest.cpp >&5
../dist/configure: line 1841: CXX: command not found
configure:9990: $? = 127
configure: failed program was:
| /* confdefs.h */
| #define PACKAGE_NAME "Berkeley DB"
| #define PACKAGE_TARNAME "db-5.0.26"
| #define PACKAGE_VERSION "5.0.26"
| #define PACKAGE_STRING "Berkeley DB 5.0.26"
| #define PACKAGE_BUGREPORT "Oracle Technology Network Berkeley DB forum"
| #define PACKAGE_URL ""
| #define HAVE_UPGRADE_SUPPORT 1
| #define STDC_HEADERS 1
| #define HAVE_SYS_TYPES_H 1
| #define HAVE_SYS_STAT_H 1
| #define HAVE_STDLIB_H 1
| #define HAVE_STRING_H 1
| #define HAVE_MEMORY_H 1
| #define HAVE_STRINGS_H 1
| #define HAVE_INTTYPES_H 1
| #define HAVE_STDINT_H 1
| #define HAVE_UNISTD_H 1
| #define HAVE_DLFCN_H 1
| /* end confdefs.h.  */
| 
| int
| main ()
| {
| 
|   ;
|   return 0;
| }
configure:10005: CXX -c   conftest.cpp >&5
../dist/configure: line 1841: CXX: command not found
configure:10005: $? = 127
configure: failed program was:
| /* confdefs.h */
| #define PACKAGE_NAME "Berkeley DB"
| #define PACKAGE_TARNAME "db-5.0.26"
| #define PACKAGE_VERSION "5.0.26"
| #define PACKAGE_STRING "Berkeley DB 5.0.26"
| #define PACKAGE_BUGREPORT "Oracle Technology Network Berkeley DB forum"
| #define PACKAGE_URL ""
| #define HAVE_UPGRADE_SUPPORT 1
| #define STDC_HEADERS 1
| #define HAVE_SYS_TYPES_H 1
| #define HAVE_SYS_STAT_H 1
| #define HAVE_STDLIB_H 1
| #define HAVE_STRING_H 1
| #define HAVE_MEMORY_H 1
| #define HAVE_STRINGS_H 1
| #define HAVE_INTTYPES_H 1
| #define HAVE_STDINT_H 1
| #define HAVE_UNISTD_H 1
| #define HAVE_DLFCN_H 1
| /* end confdefs.h.  */
| 
| int
| main ()
| {
| 
|   ;
|   return 0;
| }
configure:10021: CXX -c -g  conftest.cpp >&5
../dist/configure: line 1841: CXX: command not found
configure:10021: $? = 127
configure: failed program was:
| /* confdefs.h */
| #define PACKAGE_NAME "Berkeley DB"
| #define PACKAGE_TARNAME "db-5.0.26"
| #define PACKAGE_VERSION "5.0.26"
| #define PACKAGE_STRING "Berkeley DB 5.0.26"
| #define PACKAGE_BUGREPORT "Oracle Technology Network Berkeley DB forum"
| #define PACKAGE_URL ""
| #define HAVE_UPGRADE_SUPPORT 1
| #define STDC_HEADERS 1
| #define HAVE_SYS_TYPES_H 1
| #define HAVE_SYS_STAT_H 1
| #define HAVE_STDLIB_H 1
| #define HAVE_STRING_H 1
| #define HAVE_MEMORY_H 1
| #define HAVE_STRINGS_H 1
| #define HAVE_INTTYPES_H 1
| #define HAVE_STDINT_H 1
| #define HAVE_UNISTD_H 1
| #define HAVE_DLFCN_H 1
| /* end confdefs.h.  */
| 
| int
| main ()
| {
| 
|   ;
|   return 0;
| }
configure:10031: result: no
configure:10062: checking how to run the C++ preprocessor
configure:10089: CXX -E  conftest.cpp
../dist/configure: line 1878: CXX: command not found
configure:10089: $? = 127
configure: failed program was:
| /* confdefs.h */
| #define PACKAGE_NAME "Berkeley DB"
| #define PACKAGE_TARNAME "db-5.0.26"
| #define PACKAGE_VERSION "5.0.26"
| #define PACKAGE_STRING "Berkeley DB 5.0.26"
| #define PACKAGE_BUGREPORT "Oracle Technology Network Berkeley DB forum"
| #define PACKAGE_URL ""
| #define HAVE_UPGRADE_SUPPORT 1
| #define STDC_HEADERS 1
| #define HAVE_SYS_TYPES_H 1
| #define HAVE_SYS_STAT_H 1
| #define HAVE_STDLIB_H 1
| #define HAVE_STRING_H 1
| #define HAVE_MEMORY_H 1
| #define HAVE_STRINGS_H 1
| #define HAVE_INTTYPES_H 1
| #define HAVE_STDINT_H 1
| #define HAVE_UNISTD_H 1
| #define HAVE_DLFCN_H 1
| /* end confdefs.h.  */
| #ifdef __STDC__
| # include <limits.h>
| #else
| # include <assert.h>
| #endif
| 		     Syntax error
configure:10089: CXX -E  conftest.cpp
../dist/configure: line 1878: CXX: command not found
configure:10089: $? = 127
configure: failed program was:
| /* confdefs.h */
| #define PACKAGE_NAME "Berkeley DB"
| #define PACKAGE_TARNAME "db-5.0.26"
| #define PACKAGE_VERSION "5.0.26"
| #define PACKAGE_STRING "Berkeley DB 5.0.26"
| #define PACKAGE_BUGREPORT "Oracle Technology Network Berkeley DB forum"
| #define PACKAGE_URL ""
| #define HAVE_UPGRADE_SUPPORT 1
| #define STDC_HEADERS 1
| #define HAVE_SYS_TYPES_H 1
| #define HAVE_SYS_STAT_H 1
| #define HAVE_STDLIB_H 1
| #define HAVE_STRING_H 1
| #define HAVE_MEMORY_H 1
| #define HAVE_STRINGS_H 1
| #define HAVE_INTTYPES_H 1
| #define HAVE_STDINT_H 1
| #define HAVE_UNISTD_H 1
| #define HAVE_DLFCN_H 1
| /* end confdefs.h.  */
| #ifdef __STDC__
| # include <limits.h>
| #else
| # include <assert.h>
| #endif
| 		     Syntax error
configure:10089: /lib/cpp  conftest.cpp
../dist/configure: line 1878: /lib/cpp: No such file or directory
configure:10089: $? = 127
configure: failed program was:
| /* confdefs.h */
| #define PACKAGE_NAME "Berkeley DB"
| #define PACKAGE_TARNAME "db-5.0.26"
| #define PACKAGE_VERSION "5.0.26"
| #define PACKAGE_STRING "Berkeley DB 5.0.26"
| #define PACKAGE_BUGREPORT "Oracle Technology Network Berkeley DB forum"
| #define PACKAGE_URL ""
| #define HAVE_UPGRADE_SUPPORT 1
| #define STDC_HEADERS 1
| #define HAVE_SYS_TYPES_H 1
| #define HAVE_SYS_STAT_H 1
| #define HAVE_STDLIB_H 1
| #define HAVE_STRING_H 1
| #define HAVE_MEMORY_H 1
| #define HAVE_STRINGS_H 1
| #define HAVE_INTTYPES_H 1
| #define HAVE_STDINT_H 1
| #define HAVE_UNISTD_H 1
| #define HAVE_DLFCN_H 1
| /* end confdefs.h.  */
| #ifdef __STDC__
| # include <limits.h>
| #else
| # include <assert.h>
| #endif
| 		     Syntax error
configure:10089: /lib/cpp  conftest.cpp
../dist/configure: line 1878: /lib/cpp: No such file or directory
configure:10089: $? = 127
configure: failed program was:
| /* confdefs.h */
| #define PACKAGE_NAME "Berkeley DB"
| #define PACKAGE_TARNAME "db-5.0.26"
| #define PACKAGE_VERSION "5.0.26"
| #define PACKAGE_STRING "Berkeley DB 5.0.26"
| #define PACKAGE_BUGREPORT "Oracle Technology Network Berkeley DB forum"
| #define PACKAGE_URL ""
| #define HAVE_UPGRADE_SUPPORT 1
| #define STDC_HEADERS 1
| #define HAVE_SYS_TYPES_H 1
| #define HAVE_SYS_STAT_H 1
| #define HAVE_STDLIB_H 1
| #define HAVE_STRING_H 1
| #define HAVE_MEMORY_H 1
| #define HAVE_STRINGS_H 1
| #define HAVE_INTTYPES_H 1
| #define HAVE_STDINT_H 1
| #define HAVE_UNISTD_H 1
| #define HAVE_DLFCN_H 1
| /* end confdefs.h.  */
| #ifdef __STDC__
| # include <limits.h>
| #else
| # include <assert.h>
| #endif
| 		     Syntax error
configure:10128: result: /lib/cpp
configure:10148: /lib/cpp  conftest.cpp
../dist/configure: line 1878: /lib/cpp: No such file or directory
configure:10148: $? = 127
configure: failed program was:
| /* confdefs.h */
| #define PACKAGE_NAME "Berkeley DB"
| #define PACKAGE_TARNAME "db-5.0.26"
| #define PACKAGE_VERSION "5.0.26"
| #define PACKAGE_STRING "Berkeley DB 5.0.26"
| #define PACKAGE_BUGREPORT "Oracle Technology Network Berkeley DB forum"
| #define PACKAGE_URL ""
| #define HAVE_UPGRADE_SUPPORT 1
| #define STDC_HEADERS 1
| #define HAVE_SYS_TYPES_H 1
| #define HAVE_SYS_STAT_H 1
| #define HAVE_STDLIB_H 1
| #define HAVE_STRING_H 1
| #define HAVE_MEMORY_H 1
| #define HAVE_STRINGS_H 1
| #define HAVE_INTTYPES_H 1
| #define HAVE_STDINT_H 1
| #define HAVE_UNISTD_H 1
| #define HAVE_DLFCN_H 1
| /* end confdefs.h.  */
| #ifdef __STDC__
| # include <limits.h>
| #else
| # include <assert.h>
| #endif
| 		     Syntax error
configure:10148: /lib/cpp  conftest.cpp
../dist/configure: line 1878: /lib/cpp: No such file or directory
configure:10148: $? = 127
configure: failed program was:
| /* confdefs.h */
| #define PACKAGE_NAME "Berkeley DB"
| #define PACKAGE_TARNAME "db-5.0.26"
| #define PACKAGE_VERSION "5.0.26"
| #define PACKAGE_STRING "Berkeley DB 5.0.26"
| #define PACKAGE_BUGREPORT "Oracle Technology Network Berkeley DB forum"
| #define PACKAGE_URL ""
| #define HAVE_UPGRADE_SUPPORT 1
| #define STDC_HEADERS 1
| #define HAVE_SYS_TYPES_H 1
| #define HAVE_SYS_STAT_H 1
| #define HAVE_STDLIB_H 1
| #define HAVE_STRING_H 1
| #define HAVE_MEMORY_H 1
| #define HAVE_STRINGS_H 1
| #define HAVE_INTTYPES_H 1
| #define HAVE_STDINT_H 1
| #define HAVE_UNISTD_H 1
| #define HAVE_DLFCN_H 1
| /* end confdefs.h.  */
| #ifdef __STDC__
| # include <limits.h>
| #else
| # include <assert.h>
| #endif
| 		     Syntax error
configure:10178: error: in `/Users/adam/src/sandbox/opscode/fatty/scratch/db-5.0.26.NC/build_unix':
configure:10367: checking for objdir
configure:10382: result: .libs
configure:10678: checking if cc supports -fno-rtti -fno-exceptions
configure:10696: cc -c -O3   -fno-rtti -fno-exceptions conftest.c >&5
cc1: warning: command line option "-fno-rtti" is valid for C++/ObjC++ but not for C
configure:10700: $? = 0
configure:10713: result: no
configure:10733: checking for cc option to produce PIC
configure:11005: result: -fno-common -DPIC
configure:11017: checking if cc PIC flag -fno-common -DPIC works
configure:11035: cc -c -O3   -fno-common -DPIC -DPIC conftest.c >&5
configure:11039: $? = 0
configure:11052: result: yes
configure:11076: checking if cc static flag -static works
configure:11104: result: no
configure:11119: checking if cc supports -c -o file.o
configure:11140: cc -c -O3   -o out/conftest2.o conftest.c >&5
configure:11144: $? = 0
configure:11166: result: yes
configure:11174: checking if cc supports -c -o file.o
configure:11221: result: yes
configure:11254: checking whether the cc linker (/usr/libexec/gcc/i686-apple-darwin10/4.2.1/ld) supports shared libraries
configure:12240: result: yes
configure:12479: checking dynamic linker characteristics
configure:13130: result: darwin10.4.0 dyld
configure:13232: checking how to hardcode library paths into programs
configure:13257: result: immediate
configure:13777: checking whether stripping libraries is possible
configure:13791: result: yes
configure:13817: checking if libtool supports shared libraries
configure:13819: result: yes
configure:13822: checking whether to build shared libraries
configure:13843: result: yes
configure:13846: checking whether to build static libraries
configure:13850: result: yes
configure:16722: checking SOSUFFIX from libtool
configure:16744: result: .dylib
configure:16749: checking MODSUFFIX from libtool
configure:16771: result: .so
configure:16776: checking JMODSUFFIX from libtool
configure:16802: result: .jnilib
configure:18329: checking whether stat file-mode macros are broken
configure:18356: cc -c -O3   conftest.c >&5
configure:18356: $? = 0
configure:18363: result: no
configure:18371: checking whether time.h and sys/time.h may both be included
configure:18391: cc -c -O3   conftest.c >&5
configure:18391: $? = 0
configure:18398: result: yes
configure:18409: checking for dirent.h that defines DIR
configure:18428: cc -c -O3   conftest.c >&5
configure:18428: $? = 0
configure:18436: result: yes
configure:18450: checking for library containing opendir
configure:18481: cc -o conftest -O3    conftest.c  >&5
configure:18481: $? = 0
configure:18498: result: none required
configure:18568: checking execinfo.h usability
configure:18568: cc -c -O3   conftest.c >&5
configure:18568: $? = 0
configure:18568: result: yes
configure:18568: checking execinfo.h presence
configure:18568: cc -E  conftest.c
configure:18568: $? = 0
configure:18568: result: yes
configure:18568: checking for execinfo.h
configure:18568: result: yes
configure:18568: checking sys/select.h usability
configure:18568: cc -c -O3   conftest.c >&5
configure:18568: $? = 0
configure:18568: result: yes
configure:18568: checking sys/select.h presence
configure:18568: cc -E  conftest.c
configure:18568: $? = 0
configure:18568: result: yes
configure:18568: checking for sys/select.h
configure:18568: result: yes
configure:18568: checking sys/socket.h usability
configure:18568: cc -c -O3   conftest.c >&5
configure:18568: $? = 0
configure:18568: result: yes
configure:18568: checking sys/socket.h presence
configure:18568: cc -E  conftest.c
configure:18568: $? = 0
configure:18568: result: yes
configure:18568: checking for sys/socket.h
configure:18568: result: yes
configure:18568: checking sys/time.h usability
configure:18568: cc -c -O3   conftest.c >&5
configure:18568: $? = 0
configure:18568: result: yes
configure:18568: checking sys/time.h presence
configure:18568: cc -E  conftest.c
configure:18568: $? = 0
configure:18568: result: yes
configure:18568: checking for sys/time.h
configure:18568: result: yes
configure:18579: checking for struct stat.st_blksize
configure:18579: cc -c -O3   conftest.c >&5
configure:18579: $? = 0
configure:18579: result: yes
configure:18603: checking for inttypes.h
configure:18603: result: yes
configure:18620: checking for stdint.h
configure:18630: cc -c -O3   conftest.c >&5
configure:18630: $? = 0
configure:18631: result: yes
configure:18688: checking stddef.h usability
configure:18688: cc -c -O3   conftest.c >&5
configure:18688: $? = 0
configure:18688: result: yes
configure:18688: checking stddef.h presence
configure:18688: cc -E  conftest.c
configure:18688: $? = 0
configure:18688: result: yes
configure:18688: checking for stddef.h
configure:18688: result: yes
configure:18698: checking for unistd.h
configure:18698: result: yes
configure:18715: checking size of char
configure:18720: cc -o conftest -O3    conftest.c  >&5
configure:18720: $? = 0
configure:18720: ./conftest
configure:18720: $? = 0
configure:18736: result: 1
configure:18750: checking size of unsigned char
configure:18755: cc -o conftest -O3    conftest.c  >&5
configure:18755: $? = 0
configure:18755: ./conftest
configure:18755: $? = 0
configure:18771: result: 1
configure:18785: checking size of short
configure:18790: cc -o conftest -O3    conftest.c  >&5
configure:18790: $? = 0
configure:18790: ./conftest
configure:18790: $? = 0
configure:18806: result: 2
configure:18820: checking size of unsigned short
configure:18825: cc -o conftest -O3    conftest.c  >&5
configure:18825: $? = 0
configure:18825: ./conftest
configure:18825: $? = 0
configure:18841: result: 2
configure:18855: checking size of int
configure:18860: cc -o conftest -O3    conftest.c  >&5
configure:18860: $? = 0
configure:18860: ./conftest
configure:18860: $? = 0
configure:18876: result: 4
configure:18890: checking size of unsigned int
configure:18895: cc -o conftest -O3    conftest.c  >&5
configure:18895: $? = 0
configure:18895: ./conftest
configure:18895: $? = 0
configure:18911: result: 4
configure:18925: checking size of long
configure:18930: cc -o conftest -O3    conftest.c  >&5
configure:18930: $? = 0
configure:18930: ./conftest
configure:18930: $? = 0
configure:18946: result: 8
configure:18960: checking size of unsigned long
configure:18965: cc -o conftest -O3    conftest.c  >&5
configure:18965: $? = 0
configure:18965: ./conftest
configure:18965: $? = 0
configure:18981: result: 8
configure:18995: checking size of long long
configure:19000: cc -o conftest -O3    conftest.c  >&5
configure:19000: $? = 0
configure:19000: ./conftest
configure:19000: $? = 0
configure:19016: result: 8
configure:19030: checking size of unsigned long long
configure:19035: cc -o conftest -O3    conftest.c  >&5
configure:19035: $? = 0
configure:19035: ./conftest
configure:19035: $? = 0
configure:19051: result: 8
configure:19065: checking size of char *
configure:19070: cc -o conftest -O3    conftest.c  >&5
configure:19070: $? = 0
configure:19070: ./conftest
configure:19070: $? = 0
configure:19086: result: 8
configure:19100: checking for u_char
configure:19100: cc -c -O3   conftest.c >&5
configure:19100: $? = 0
configure:19100: cc -c -O3   conftest.c >&5
conftest.c: In function 'main':
conftest.c:51: error: expected expression before ')' token
configure:19100: $? = 1
configure: failed program was:
| /* confdefs.h */
| #define PACKAGE_NAME "Berkeley DB"
| #define PACKAGE_TARNAME "db-5.0.26"
| #define PACKAGE_VERSION "5.0.26"
| #define PACKAGE_STRING "Berkeley DB 5.0.26"
| #define PACKAGE_BUGREPORT "Oracle Technology Network Berkeley DB forum"
| #define PACKAGE_URL ""
| #define HAVE_UPGRADE_SUPPORT 1
| #define STDC_HEADERS 1
| #define HAVE_SYS_TYPES_H 1
| #define HAVE_SYS_STAT_H 1
| #define HAVE_STDLIB_H 1
| #define HAVE_STRING_H 1
| #define HAVE_MEMORY_H 1
| #define HAVE_STRINGS_H 1
| #define HAVE_INTTYPES_H 1
| #define HAVE_STDINT_H 1
| #define HAVE_UNISTD_H 1
| #define HAVE_DLFCN_H 1
| #define LT_OBJDIR ".libs/"
| #define HAVE_SYSTEM_INCLUDE_FILES 1
| #define TIME_WITH_SYS_TIME 1
| #define HAVE_DIRENT_H 1
| #define HAVE_EXECINFO_H 1
| #define HAVE_SYS_SELECT_H 1
| #define HAVE_SYS_SOCKET_H 1
| #define HAVE_SYS_TIME_H 1
| #define HAVE_STRUCT_STAT_ST_BLKSIZE 1
| #define SIZEOF_CHAR 1
| #define SIZEOF_UNSIGNED_CHAR 1
| #define SIZEOF_SHORT 2
| #define SIZEOF_UNSIGNED_SHORT 2
| #define SIZEOF_INT 4
| #define SIZEOF_UNSIGNED_INT 4
| #define SIZEOF_LONG 8
| #define SIZEOF_UNSIGNED_LONG 8
| #define SIZEOF_LONG_LONG 8
| #define SIZEOF_UNSIGNED_LONG_LONG 8
| #define SIZEOF_CHAR_P 8
| /* end confdefs.h.  */
| #include <sys/types.h>
| #include <inttypes.h>
| #include <stdint.h>
| #include <stddef.h>
| #include <unistd.h>
| #include <stdio.h>
| 
| int
| main ()
| {
| if (sizeof ((u_char)))
| 	    return 0;
|   ;
|   return 0;
| }
configure:19100: result: yes
configure:19110: checking for u_short
configure:19110: cc -c -O3   conftest.c >&5
configure:19110: $? = 0
configure:19110: cc -c -O3   conftest.c >&5
conftest.c: In function 'main':
conftest.c:51: error: expected expression before ')' token
configure:19110: $? = 1
configure: failed program was:
| /* confdefs.h */
| #define PACKAGE_NAME "Berkeley DB"
| #define PACKAGE_TARNAME "db-5.0.26"
| #define PACKAGE_VERSION "5.0.26"
| #define PACKAGE_STRING "Berkeley DB 5.0.26"
| #define PACKAGE_BUGREPORT "Oracle Technology Network Berkeley DB forum"
| #define PACKAGE_URL ""
| #define HAVE_UPGRADE_SUPPORT 1
| #define STDC_HEADERS 1
| #define HAVE_SYS_TYPES_H 1
| #define HAVE_SYS_STAT_H 1
| #define HAVE_STDLIB_H 1
| #define HAVE_STRING_H 1
| #define HAVE_MEMORY_H 1
| #define HAVE_STRINGS_H 1
| #define HAVE_INTTYPES_H 1
| #define HAVE_STDINT_H 1
| #define HAVE_UNISTD_H 1
| #define HAVE_DLFCN_H 1
| #define LT_OBJDIR ".libs/"
| #define HAVE_SYSTEM_INCLUDE_FILES 1
| #define TIME_WITH_SYS_TIME 1
| #define HAVE_DIRENT_H 1
| #define HAVE_EXECINFO_H 1
| #define HAVE_SYS_SELECT_H 1
| #define HAVE_SYS_SOCKET_H 1
| #define HAVE_SYS_TIME_H 1
| #define HAVE_STRUCT_STAT_ST_BLKSIZE 1
| #define SIZEOF_CHAR 1
| #define SIZEOF_UNSIGNED_CHAR 1
| #define SIZEOF_SHORT 2
| #define SIZEOF_UNSIGNED_SHORT 2
| #define SIZEOF_INT 4
| #define SIZEOF_UNSIGNED_INT 4
| #define SIZEOF_LONG 8
| #define SIZEOF_UNSIGNED_LONG 8
| #define SIZEOF_LONG_LONG 8
| #define SIZEOF_UNSIGNED_LONG_LONG 8
| #define SIZEOF_CHAR_P 8
| /* end confdefs.h.  */
| #include <sys/types.h>
| #include <inttypes.h>
| #include <stdint.h>
| #include <stddef.h>
| #include <unistd.h>
| #include <stdio.h>
| 
| int
| main ()
| {
| if (sizeof ((u_short)))
| 	    return 0;
|   ;
|   return 0;
| }
configure:19110: result: yes
configure:19120: checking for u_int
configure:19120: cc -c -O3   conftest.c >&5
configure:19120: $? = 0
configure:19120: cc -c -O3   conftest.c >&5
conftest.c: In function 'main':
conftest.c:51: error: expected expression before ')' token
configure:19120: $? = 1
configure: failed program was:
| /* confdefs.h */
| #define PACKAGE_NAME "Berkeley DB"
| #define PACKAGE_TARNAME "db-5.0.26"
| #define PACKAGE_VERSION "5.0.26"
| #define PACKAGE_STRING "Berkeley DB 5.0.26"
| #define PACKAGE_BUGREPORT "Oracle Technology Network Berkeley DB forum"
| #define PACKAGE_URL ""
| #define HAVE_UPGRADE_SUPPORT 1
| #define STDC_HEADERS 1
| #define HAVE_SYS_TYPES_H 1
| #define HAVE_SYS_STAT_H 1
| #define HAVE_STDLIB_H 1
| #define HAVE_STRING_H 1
| #define HAVE_MEMORY_H 1
| #define HAVE_STRINGS_H 1
| #define HAVE_INTTYPES_H 1
| #define HAVE_STDINT_H 1
| #define HAVE_UNISTD_H 1
| #define HAVE_DLFCN_H 1
| #define LT_OBJDIR ".libs/"
| #define HAVE_SYSTEM_INCLUDE_FILES 1
| #define TIME_WITH_SYS_TIME 1
| #define HAVE_DIRENT_H 1
| #define HAVE_EXECINFO_H 1
| #define HAVE_SYS_SELECT_H 1
| #define HAVE_SYS_SOCKET_H 1
| #define HAVE_SYS_TIME_H 1
| #define HAVE_STRUCT_STAT_ST_BLKSIZE 1
| #define SIZEOF_CHAR 1
| #define SIZEOF_UNSIGNED_CHAR 1
| #define SIZEOF_SHORT 2
| #define SIZEOF_UNSIGNED_SHORT 2
| #define SIZEOF_INT 4
| #define SIZEOF_UNSIGNED_INT 4
| #define SIZEOF_LONG 8
| #define SIZEOF_UNSIGNED_LONG 8
| #define SIZEOF_LONG_LONG 8
| #define SIZEOF_UNSIGNED_LONG_LONG 8
| #define SIZEOF_CHAR_P 8
| /* end confdefs.h.  */
| #include <sys/types.h>
| #include <inttypes.h>
| #include <stdint.h>
| #include <stddef.h>
| #include <unistd.h>
| #include <stdio.h>
| 
| int
| main ()
| {
| if (sizeof ((u_int)))
| 	    return 0;
|   ;
|   return 0;
| }
configure:19120: result: yes
configure:19130: checking for u_long
configure:19130: cc -c -O3   conftest.c >&5
configure:19130: $? = 0
configure:19130: cc -c -O3   conftest.c >&5
conftest.c: In function 'main':
conftest.c:51: error: expected expression before ')' token
configure:19130: $? = 1
configure: failed program was:
| /* confdefs.h */
| #define PACKAGE_NAME "Berkeley DB"
| #define PACKAGE_TARNAME "db-5.0.26"
| #define PACKAGE_VERSION "5.0.26"
| #define PACKAGE_STRING "Berkeley DB 5.0.26"
| #define PACKAGE_BUGREPORT "Oracle Technology Network Berkeley DB forum"
| #define PACKAGE_URL ""
| #define HAVE_UPGRADE_SUPPORT 1
| #define STDC_HEADERS 1
| #define HAVE_SYS_TYPES_H 1
| #define HAVE_SYS_STAT_H 1
| #define HAVE_STDLIB_H 1
| #define HAVE_STRING_H 1
| #define HAVE_MEMORY_H 1
| #define HAVE_STRINGS_H 1
| #define HAVE_INTTYPES_H 1
| #define HAVE_STDINT_H 1
| #define HAVE_UNISTD_H 1
| #define HAVE_DLFCN_H 1
| #define LT_OBJDIR ".libs/"
| #define HAVE_SYSTEM_INCLUDE_FILES 1
| #define TIME_WITH_SYS_TIME 1
| #define HAVE_DIRENT_H 1
| #define HAVE_EXECINFO_H 1
| #define HAVE_SYS_SELECT_H 1
| #define HAVE_SYS_SOCKET_H 1
| #define HAVE_SYS_TIME_H 1
| #define HAVE_STRUCT_STAT_ST_BLKSIZE 1
| #define SIZEOF_CHAR 1
| #define SIZEOF_UNSIGNED_CHAR 1
| #define SIZEOF_SHORT 2
| #define SIZEOF_UNSIGNED_SHORT 2
| #define SIZEOF_INT 4
| #define SIZEOF_UNSIGNED_INT 4
| #define SIZEOF_LONG 8
| #define SIZEOF_UNSIGNED_LONG 8
| #define SIZEOF_LONG_LONG 8
| #define SIZEOF_UNSIGNED_LONG_LONG 8
| #define SIZEOF_CHAR_P 8
| /* end confdefs.h.  */
| #include <sys/types.h>
| #include <inttypes.h>
| #include <stdint.h>
| #include <stddef.h>
| #include <unistd.h>
| #include <stdio.h>
| 
| int
| main ()
| {
| if (sizeof ((u_long)))
| 	    return 0;
|   ;
|   return 0;
| }
configure:19130: result: yes
configure:19141: checking for u_int8_t
configure:19141: cc -c -O3   conftest.c >&5
configure:19141: $? = 0
configure:19141: cc -c -O3   conftest.c >&5
conftest.c: In function 'main':
conftest.c:51: error: expected expression before ')' token
configure:19141: $? = 1
configure: failed program was:
| /* confdefs.h */
| #define PACKAGE_NAME "Berkeley DB"
| #define PACKAGE_TARNAME "db-5.0.26"
| #define PACKAGE_VERSION "5.0.26"
| #define PACKAGE_STRING "Berkeley DB 5.0.26"
| #define PACKAGE_BUGREPORT "Oracle Technology Network Berkeley DB forum"
| #define PACKAGE_URL ""
| #define HAVE_UPGRADE_SUPPORT 1
| #define STDC_HEADERS 1
| #define HAVE_SYS_TYPES_H 1
| #define HAVE_SYS_STAT_H 1
| #define HAVE_STDLIB_H 1
| #define HAVE_STRING_H 1
| #define HAVE_MEMORY_H 1
| #define HAVE_STRINGS_H 1
| #define HAVE_INTTYPES_H 1
| #define HAVE_STDINT_H 1
| #define HAVE_UNISTD_H 1
| #define HAVE_DLFCN_H 1
| #define LT_OBJDIR ".libs/"
| #define HAVE_SYSTEM_INCLUDE_FILES 1
| #define TIME_WITH_SYS_TIME 1
| #define HAVE_DIRENT_H 1
| #define HAVE_EXECINFO_H 1
| #define HAVE_SYS_SELECT_H 1
| #define HAVE_SYS_SOCKET_H 1
| #define HAVE_SYS_TIME_H 1
| #define HAVE_STRUCT_STAT_ST_BLKSIZE 1
| #define SIZEOF_CHAR 1
| #define SIZEOF_UNSIGNED_CHAR 1
| #define SIZEOF_SHORT 2
| #define SIZEOF_UNSIGNED_SHORT 2
| #define SIZEOF_INT 4
| #define SIZEOF_UNSIGNED_INT 4
| #define SIZEOF_LONG 8
| #define SIZEOF_UNSIGNED_LONG 8
| #define SIZEOF_LONG_LONG 8
| #define SIZEOF_UNSIGNED_LONG_LONG 8
| #define SIZEOF_CHAR_P 8
| /* end confdefs.h.  */
| #include <sys/types.h>
| #include <inttypes.h>
| #include <stdint.h>
| #include <stddef.h>
| #include <unistd.h>
| #include <stdio.h>
| 
| int
| main ()
| {
| if (sizeof ((u_int8_t)))
| 	    return 0;
|   ;
|   return 0;
| }
configure:19141: result: yes
configure:19167: checking for u_int16_t
configure:19167: cc -c -O3   conftest.c >&5
configure:19167: $? = 0
configure:19167: cc -c -O3   conftest.c >&5
conftest.c: In function 'main':
conftest.c:51: error: expected expression before ')' token
configure:19167: $? = 1
configure: failed program was:
| /* confdefs.h */
| #define PACKAGE_NAME "Berkeley DB"
| #define PACKAGE_TARNAME "db-5.0.26"
| #define PACKAGE_VERSION "5.0.26"
| #define PACKAGE_STRING "Berkeley DB 5.0.26"
| #define PACKAGE_BUGREPORT "Oracle Technology Network Berkeley DB forum"
| #define PACKAGE_URL ""
| #define HAVE_UPGRADE_SUPPORT 1
| #define STDC_HEADERS 1
| #define HAVE_SYS_TYPES_H 1
| #define HAVE_SYS_STAT_H 1
| #define HAVE_STDLIB_H 1
| #define HAVE_STRING_H 1
| #define HAVE_MEMORY_H 1
| #define HAVE_STRINGS_H 1
| #define HAVE_INTTYPES_H 1
| #define HAVE_STDINT_H 1
| #define HAVE_UNISTD_H 1
| #define HAVE_DLFCN_H 1
| #define LT_OBJDIR ".libs/"
| #define HAVE_SYSTEM_INCLUDE_FILES 1
| #define TIME_WITH_SYS_TIME 1
| #define HAVE_DIRENT_H 1
| #define HAVE_EXECINFO_H 1
| #define HAVE_SYS_SELECT_H 1
| #define HAVE_SYS_SOCKET_H 1
| #define HAVE_SYS_TIME_H 1
| #define HAVE_STRUCT_STAT_ST_BLKSIZE 1
| #define SIZEOF_CHAR 1
| #define SIZEOF_UNSIGNED_CHAR 1
| #define SIZEOF_SHORT 2
| #define SIZEOF_UNSIGNED_SHORT 2
| #define SIZEOF_INT 4
| #define SIZEOF_UNSIGNED_INT 4
| #define SIZEOF_LONG 8
| #define SIZEOF_UNSIGNED_LONG 8
| #define SIZEOF_LONG_LONG 8
| #define SIZEOF_UNSIGNED_LONG_LONG 8
| #define SIZEOF_CHAR_P 8
| /* end confdefs.h.  */
| #include <sys/types.h>
| #include <inttypes.h>
| #include <stdint.h>
| #include <stddef.h>
| #include <unistd.h>
| #include <stdio.h>
| 
| int
| main ()
| {
| if (sizeof ((u_int16_t)))
| 	    return 0;
|   ;
|   return 0;
| }
configure:19167: result: yes
configure:19193: checking for int16_t
configure:19193: cc -c -O3   conftest.c >&5
configure:19193: $? = 0
configure:19193: cc -c -O3   conftest.c >&5
conftest.c: In function 'main':
conftest.c:51: error: expected expression before ')' token
configure:19193: $? = 1
configure: failed program was:
| /* confdefs.h */
| #define PACKAGE_NAME "Berkeley DB"
| #define PACKAGE_TARNAME "db-5.0.26"
| #define PACKAGE_VERSION "5.0.26"
| #define PACKAGE_STRING "Berkeley DB 5.0.26"
| #define PACKAGE_BUGREPORT "Oracle Technology Network Berkeley DB forum"
| #define PACKAGE_URL ""
| #define HAVE_UPGRADE_SUPPORT 1
| #define STDC_HEADERS 1
| #define HAVE_SYS_TYPES_H 1
| #define HAVE_SYS_STAT_H 1
| #define HAVE_STDLIB_H 1
| #define HAVE_STRING_H 1
| #define HAVE_MEMORY_H 1
| #define HAVE_STRINGS_H 1
| #define HAVE_INTTYPES_H 1
| #define HAVE_STDINT_H 1
| #define HAVE_UNISTD_H 1
| #define HAVE_DLFCN_H 1
| #define LT_OBJDIR ".libs/"
| #define HAVE_SYSTEM_INCLUDE_FILES 1
| #define TIME_WITH_SYS_TIME 1
| #define HAVE_DIRENT_H 1
| #define HAVE_EXECINFO_H 1
| #define HAVE_SYS_SELECT_H 1
| #define HAVE_SYS_SOCKET_H 1
| #define HAVE_SYS_TIME_H 1
| #define HAVE_STRUCT_STAT_ST_BLKSIZE 1
| #define SIZEOF_CHAR 1
| #define SIZEOF_UNSIGNED_CHAR 1
| #define SIZEOF_SHORT 2
| #define SIZEOF_UNSIGNED_SHORT 2
| #define SIZEOF_INT 4
| #define SIZEOF_UNSIGNED_INT 4
| #define SIZEOF_LONG 8
| #define SIZEOF_UNSIGNED_LONG 8
| #define SIZEOF_LONG_LONG 8
| #define SIZEOF_UNSIGNED_LONG_LONG 8
| #define SIZEOF_CHAR_P 8
| /* end confdefs.h.  */
| #include <sys/types.h>
| #include <inttypes.h>
| #include <stdint.h>
| #include <stddef.h>
| #include <unistd.h>
| #include <stdio.h>
| 
| int
| main ()
| {
| if (sizeof ((int16_t)))
| 	    return 0;
|   ;
|   return 0;
| }
configure:19193: result: yes
configure:19219: checking for u_int32_t
configure:19219: cc -c -O3   conftest.c >&5
configure:19219: $? = 0
configure:19219: cc -c -O3   conftest.c >&5
conftest.c: In function 'main':
conftest.c:51: error: expected expression before ')' token
configure:19219: $? = 1
configure: failed program was:
| /* confdefs.h */
| #define PACKAGE_NAME "Berkeley DB"
| #define PACKAGE_TARNAME "db-5.0.26"
| #define PACKAGE_VERSION "5.0.26"
| #define PACKAGE_STRING "Berkeley DB 5.0.26"
| #define PACKAGE_BUGREPORT "Oracle Technology Network Berkeley DB forum"
| #define PACKAGE_URL ""
| #define HAVE_UPGRADE_SUPPORT 1
| #define STDC_HEADERS 1
| #define HAVE_SYS_TYPES_H 1
| #define HAVE_SYS_STAT_H 1
| #define HAVE_STDLIB_H 1
| #define HAVE_STRING_H 1
| #define HAVE_MEMORY_H 1
| #define HAVE_STRINGS_H 1
| #define HAVE_INTTYPES_H 1
| #define HAVE_STDINT_H 1
| #define HAVE_UNISTD_H 1
| #define HAVE_DLFCN_H 1
| #define LT_OBJDIR ".libs/"
| #define HAVE_SYSTEM_INCLUDE_FILES 1
| #define TIME_WITH_SYS_TIME 1
| #define HAVE_DIRENT_H 1
| #define HAVE_EXECINFO_H 1
| #define HAVE_SYS_SELECT_H 1
| #define HAVE_SYS_SOCKET_H 1
| #define HAVE_SYS_TIME_H 1
| #define HAVE_STRUCT_STAT_ST_BLKSIZE 1
| #define SIZEOF_CHAR 1
| #define SIZEOF_UNSIGNED_CHAR 1
| #define SIZEOF_SHORT 2
| #define SIZEOF_UNSIGNED_SHORT 2
| #define SIZEOF_INT 4
| #define SIZEOF_UNSIGNED_INT 4
| #define SIZEOF_LONG 8
| #define SIZEOF_UNSIGNED_LONG 8
| #define SIZEOF_LONG_LONG 8
| #define SIZEOF_UNSIGNED_LONG_LONG 8
| #define SIZEOF_CHAR_P 8
| /* end confdefs.h.  */
| #include <sys/types.h>
| #include <inttypes.h>
| #include <stdint.h>
| #include <stddef.h>
| #include <unistd.h>
| #include <stdio.h>
| 
| int
| main ()
| {
| if (sizeof ((u_int32_t)))
| 	    return 0;
|   ;
|   return 0;
| }
configure:19219: result: yes
configure:19245: checking for int32_t
configure:19245: cc -c -O3   conftest.c >&5
configure:19245: $? = 0
configure:19245: cc -c -O3   conftest.c >&5
conftest.c: In function 'main':
conftest.c:51: error: expected expression before ')' token
configure:19245: $? = 1
configure: failed program was:
| /* confdefs.h */
| #define PACKAGE_NAME "Berkeley DB"
| #define PACKAGE_TARNAME "db-5.0.26"
| #define PACKAGE_VERSION "5.0.26"
| #define PACKAGE_STRING "Berkeley DB 5.0.26"
| #define PACKAGE_BUGREPORT "Oracle Technology Network Berkeley DB forum"
| #define PACKAGE_URL ""
| #define HAVE_UPGRADE_SUPPORT 1
| #define STDC_HEADERS 1
| #define HAVE_SYS_TYPES_H 1
| #define HAVE_SYS_STAT_H 1
| #define HAVE_STDLIB_H 1
| #define HAVE_STRING_H 1
| #define HAVE_MEMORY_H 1
| #define HAVE_STRINGS_H 1
| #define HAVE_INTTYPES_H 1
| #define HAVE_STDINT_H 1
| #define HAVE_UNISTD_H 1
| #define HAVE_DLFCN_H 1
| #define LT_OBJDIR ".libs/"
| #define HAVE_SYSTEM_INCLUDE_FILES 1
| #define TIME_WITH_SYS_TIME 1
| #define HAVE_DIRENT_H 1
| #define HAVE_EXECINFO_H 1
| #define HAVE_SYS_SELECT_H 1
| #define HAVE_SYS_SOCKET_H 1
| #define HAVE_SYS_TIME_H 1
| #define HAVE_STRUCT_STAT_ST_BLKSIZE 1
| #define SIZEOF_CHAR 1
| #define SIZEOF_UNSIGNED_CHAR 1
| #define SIZEOF_SHORT 2
| #define SIZEOF_UNSIGNED_SHORT 2
| #define SIZEOF_INT 4
| #define SIZEOF_UNSIGNED_INT 4
| #define SIZEOF_LONG 8
| #define SIZEOF_UNSIGNED_LONG 8
| #define SIZEOF_LONG_LONG 8
| #define SIZEOF_UNSIGNED_LONG_LONG 8
| #define SIZEOF_CHAR_P 8
| /* end confdefs.h.  */
| #include <sys/types.h>
| #include <inttypes.h>
| #include <stdint.h>
| #include <stddef.h>
| #include <unistd.h>
| #include <stdio.h>
| 
| int
| main ()
| {
| if (sizeof ((int32_t)))
| 	    return 0;
|   ;
|   return 0;
| }
configure:19245: result: yes
configure:19271: checking for u_int64_t
configure:19271: cc -c -O3   conftest.c >&5
configure:19271: $? = 0
configure:19271: cc -c -O3   conftest.c >&5
conftest.c: In function 'main':
conftest.c:51: error: expected expression before ')' token
configure:19271: $? = 1
configure: failed program was:
| /* confdefs.h */
| #define PACKAGE_NAME "Berkeley DB"
| #define PACKAGE_TARNAME "db-5.0.26"
| #define PACKAGE_VERSION "5.0.26"
| #define PACKAGE_STRING "Berkeley DB 5.0.26"
| #define PACKAGE_BUGREPORT "Oracle Technology Network Berkeley DB forum"
| #define PACKAGE_URL ""
| #define HAVE_UPGRADE_SUPPORT 1
| #define STDC_HEADERS 1
| #define HAVE_SYS_TYPES_H 1
| #define HAVE_SYS_STAT_H 1
| #define HAVE_STDLIB_H 1
| #define HAVE_STRING_H 1
| #define HAVE_MEMORY_H 1
| #define HAVE_STRINGS_H 1
| #define HAVE_INTTYPES_H 1
| #define HAVE_STDINT_H 1
| #define HAVE_UNISTD_H 1
| #define HAVE_DLFCN_H 1
| #define LT_OBJDIR ".libs/"
| #define HAVE_SYSTEM_INCLUDE_FILES 1
| #define TIME_WITH_SYS_TIME 1
| #define HAVE_DIRENT_H 1
| #define HAVE_EXECINFO_H 1
| #define HAVE_SYS_SELECT_H 1
| #define HAVE_SYS_SOCKET_H 1
| #define HAVE_SYS_TIME_H 1
| #define HAVE_STRUCT_STAT_ST_BLKSIZE 1
| #define SIZEOF_CHAR 1
| #define SIZEOF_UNSIGNED_CHAR 1
| #define SIZEOF_SHORT 2
| #define SIZEOF_UNSIGNED_SHORT 2
| #define SIZEOF_INT 4
| #define SIZEOF_UNSIGNED_INT 4
| #define SIZEOF_LONG 8
| #define SIZEOF_UNSIGNED_LONG 8
| #define SIZEOF_LONG_LONG 8
| #define SIZEOF_UNSIGNED_LONG_LONG 8
| #define SIZEOF_CHAR_P 8
| /* end confdefs.h.  */
| #include <sys/types.h>
| #include <inttypes.h>
| #include <stdint.h>
| #include <stddef.h>
| #include <unistd.h>
| #include <stdio.h>
| 
| int
| main ()
| {
| if (sizeof ((u_int64_t)))
| 	    return 0;
|   ;
|   return 0;
| }
configure:19271: result: yes
configure:19297: checking for int64_t
configure:19297: cc -c -O3   conftest.c >&5
configure:19297: $? = 0
configure:19297: cc -c -O3   conftest.c >&5
conftest.c: In function 'main':
conftest.c:51: error: expected expression before ')' token
configure:19297: $? = 1
configure: failed program was:
| /* confdefs.h */
| #define PACKAGE_NAME "Berkeley DB"
| #define PACKAGE_TARNAME "db-5.0.26"
| #define PACKAGE_VERSION "5.0.26"
| #define PACKAGE_STRING "Berkeley DB 5.0.26"
| #define PACKAGE_BUGREPORT "Oracle Technology Network Berkeley DB forum"
| #define PACKAGE_URL ""
| #define HAVE_UPGRADE_SUPPORT 1
| #define STDC_HEADERS 1
| #define HAVE_SYS_TYPES_H 1
| #define HAVE_SYS_STAT_H 1
| #define HAVE_STDLIB_H 1
| #define HAVE_STRING_H 1
| #define HAVE_MEMORY_H 1
| #define HAVE_STRINGS_H 1
| #define HAVE_INTTYPES_H 1
| #define HAVE_STDINT_H 1
| #define HAVE_UNISTD_H 1
| #define HAVE_DLFCN_H 1
| #define LT_OBJDIR ".libs/"
| #define HAVE_SYSTEM_INCLUDE_FILES 1
| #define TIME_WITH_SYS_TIME 1
| #define HAVE_DIRENT_H 1
| #define HAVE_EXECINFO_H 1
| #define HAVE_SYS_SELECT_H 1
| #define HAVE_SYS_SOCKET_H 1
| #define HAVE_SYS_TIME_H 1
| #define HAVE_STRUCT_STAT_ST_BLKSIZE 1
| #define SIZEOF_CHAR 1
| #define SIZEOF_UNSIGNED_CHAR 1
| #define SIZEOF_SHORT 2
| #define SIZEOF_UNSIGNED_SHORT 2
| #define SIZEOF_INT 4
| #define SIZEOF_UNSIGNED_INT 4
| #define SIZEOF_LONG 8
| #define SIZEOF_UNSIGNED_LONG 8
| #define SIZEOF_LONG_LONG 8
| #define SIZEOF_UNSIGNED_LONG_LONG 8
| #define SIZEOF_CHAR_P 8
| /* end confdefs.h.  */
| #include <sys/types.h>
| #include <inttypes.h>
| #include <stdint.h>
| #include <stddef.h>
| #include <unistd.h>
| #include <stdio.h>
| 
| int
| main ()
| {
| if (sizeof ((int64_t)))
| 	    return 0;
|   ;
|   return 0;
| }
configure:19297: result: yes
configure:19326: checking for FILE *
configure:19326: cc -c -O3   conftest.c >&5
configure:19326: $? = 0
configure:19326: cc -c -O3   conftest.c >&5
conftest.c: In function 'main':
conftest.c:51: error: expected expression before ')' token
configure:19326: $? = 1
configure: failed program was:
| /* confdefs.h */
| #define PACKAGE_NAME "Berkeley DB"
| #define PACKAGE_TARNAME "db-5.0.26"
| #define PACKAGE_VERSION "5.0.26"
| #define PACKAGE_STRING "Berkeley DB 5.0.26"
| #define PACKAGE_BUGREPORT "Oracle Technology Network Berkeley DB forum"
| #define PACKAGE_URL ""
| #define HAVE_UPGRADE_SUPPORT 1
| #define STDC_HEADERS 1
| #define HAVE_SYS_TYPES_H 1
| #define HAVE_SYS_STAT_H 1
| #define HAVE_STDLIB_H 1
| #define HAVE_STRING_H 1
| #define HAVE_MEMORY_H 1
| #define HAVE_STRINGS_H 1
| #define HAVE_INTTYPES_H 1
| #define HAVE_STDINT_H 1
| #define HAVE_UNISTD_H 1
| #define HAVE_DLFCN_H 1
| #define LT_OBJDIR ".libs/"
| #define HAVE_SYSTEM_INCLUDE_FILES 1
| #define TIME_WITH_SYS_TIME 1
| #define HAVE_DIRENT_H 1
| #define HAVE_EXECINFO_H 1
| #define HAVE_SYS_SELECT_H 1
| #define HAVE_SYS_SOCKET_H 1
| #define HAVE_SYS_TIME_H 1
| #define HAVE_STRUCT_STAT_ST_BLKSIZE 1
| #define SIZEOF_CHAR 1
| #define SIZEOF_UNSIGNED_CHAR 1
| #define SIZEOF_SHORT 2
| #define SIZEOF_UNSIGNED_SHORT 2
| #define SIZEOF_INT 4
| #define SIZEOF_UNSIGNED_INT 4
| #define SIZEOF_LONG 8
| #define SIZEOF_UNSIGNED_LONG 8
| #define SIZEOF_LONG_LONG 8
| #define SIZEOF_UNSIGNED_LONG_LONG 8
| #define SIZEOF_CHAR_P 8
| /* end confdefs.h.  */
| #include <sys/types.h>
| #include <inttypes.h>
| #include <stdint.h>
| #include <stddef.h>
| #include <unistd.h>
| #include <stdio.h>
| 
| int
| main ()
| {
| if (sizeof ((FILE *)))
| 	    return 0;
|   ;
|   return 0;
| }
configure:19326: result: yes
configure:19335: checking for off_t
configure:19335: cc -c -O3   conftest.c >&5
configure:19335: $? = 0
configure:19335: cc -c -O3   conftest.c >&5
conftest.c: In function 'main':
conftest.c:51: error: expected expression before ')' token
configure:19335: $? = 1
configure: failed program was:
| /* confdefs.h */
| #define PACKAGE_NAME "Berkeley DB"
| #define PACKAGE_TARNAME "db-5.0.26"
| #define PACKAGE_VERSION "5.0.26"
| #define PACKAGE_STRING "Berkeley DB 5.0.26"
| #define PACKAGE_BUGREPORT "Oracle Technology Network Berkeley DB forum"
| #define PACKAGE_URL ""
| #define HAVE_UPGRADE_SUPPORT 1
| #define STDC_HEADERS 1
| #define HAVE_SYS_TYPES_H 1
| #define HAVE_SYS_STAT_H 1
| #define HAVE_STDLIB_H 1
| #define HAVE_STRING_H 1
| #define HAVE_MEMORY_H 1
| #define HAVE_STRINGS_H 1
| #define HAVE_INTTYPES_H 1
| #define HAVE_STDINT_H 1
| #define HAVE_UNISTD_H 1
| #define HAVE_DLFCN_H 1
| #define LT_OBJDIR ".libs/"
| #define HAVE_SYSTEM_INCLUDE_FILES 1
| #define TIME_WITH_SYS_TIME 1
| #define HAVE_DIRENT_H 1
| #define HAVE_EXECINFO_H 1
| #define HAVE_SYS_SELECT_H 1
| #define HAVE_SYS_SOCKET_H 1
| #define HAVE_SYS_TIME_H 1
| #define HAVE_STRUCT_STAT_ST_BLKSIZE 1
| #define SIZEOF_CHAR 1
| #define SIZEOF_UNSIGNED_CHAR 1
| #define SIZEOF_SHORT 2
| #define SIZEOF_UNSIGNED_SHORT 2
| #define SIZEOF_INT 4
| #define SIZEOF_UNSIGNED_INT 4
| #define SIZEOF_LONG 8
| #define SIZEOF_UNSIGNED_LONG 8
| #define SIZEOF_LONG_LONG 8
| #define SIZEOF_UNSIGNED_LONG_LONG 8
| #define SIZEOF_CHAR_P 8
| /* end confdefs.h.  */
| #include <sys/types.h>
| #include <inttypes.h>
| #include <stdint.h>
| #include <stddef.h>
| #include <unistd.h>
| #include <stdio.h>
| 
| int
| main ()
| {
| if (sizeof ((off_t)))
| 	    return 0;
|   ;
|   return 0;
| }
configure:19335: result: yes
configure:19344: checking for pid_t
configure:19344: cc -c -O3   conftest.c >&5
configure:19344: $? = 0
configure:19344: cc -c -O3   conftest.c >&5
conftest.c: In function 'main':
conftest.c:51: error: expected expression before ')' token
configure:19344: $? = 1
configure: failed program was:
| /* confdefs.h */
| #define PACKAGE_NAME "Berkeley DB"
| #define PACKAGE_TARNAME "db-5.0.26"
| #define PACKAGE_VERSION "5.0.26"
| #define PACKAGE_STRING "Berkeley DB 5.0.26"
| #define PACKAGE_BUGREPORT "Oracle Technology Network Berkeley DB forum"
| #define PACKAGE_URL ""
| #define HAVE_UPGRADE_SUPPORT 1
| #define STDC_HEADERS 1
| #define HAVE_SYS_TYPES_H 1
| #define HAVE_SYS_STAT_H 1
| #define HAVE_STDLIB_H 1
| #define HAVE_STRING_H 1
| #define HAVE_MEMORY_H 1
| #define HAVE_STRINGS_H 1
| #define HAVE_INTTYPES_H 1
| #define HAVE_STDINT_H 1
| #define HAVE_UNISTD_H 1
| #define HAVE_DLFCN_H 1
| #define LT_OBJDIR ".libs/"
| #define HAVE_SYSTEM_INCLUDE_FILES 1
| #define TIME_WITH_SYS_TIME 1
| #define HAVE_DIRENT_H 1
| #define HAVE_EXECINFO_H 1
| #define HAVE_SYS_SELECT_H 1
| #define HAVE_SYS_SOCKET_H 1
| #define HAVE_SYS_TIME_H 1
| #define HAVE_STRUCT_STAT_ST_BLKSIZE 1
| #define SIZEOF_CHAR 1
| #define SIZEOF_UNSIGNED_CHAR 1
| #define SIZEOF_SHORT 2
| #define SIZEOF_UNSIGNED_SHORT 2
| #define SIZEOF_INT 4
| #define SIZEOF_UNSIGNED_INT 4
| #define SIZEOF_LONG 8
| #define SIZEOF_UNSIGNED_LONG 8
| #define SIZEOF_LONG_LONG 8
| #define SIZEOF_UNSIGNED_LONG_LONG 8
| #define SIZEOF_CHAR_P 8
| /* end confdefs.h.  */
| #include <sys/types.h>
| #include <inttypes.h>
| #include <stdint.h>
| #include <stddef.h>
| #include <unistd.h>
| #include <stdio.h>
| 
| int
| main ()
| {
| if (sizeof ((pid_t)))
| 	    return 0;
|   ;
|   return 0;
| }
configure:19344: result: yes
configure:19353: checking for size_t
configure:19353: cc -c -O3   conftest.c >&5
configure:19353: $? = 0
configure:19353: cc -c -O3   conftest.c >&5
conftest.c: In function 'main':
conftest.c:51: error: expected expression before ')' token
configure:19353: $? = 1
configure: failed program was:
| /* confdefs.h */
| #define PACKAGE_NAME "Berkeley DB"
| #define PACKAGE_TARNAME "db-5.0.26"
| #define PACKAGE_VERSION "5.0.26"
| #define PACKAGE_STRING "Berkeley DB 5.0.26"
| #define PACKAGE_BUGREPORT "Oracle Technology Network Berkeley DB forum"
| #define PACKAGE_URL ""
| #define HAVE_UPGRADE_SUPPORT 1
| #define STDC_HEADERS 1
| #define HAVE_SYS_TYPES_H 1
| #define HAVE_SYS_STAT_H 1
| #define HAVE_STDLIB_H 1
| #define HAVE_STRING_H 1
| #define HAVE_MEMORY_H 1
| #define HAVE_STRINGS_H 1
| #define HAVE_INTTYPES_H 1
| #define HAVE_STDINT_H 1
| #define HAVE_UNISTD_H 1
| #define HAVE_DLFCN_H 1
| #define LT_OBJDIR ".libs/"
| #define HAVE_SYSTEM_INCLUDE_FILES 1
| #define TIME_WITH_SYS_TIME 1
| #define HAVE_DIRENT_H 1
| #define HAVE_EXECINFO_H 1
| #define HAVE_SYS_SELECT_H 1
| #define HAVE_SYS_SOCKET_H 1
| #define HAVE_SYS_TIME_H 1
| #define HAVE_STRUCT_STAT_ST_BLKSIZE 1
| #define SIZEOF_CHAR 1
| #define SIZEOF_UNSIGNED_CHAR 1
| #define SIZEOF_SHORT 2
| #define SIZEOF_UNSIGNED_SHORT 2
| #define SIZEOF_INT 4
| #define SIZEOF_UNSIGNED_INT 4
| #define SIZEOF_LONG 8
| #define SIZEOF_UNSIGNED_LONG 8
| #define SIZEOF_LONG_LONG 8
| #define SIZEOF_UNSIGNED_LONG_LONG 8
| #define SIZEOF_CHAR_P 8
| /* end confdefs.h.  */
| #include <sys/types.h>
| #include <inttypes.h>
| #include <stdint.h>
| #include <stddef.h>
| #include <unistd.h>
| #include <stdio.h>
| 
| int
| main ()
| {
| if (sizeof ((size_t)))
| 	    return 0;
|   ;
|   return 0;
| }
configure:19353: result: yes
configure:19362: checking for time_t
configure:19362: cc -c -O3   conftest.c >&5
configure:19362: $? = 0
configure:19362: cc -c -O3   conftest.c >&5
conftest.c: In function 'main':
conftest.c:51: error: expected expression before ')' token
configure:19362: $? = 1
configure: failed program was:
| /* confdefs.h */
| #define PACKAGE_NAME "Berkeley DB"
| #define PACKAGE_TARNAME "db-5.0.26"
| #define PACKAGE_VERSION "5.0.26"
| #define PACKAGE_STRING "Berkeley DB 5.0.26"
| #define PACKAGE_BUGREPORT "Oracle Technology Network Berkeley DB forum"
| #define PACKAGE_URL ""
| #define HAVE_UPGRADE_SUPPORT 1
| #define STDC_HEADERS 1
| #define HAVE_SYS_TYPES_H 1
| #define HAVE_SYS_STAT_H 1
| #define HAVE_STDLIB_H 1
| #define HAVE_STRING_H 1
| #define HAVE_MEMORY_H 1
| #define HAVE_STRINGS_H 1
| #define HAVE_INTTYPES_H 1
| #define HAVE_STDINT_H 1
| #define HAVE_UNISTD_H 1
| #define HAVE_DLFCN_H 1
| #define LT_OBJDIR ".libs/"
| #define HAVE_SYSTEM_INCLUDE_FILES 1
| #define TIME_WITH_SYS_TIME 1
| #define HAVE_DIRENT_H 1
| #define HAVE_EXECINFO_H 1
| #define HAVE_SYS_SELECT_H 1
| #define HAVE_SYS_SOCKET_H 1
| #define HAVE_SYS_TIME_H 1
| #define HAVE_STRUCT_STAT_ST_BLKSIZE 1
| #define SIZEOF_CHAR 1
| #define SIZEOF_UNSIGNED_CHAR 1
| #define SIZEOF_SHORT 2
| #define SIZEOF_UNSIGNED_SHORT 2
| #define SIZEOF_INT 4
| #define SIZEOF_UNSIGNED_INT 4
| #define SIZEOF_LONG 8
| #define SIZEOF_UNSIGNED_LONG 8
| #define SIZEOF_LONG_LONG 8
| #define SIZEOF_UNSIGNED_LONG_LONG 8
| #define SIZEOF_CHAR_P 8
| /* end confdefs.h.  */
| #include <sys/types.h>
| #include <inttypes.h>
| #include <stdint.h>
| #include <stddef.h>
| #include <unistd.h>
| #include <stdio.h>
| 
| int
| main ()
| {
| if (sizeof ((time_t)))
| 	    return 0;
|   ;
|   return 0;
| }
configure:19362: result: yes
configure:19377: checking size of size_t
configure:19382: cc -o conftest -O3    conftest.c  >&5
configure:19382: $? = 0
configure:19382: ./conftest
configure:19382: $? = 0
configure:19398: result: 8
configure:19409: checking for ssize_t
configure:19409: cc -c -O3   conftest.c >&5
configure:19409: $? = 0
configure:19409: cc -c -O3   conftest.c >&5
conftest.c: In function 'main':
conftest.c:52: error: expected expression before ')' token
configure:19409: $? = 1
configure: failed program was:
| /* confdefs.h */
| #define PACKAGE_NAME "Berkeley DB"
| #define PACKAGE_TARNAME "db-5.0.26"
| #define PACKAGE_VERSION "5.0.26"
| #define PACKAGE_STRING "Berkeley DB 5.0.26"
| #define PACKAGE_BUGREPORT "Oracle Technology Network Berkeley DB forum"
| #define PACKAGE_URL ""
| #define HAVE_UPGRADE_SUPPORT 1
| #define STDC_HEADERS 1
| #define HAVE_SYS_TYPES_H 1
| #define HAVE_SYS_STAT_H 1
| #define HAVE_STDLIB_H 1
| #define HAVE_STRING_H 1
| #define HAVE_MEMORY_H 1
| #define HAVE_STRINGS_H 1
| #define HAVE_INTTYPES_H 1
| #define HAVE_STDINT_H 1
| #define HAVE_UNISTD_H 1
| #define HAVE_DLFCN_H 1
| #define LT_OBJDIR ".libs/"
| #define HAVE_SYSTEM_INCLUDE_FILES 1
| #define TIME_WITH_SYS_TIME 1
| #define HAVE_DIRENT_H 1
| #define HAVE_EXECINFO_H 1
| #define HAVE_SYS_SELECT_H 1
| #define HAVE_SYS_SOCKET_H 1
| #define HAVE_SYS_TIME_H 1
| #define HAVE_STRUCT_STAT_ST_BLKSIZE 1
| #define SIZEOF_CHAR 1
| #define SIZEOF_UNSIGNED_CHAR 1
| #define SIZEOF_SHORT 2
| #define SIZEOF_UNSIGNED_SHORT 2
| #define SIZEOF_INT 4
| #define SIZEOF_UNSIGNED_INT 4
| #define SIZEOF_LONG 8
| #define SIZEOF_UNSIGNED_LONG 8
| #define SIZEOF_LONG_LONG 8
| #define SIZEOF_UNSIGNED_LONG_LONG 8
| #define SIZEOF_CHAR_P 8
| #define SIZEOF_SIZE_T 8
| /* end confdefs.h.  */
| #include <sys/types.h>
| #include <inttypes.h>
| #include <stdint.h>
| #include <stddef.h>
| #include <unistd.h>
| #include <stdio.h>
| 
| int
| main ()
| {
| if (sizeof ((ssize_t)))
| 	    return 0;
|   ;
|   return 0;
| }
configure:19409: result: yes
configure:19437: checking for uintmax_t
configure:19437: cc -c -O3   conftest.c >&5
configure:19437: $? = 0
configure:19437: cc -c -O3   conftest.c >&5
conftest.c: In function 'main':
conftest.c:78: error: expected expression before ')' token
configure:19437: $? = 1
configure: failed program was:
| /* confdefs.h */
| #define PACKAGE_NAME "Berkeley DB"
| #define PACKAGE_TARNAME "db-5.0.26"
| #define PACKAGE_VERSION "5.0.26"
| #define PACKAGE_STRING "Berkeley DB 5.0.26"
| #define PACKAGE_BUGREPORT "Oracle Technology Network Berkeley DB forum"
| #define PACKAGE_URL ""
| #define HAVE_UPGRADE_SUPPORT 1
| #define STDC_HEADERS 1
| #define HAVE_SYS_TYPES_H 1
| #define HAVE_SYS_STAT_H 1
| #define HAVE_STDLIB_H 1
| #define HAVE_STRING_H 1
| #define HAVE_MEMORY_H 1
| #define HAVE_STRINGS_H 1
| #define HAVE_INTTYPES_H 1
| #define HAVE_STDINT_H 1
| #define HAVE_UNISTD_H 1
| #define HAVE_DLFCN_H 1
| #define LT_OBJDIR ".libs/"
| #define HAVE_SYSTEM_INCLUDE_FILES 1
| #define TIME_WITH_SYS_TIME 1
| #define HAVE_DIRENT_H 1
| #define HAVE_EXECINFO_H 1
| #define HAVE_SYS_SELECT_H 1
| #define HAVE_SYS_SOCKET_H 1
| #define HAVE_SYS_TIME_H 1
| #define HAVE_STRUCT_STAT_ST_BLKSIZE 1
| #define SIZEOF_CHAR 1
| #define SIZEOF_UNSIGNED_CHAR 1
| #define SIZEOF_SHORT 2
| #define SIZEOF_UNSIGNED_SHORT 2
| #define SIZEOF_INT 4
| #define SIZEOF_UNSIGNED_INT 4
| #define SIZEOF_LONG 8
| #define SIZEOF_UNSIGNED_LONG 8
| #define SIZEOF_LONG_LONG 8
| #define SIZEOF_UNSIGNED_LONG_LONG 8
| #define SIZEOF_CHAR_P 8
| #define SIZEOF_SIZE_T 8
| /* end confdefs.h.  */
| #include <stdio.h>
| #ifdef HAVE_SYS_TYPES_H
| # include <sys/types.h>
| #endif
| #ifdef HAVE_SYS_STAT_H
| # include <sys/stat.h>
| #endif
| #ifdef STDC_HEADERS
| # include <stdlib.h>
| # include <stddef.h>
| #else
| # ifdef HAVE_STDLIB_H
| #  include <stdlib.h>
| # endif
| #endif
| #ifdef HAVE_STRING_H
| # if !defined STDC_HEADERS && defined HAVE_MEMORY_H
| #  include <memory.h>
| # endif
| # include <string.h>
| #endif
| #ifdef HAVE_STRINGS_H
| # include <strings.h>
| #endif
| #ifdef HAVE_INTTYPES_H
| # include <inttypes.h>
| #endif
| #ifdef HAVE_STDINT_H
| # include <stdint.h>
| #endif
| #ifdef HAVE_UNISTD_H
| # include <unistd.h>
| #endif
| int
| main ()
| {
| if (sizeof ((uintmax_t)))
| 	    return 0;
|   ;
|   return 0;
| }
configure:19437: result: yes
configure:19455: checking for uintptr_t
configure:19455: cc -c -O3   conftest.c >&5
configure:19455: $? = 0
configure:19455: cc -c -O3   conftest.c >&5
conftest.c: In function 'main':
conftest.c:78: error: expected expression before ')' token
configure:19455: $? = 1
configure: failed program was:
| /* confdefs.h */
| #define PACKAGE_NAME "Berkeley DB"
| #define PACKAGE_TARNAME "db-5.0.26"
| #define PACKAGE_VERSION "5.0.26"
| #define PACKAGE_STRING "Berkeley DB 5.0.26"
| #define PACKAGE_BUGREPORT "Oracle Technology Network Berkeley DB forum"
| #define PACKAGE_URL ""
| #define HAVE_UPGRADE_SUPPORT 1
| #define STDC_HEADERS 1
| #define HAVE_SYS_TYPES_H 1
| #define HAVE_SYS_STAT_H 1
| #define HAVE_STDLIB_H 1
| #define HAVE_STRING_H 1
| #define HAVE_MEMORY_H 1
| #define HAVE_STRINGS_H 1
| #define HAVE_INTTYPES_H 1
| #define HAVE_STDINT_H 1
| #define HAVE_UNISTD_H 1
| #define HAVE_DLFCN_H 1
| #define LT_OBJDIR ".libs/"
| #define HAVE_SYSTEM_INCLUDE_FILES 1
| #define TIME_WITH_SYS_TIME 1
| #define HAVE_DIRENT_H 1
| #define HAVE_EXECINFO_H 1
| #define HAVE_SYS_SELECT_H 1
| #define HAVE_SYS_SOCKET_H 1
| #define HAVE_SYS_TIME_H 1
| #define HAVE_STRUCT_STAT_ST_BLKSIZE 1
| #define SIZEOF_CHAR 1
| #define SIZEOF_UNSIGNED_CHAR 1
| #define SIZEOF_SHORT 2
| #define SIZEOF_UNSIGNED_SHORT 2
| #define SIZEOF_INT 4
| #define SIZEOF_UNSIGNED_INT 4
| #define SIZEOF_LONG 8
| #define SIZEOF_UNSIGNED_LONG 8
| #define SIZEOF_LONG_LONG 8
| #define SIZEOF_UNSIGNED_LONG_LONG 8
| #define SIZEOF_CHAR_P 8
| #define SIZEOF_SIZE_T 8
| /* end confdefs.h.  */
| #include <stdio.h>
| #ifdef HAVE_SYS_TYPES_H
| # include <sys/types.h>
| #endif
| #ifdef HAVE_SYS_STAT_H
| # include <sys/stat.h>
| #endif
| #ifdef STDC_HEADERS
| # include <stdlib.h>
| # include <stddef.h>
| #else
| # ifdef HAVE_STDLIB_H
| #  include <stdlib.h>
| # endif
| #endif
| #ifdef HAVE_STRING_H
| # if !defined STDC_HEADERS && defined HAVE_MEMORY_H
| #  include <memory.h>
| # endif
| # include <string.h>
| #endif
| #ifdef HAVE_STRINGS_H
| # include <strings.h>
| #endif
| #ifdef HAVE_INTTYPES_H
| # include <inttypes.h>
| #endif
| #ifdef HAVE_STDINT_H
| # include <stdint.h>
| #endif
| #ifdef HAVE_UNISTD_H
| # include <unistd.h>
| #endif
| int
| main ()
| {
| if (sizeof ((uintptr_t)))
| 	    return 0;
|   ;
|   return 0;
| }
configure:19455: result: yes
configure:19480: checking for socklen_t
configure:19480: cc -c -O3   conftest.c >&5
configure:19480: $? = 0
configure:19480: cc -c -O3   conftest.c >&5
conftest.c: In function 'main':
conftest.c:55: error: expected expression before ')' token
configure:19480: $? = 1
configure: failed program was:
| /* confdefs.h */
| #define PACKAGE_NAME "Berkeley DB"
| #define PACKAGE_TARNAME "db-5.0.26"
| #define PACKAGE_VERSION "5.0.26"
| #define PACKAGE_STRING "Berkeley DB 5.0.26"
| #define PACKAGE_BUGREPORT "Oracle Technology Network Berkeley DB forum"
| #define PACKAGE_URL ""
| #define HAVE_UPGRADE_SUPPORT 1
| #define STDC_HEADERS 1
| #define HAVE_SYS_TYPES_H 1
| #define HAVE_SYS_STAT_H 1
| #define HAVE_STDLIB_H 1
| #define HAVE_STRING_H 1
| #define HAVE_MEMORY_H 1
| #define HAVE_STRINGS_H 1
| #define HAVE_INTTYPES_H 1
| #define HAVE_STDINT_H 1
| #define HAVE_UNISTD_H 1
| #define HAVE_DLFCN_H 1
| #define LT_OBJDIR ".libs/"
| #define HAVE_SYSTEM_INCLUDE_FILES 1
| #define TIME_WITH_SYS_TIME 1
| #define HAVE_DIRENT_H 1
| #define HAVE_EXECINFO_H 1
| #define HAVE_SYS_SELECT_H 1
| #define HAVE_SYS_SOCKET_H 1
| #define HAVE_SYS_TIME_H 1
| #define HAVE_STRUCT_STAT_ST_BLKSIZE 1
| #define SIZEOF_CHAR 1
| #define SIZEOF_UNSIGNED_CHAR 1
| #define SIZEOF_SHORT 2
| #define SIZEOF_UNSIGNED_SHORT 2
| #define SIZEOF_INT 4
| #define SIZEOF_UNSIGNED_INT 4
| #define SIZEOF_LONG 8
| #define SIZEOF_UNSIGNED_LONG 8
| #define SIZEOF_LONG_LONG 8
| #define SIZEOF_UNSIGNED_LONG_LONG 8
| #define SIZEOF_CHAR_P 8
| #define SIZEOF_SIZE_T 8
| /* end confdefs.h.  */
| #include <sys/types.h>
| #include <inttypes.h>
| #include <stdint.h>
| #include <stddef.h>
| #include <unistd.h>
| #include <stdio.h>
| #ifdef HAVE_SYS_SOCKET_H
| #include <sys/socket.h>
| #endif
| 
| int
| main ()
| {
| if (sizeof ((socklen_t)))
| 	    return 0;
|   ;
|   return 0;
| }
configure:19480: result: yes
configure:19539: checking for ANSI C exit success/failure values
configure:19556: cc -c -O3   conftest.c >&5
configure:19556: $? = 0
configure:19563: result: yes
configure:19571: checking for getopt optreset variable
configure:19588: cc -o conftest -O3    conftest.c  >&5
configure:19588: $? = 0
configure:19596: result: yes
configure:19612: checking for mutexes
configure:19723: cc -o conftest -O3    conftest.c  -lpthread >&5
conftest.c: In function 'main':
conftest.c:51: warning: incompatible implicit declaration of built-in function 'exit'
configure:19723: $? = 0
configure:19723: ./conftest
configure:19723: $? = 1
configure: program exited with status 1
configure: failed program was:
| /* confdefs.h */
| #define PACKAGE_NAME "Berkeley DB"
| #define PACKAGE_TARNAME "db-5.0.26"
| #define PACKAGE_VERSION "5.0.26"
| #define PACKAGE_STRING "Berkeley DB 5.0.26"
| #define PACKAGE_BUGREPORT "Oracle Technology Network Berkeley DB forum"
| #define PACKAGE_URL ""
| #define HAVE_UPGRADE_SUPPORT 1
| #define STDC_HEADERS 1
| #define HAVE_SYS_TYPES_H 1
| #define HAVE_SYS_STAT_H 1
| #define HAVE_STDLIB_H 1
| #define HAVE_STRING_H 1
| #define HAVE_MEMORY_H 1
| #define HAVE_STRINGS_H 1
| #define HAVE_INTTYPES_H 1
| #define HAVE_STDINT_H 1
| #define HAVE_UNISTD_H 1
| #define HAVE_DLFCN_H 1
| #define LT_OBJDIR ".libs/"
| #define HAVE_SYSTEM_INCLUDE_FILES 1
| #define TIME_WITH_SYS_TIME 1
| #define HAVE_DIRENT_H 1
| #define HAVE_EXECINFO_H 1
| #define HAVE_SYS_SELECT_H 1
| #define HAVE_SYS_SOCKET_H 1
| #define HAVE_SYS_TIME_H 1
| #define HAVE_STRUCT_STAT_ST_BLKSIZE 1
| #define SIZEOF_CHAR 1
| #define SIZEOF_UNSIGNED_CHAR 1
| #define SIZEOF_SHORT 2
| #define SIZEOF_UNSIGNED_SHORT 2
| #define SIZEOF_INT 4
| #define SIZEOF_UNSIGNED_INT 4
| #define SIZEOF_LONG 8
| #define SIZEOF_UNSIGNED_LONG 8
| #define SIZEOF_LONG_LONG 8
| #define SIZEOF_UNSIGNED_LONG_LONG 8
| #define SIZEOF_CHAR_P 8
| #define SIZEOF_SIZE_T 8
| #define HAVE_EXIT_SUCCESS 1
| #define HAVE_GETOPT_OPTRESET 1
| /* end confdefs.h.  */
| 
| #include <pthread.h>
| main() {
| 	pthread_cond_t cond;
| 	pthread_mutex_t mutex;
| 	pthread_condattr_t condattr;
| 	pthread_mutexattr_t mutexattr;
| 	exit (
| 	pthread_condattr_init(&condattr) ||
| 	pthread_condattr_setpshared(&condattr, PTHREAD_PROCESS_SHARED) ||
| 	pthread_mutexattr_init(&mutexattr) ||
| 	pthread_mutexattr_setpshared(&mutexattr, PTHREAD_PROCESS_SHARED) ||
| 	pthread_cond_init(&cond, &condattr) ||
| 	pthread_mutex_init(&mutex, &mutexattr) ||
| 	pthread_mutex_lock(&mutex) ||
| 	pthread_mutex_unlock(&mutex) ||
| 	pthread_mutex_destroy(&mutex) ||
| 	pthread_cond_destroy(&cond) ||
| 	pthread_condattr_destroy(&condattr) ||
| 	pthread_mutexattr_destroy(&mutexattr));
| }
configure:19795: cc -o conftest -O3    conftest.c  >&5
conftest.c: In function 'main':
conftest.c:51: warning: incompatible implicit declaration of built-in function 'exit'
configure:19795: $? = 0
configure:19795: ./conftest
configure:19795: $? = 1
configure: program exited with status 1
configure: failed program was:
| /* confdefs.h */
| #define PACKAGE_NAME "Berkeley DB"
| #define PACKAGE_TARNAME "db-5.0.26"
| #define PACKAGE_VERSION "5.0.26"
| #define PACKAGE_STRING "Berkeley DB 5.0.26"
| #define PACKAGE_BUGREPORT "Oracle Technology Network Berkeley DB forum"
| #define PACKAGE_URL ""
| #define HAVE_UPGRADE_SUPPORT 1
| #define STDC_HEADERS 1
| #define HAVE_SYS_TYPES_H 1
| #define HAVE_SYS_STAT_H 1
| #define HAVE_STDLIB_H 1
| #define HAVE_STRING_H 1
| #define HAVE_MEMORY_H 1
| #define HAVE_STRINGS_H 1
| #define HAVE_INTTYPES_H 1
| #define HAVE_STDINT_H 1
| #define HAVE_UNISTD_H 1
| #define HAVE_DLFCN_H 1
| #define LT_OBJDIR ".libs/"
| #define HAVE_SYSTEM_INCLUDE_FILES 1
| #define TIME_WITH_SYS_TIME 1
| #define HAVE_DIRENT_H 1
| #define HAVE_EXECINFO_H 1
| #define HAVE_SYS_SELECT_H 1
| #define HAVE_SYS_SOCKET_H 1
| #define HAVE_SYS_TIME_H 1
| #define HAVE_STRUCT_STAT_ST_BLKSIZE 1
| #define SIZEOF_CHAR 1
| #define SIZEOF_UNSIGNED_CHAR 1
| #define SIZEOF_SHORT 2
| #define SIZEOF_UNSIGNED_SHORT 2
| #define SIZEOF_INT 4
| #define SIZEOF_UNSIGNED_INT 4
| #define SIZEOF_LONG 8
| #define SIZEOF_UNSIGNED_LONG 8
| #define SIZEOF_LONG_LONG 8
| #define SIZEOF_UNSIGNED_LONG_LONG 8
| #define SIZEOF_CHAR_P 8
| #define SIZEOF_SIZE_T 8
| #define HAVE_EXIT_SUCCESS 1
| #define HAVE_GETOPT_OPTRESET 1
| /* end confdefs.h.  */
| 
| #include <pthread.h>
| main() {
| 	pthread_cond_t cond;
| 	pthread_mutex_t mutex;
| 	pthread_condattr_t condattr;
| 	pthread_mutexattr_t mutexattr;
| 	exit (
| 	pthread_condattr_init(&condattr) ||
| 	pthread_condattr_setpshared(&condattr, PTHREAD_PROCESS_SHARED) ||
| 	pthread_mutexattr_init(&mutexattr) ||
| 	pthread_mutexattr_setpshared(&mutexattr, PTHREAD_PROCESS_SHARED) ||
| 	pthread_cond_init(&cond, &condattr) ||
| 	pthread_mutex_init(&mutex, &mutexattr) ||
| 	pthread_mutex_lock(&mutex) ||
| 	pthread_mutex_unlock(&mutex) ||
| 	pthread_mutex_destroy(&mutex) ||
| 	pthread_cond_destroy(&cond) ||
| 	pthread_condattr_destroy(&condattr) ||
| 	pthread_mutexattr_destroy(&mutexattr));
| }
configure:19965: cc -o conftest -O3    conftest.c  >&5
conftest.c:45:20: error: synch.h: No such file or directory
conftest.c: In function 'main':
conftest.c:50: error: nested functions are disabled, use -fnested-functions to re-enable
conftest.c:50: error: expected '=', ',', ';', 'asm' or '__attribute__' before 'mi'
conftest.c:50: error: 'mi' undeclared (first use in this function)
conftest.c:50: error: (Each undeclared identifier is reported only once
conftest.c:50: error: for each function it appears in.)
conftest.c:50: error: 'SHAREDMUTEX' undeclared (first use in this function)
conftest.c:51: error: nested functions are disabled, use -fnested-functions to re-enable
conftest.c:51: error: expected '=', ',', ';', 'asm' or '__attribute__' before 'ci'
conftest.c:51: error: 'ci' undeclared (first use in this function)
conftest.c:51: error: 'SHAREDCV' undeclared (first use in this function)
conftest.c:52: error: 'lwp_mutex_t' undeclared (first use in this function)
conftest.c:52: error: expected ';' before 'mutex'
conftest.c:53: error: 'lwp_cond_t' undeclared (first use in this function)
conftest.c:53: error: expected ';' before 'cond'
conftest.c:54: warning: incompatible implicit declaration of built-in function 'exit'
conftest.c:55: error: 'mutex' undeclared (first use in this function)
configure:19965: $? = 1
configure: failed program was:
| /* confdefs.h */
| #define PACKAGE_NAME "Berkeley DB"
| #define PACKAGE_TARNAME "db-5.0.26"
| #define PACKAGE_VERSION "5.0.26"
| #define PACKAGE_STRING "Berkeley DB 5.0.26"
| #define PACKAGE_BUGREPORT "Oracle Technology Network Berkeley DB forum"
| #define PACKAGE_URL ""
| #define HAVE_UPGRADE_SUPPORT 1
| #define STDC_HEADERS 1
| #define HAVE_SYS_TYPES_H 1
| #define HAVE_SYS_STAT_H 1
| #define HAVE_STDLIB_H 1
| #define HAVE_STRING_H 1
| #define HAVE_MEMORY_H 1
| #define HAVE_STRINGS_H 1
| #define HAVE_INTTYPES_H 1
| #define HAVE_STDINT_H 1
| #define HAVE_UNISTD_H 1
| #define HAVE_DLFCN_H 1
| #define LT_OBJDIR ".libs/"
| #define HAVE_SYSTEM_INCLUDE_FILES 1
| #define TIME_WITH_SYS_TIME 1
| #define HAVE_DIRENT_H 1
| #define HAVE_EXECINFO_H 1
| #define HAVE_SYS_SELECT_H 1
| #define HAVE_SYS_SOCKET_H 1
| #define HAVE_SYS_TIME_H 1
| #define HAVE_STRUCT_STAT_ST_BLKSIZE 1
| #define SIZEOF_CHAR 1
| #define SIZEOF_UNSIGNED_CHAR 1
| #define SIZEOF_SHORT 2
| #define SIZEOF_UNSIGNED_SHORT 2
| #define SIZEOF_INT 4
| #define SIZEOF_UNSIGNED_INT 4
| #define SIZEOF_LONG 8
| #define SIZEOF_UNSIGNED_LONG 8
| #define SIZEOF_LONG_LONG 8
| #define SIZEOF_UNSIGNED_LONG_LONG 8
| #define SIZEOF_CHAR_P 8
| #define SIZEOF_SIZE_T 8
| #define HAVE_EXIT_SUCCESS 1
| #define HAVE_GETOPT_OPTRESET 1
| /* end confdefs.h.  */
| 
| 	#include <synch.h>
| int
| main ()
| {
| 
| 		static lwp_mutex_t mi = SHAREDMUTEX;
| 		static lwp_cond_t ci = SHAREDCV;
| 		lwp_mutex_t mutex = mi;
| 		lwp_cond_t cond = ci;
| 		exit (
| 		_lwp_mutex_lock(&mutex) ||
| 		_lwp_mutex_unlock(&mutex));
| 
|   ;
|   return 0;
| }
configure:19997: cc -o conftest -O3    conftest.c  -lthread >&5
conftest.c:45:21: error: thread.h: No such file or directory
conftest.c:46:20: error: synch.h: No such file or directory
conftest.c: In function 'main':
conftest.c:51: error: 'mutex_t' undeclared (first use in this function)
conftest.c:51: error: (Each undeclared identifier is reported only once
conftest.c:51: error: for each function it appears in.)
conftest.c:51: error: expected ';' before 'mutex'
conftest.c:52: error: 'cond_t' undeclared (first use in this function)
conftest.c:52: error: expected ';' before 'cond'
conftest.c:53: error: 'USYNC_PROCESS' undeclared (first use in this function)
conftest.c:54: warning: incompatible implicit declaration of built-in function 'exit'
conftest.c:55: error: 'mutex' undeclared (first use in this function)
conftest.c:55: error: 'NULL' undeclared (first use in this function)
conftest.c:56: error: 'cond' undeclared (first use in this function)
configure:19997: $? = 1
configure: failed program was:
| /* confdefs.h */
| #define PACKAGE_NAME "Berkeley DB"
| #define PACKAGE_TARNAME "db-5.0.26"
| #define PACKAGE_VERSION "5.0.26"
| #define PACKAGE_STRING "Berkeley DB 5.0.26"
| #define PACKAGE_BUGREPORT "Oracle Technology Network Berkeley DB forum"
| #define PACKAGE_URL ""
| #define HAVE_UPGRADE_SUPPORT 1
| #define STDC_HEADERS 1
| #define HAVE_SYS_TYPES_H 1
| #define HAVE_SYS_STAT_H 1
| #define HAVE_STDLIB_H 1
| #define HAVE_STRING_H 1
| #define HAVE_MEMORY_H 1
| #define HAVE_STRINGS_H 1
| #define HAVE_INTTYPES_H 1
| #define HAVE_STDINT_H 1
| #define HAVE_UNISTD_H 1
| #define HAVE_DLFCN_H 1
| #define LT_OBJDIR ".libs/"
| #define HAVE_SYSTEM_INCLUDE_FILES 1
| #define TIME_WITH_SYS_TIME 1
| #define HAVE_DIRENT_H 1
| #define HAVE_EXECINFO_H 1
| #define HAVE_SYS_SELECT_H 1
| #define HAVE_SYS_SOCKET_H 1
| #define HAVE_SYS_TIME_H 1
| #define HAVE_STRUCT_STAT_ST_BLKSIZE 1
| #define SIZEOF_CHAR 1
| #define SIZEOF_UNSIGNED_CHAR 1
| #define SIZEOF_SHORT 2
| #define SIZEOF_UNSIGNED_SHORT 2
| #define SIZEOF_INT 4
| #define SIZEOF_UNSIGNED_INT 4
| #define SIZEOF_LONG 8
| #define SIZEOF_UNSIGNED_LONG 8
| #define SIZEOF_LONG_LONG 8
| #define SIZEOF_UNSIGNED_LONG_LONG 8
| #define SIZEOF_CHAR_P 8
| #define SIZEOF_SIZE_T 8
| #define HAVE_EXIT_SUCCESS 1
| #define HAVE_GETOPT_OPTRESET 1
| /* end confdefs.h.  */
| 
| 	#include <thread.h>
| 	#include <synch.h>
| int
| main ()
| {
| 
| 		mutex_t mutex;
| 		cond_t cond;
| 		int type = USYNC_PROCESS;
| 		exit (
| 		mutex_init(&mutex, type, NULL) ||
| 		cond_init(&cond, type, NULL) ||
| 		mutex_lock(&mutex) ||
| 		mutex_unlock(&mutex));
| 
|   ;
|   return 0;
| }
configure:20027: cc -o conftest -O3    conftest.c  >&5
conftest.c:45:21: error: thread.h: No such file or directory
conftest.c:46:20: error: synch.h: No such file or directory
conftest.c: In function 'main':
conftest.c:51: error: 'mutex_t' undeclared (first use in this function)
conftest.c:51: error: (Each undeclared identifier is reported only once
conftest.c:51: error: for each function it appears in.)
conftest.c:51: error: expected ';' before 'mutex'
conftest.c:52: error: 'cond_t' undeclared (first use in this function)
conftest.c:52: error: expected ';' before 'cond'
conftest.c:53: error: 'USYNC_PROCESS' undeclared (first use in this function)
conftest.c:54: warning: incompatible implicit declaration of built-in function 'exit'
conftest.c:55: error: 'mutex' undeclared (first use in this function)
conftest.c:55: error: 'NULL' undeclared (first use in this function)
conftest.c:56: error: 'cond' undeclared (first use in this function)
configure:20027: $? = 1
configure: failed program was:
| /* confdefs.h */
| #define PACKAGE_NAME "Berkeley DB"
| #define PACKAGE_TARNAME "db-5.0.26"
| #define PACKAGE_VERSION "5.0.26"
| #define PACKAGE_STRING "Berkeley DB 5.0.26"
| #define PACKAGE_BUGREPORT "Oracle Technology Network Berkeley DB forum"
| #define PACKAGE_URL ""
| #define HAVE_UPGRADE_SUPPORT 1
| #define STDC_HEADERS 1
| #define HAVE_SYS_TYPES_H 1
| #define HAVE_SYS_STAT_H 1
| #define HAVE_STDLIB_H 1
| #define HAVE_STRING_H 1
| #define HAVE_MEMORY_H 1
| #define HAVE_STRINGS_H 1
| #define HAVE_INTTYPES_H 1
| #define HAVE_STDINT_H 1
| #define HAVE_UNISTD_H 1
| #define HAVE_DLFCN_H 1
| #define LT_OBJDIR ".libs/"
| #define HAVE_SYSTEM_INCLUDE_FILES 1
| #define TIME_WITH_SYS_TIME 1
| #define HAVE_DIRENT_H 1
| #define HAVE_EXECINFO_H 1
| #define HAVE_SYS_SELECT_H 1
| #define HAVE_SYS_SOCKET_H 1
| #define HAVE_SYS_TIME_H 1
| #define HAVE_STRUCT_STAT_ST_BLKSIZE 1
| #define SIZEOF_CHAR 1
| #define SIZEOF_UNSIGNED_CHAR 1
| #define SIZEOF_SHORT 2
| #define SIZEOF_UNSIGNED_SHORT 2
| #define SIZEOF_INT 4
| #define SIZEOF_UNSIGNED_INT 4
| #define SIZEOF_LONG 8
| #define SIZEOF_UNSIGNED_LONG 8
| #define SIZEOF_LONG_LONG 8
| #define SIZEOF_UNSIGNED_LONG_LONG 8
| #define SIZEOF_CHAR_P 8
| #define SIZEOF_SIZE_T 8
| #define HAVE_EXIT_SUCCESS 1
| #define HAVE_GETOPT_OPTRESET 1
| /* end confdefs.h.  */
| 
| 	#include <thread.h>
| 	#include <synch.h>
| int
| main ()
| {
| 
| 		mutex_t mutex;
| 		cond_t cond;
| 		int type = USYNC_PROCESS;
| 		exit (
| 		mutex_init(&mutex, type, NULL) ||
| 		cond_init(&cond, type, NULL) ||
| 		mutex_lock(&mutex) ||
| 		mutex_unlock(&mutex));
| 
|   ;
|   return 0;
| }
configure:20061: cc -c -O3   conftest.c >&5
conftest.c: In function 'main':
conftest.c:52: error: 'FAIL' undeclared (first use in this function)
conftest.c:52: error: (Each undeclared identifier is reported only once
conftest.c:52: error: for each function it appears in.)
conftest.c:52: error: expected ';' before 'TO'
configure:20061: $? = 1
configure: failed program was:
| /* confdefs.h */
| #define PACKAGE_NAME "Berkeley DB"
| #define PACKAGE_TARNAME "db-5.0.26"
| #define PACKAGE_VERSION "5.0.26"
| #define PACKAGE_STRING "Berkeley DB 5.0.26"
| #define PACKAGE_BUGREPORT "Oracle Technology Network Berkeley DB forum"
| #define PACKAGE_URL ""
| #define HAVE_UPGRADE_SUPPORT 1
| #define STDC_HEADERS 1
| #define HAVE_SYS_TYPES_H 1
| #define HAVE_SYS_STAT_H 1
| #define HAVE_STDLIB_H 1
| #define HAVE_STRING_H 1
| #define HAVE_MEMORY_H 1
| #define HAVE_STRINGS_H 1
| #define HAVE_INTTYPES_H 1
| #define HAVE_STDINT_H 1
| #define HAVE_UNISTD_H 1
| #define HAVE_DLFCN_H 1
| #define LT_OBJDIR ".libs/"
| #define HAVE_SYSTEM_INCLUDE_FILES 1
| #define TIME_WITH_SYS_TIME 1
| #define HAVE_DIRENT_H 1
| #define HAVE_EXECINFO_H 1
| #define HAVE_SYS_SELECT_H 1
| #define HAVE_SYS_SOCKET_H 1
| #define HAVE_SYS_TIME_H 1
| #define HAVE_STRUCT_STAT_ST_BLKSIZE 1
| #define SIZEOF_CHAR 1
| #define SIZEOF_UNSIGNED_CHAR 1
| #define SIZEOF_SHORT 2
| #define SIZEOF_UNSIGNED_SHORT 2
| #define SIZEOF_INT 4
| #define SIZEOF_UNSIGNED_INT 4
| #define SIZEOF_LONG 8
| #define SIZEOF_UNSIGNED_LONG 8
| #define SIZEOF_LONG_LONG 8
| #define SIZEOF_UNSIGNED_LONG_LONG 8
| #define SIZEOF_CHAR_P 8
| #define SIZEOF_SIZE_T 8
| #define HAVE_EXIT_SUCCESS 1
| #define HAVE_GETOPT_OPTRESET 1
| /* end confdefs.h.  */
| 
| int
| main ()
| {
| 
| 	#if (defined(i386) || defined(__i386__)) && defined(__GNUC__)
| 		exit(0);
| 	#else
| 		FAIL TO COMPILE/LINK
| 	#endif
| 
|   ;
|   return 0;
| }
configure:20084: cc -c -O3   conftest.c >&5
conftest.c: In function 'main':
conftest.c:50: warning: incompatible implicit declaration of built-in function 'exit'
configure:20084: $? = 0
configure:20111: cc -o conftest -O3    conftest.c  >&5
conftest.c:45:25: error: sys/atomic.h: No such file or directory
conftest.c:46:27: error: sys/machlock.h: No such file or directory
conftest.c: In function 'main':
conftest.c:51: error: nested functions are disabled, use -fnested-functions to re-enable
conftest.c:51: error: expected '=', ',', ';', 'asm' or '__attribute__' before 'tsl_t'
conftest.c:51: error: 'tsl_t' undeclared (first use in this function)
conftest.c:51: error: (Each undeclared identifier is reported only once
conftest.c:51: error: for each function it appears in.)
conftest.c:52: error: 'lock_t' undeclared (first use in this function)
conftest.c:52: error: expected ';' before 'x'
conftest.c:53: error: 'x' undeclared (first use in this function)
configure:20111: $? = 1
configure: failed program was:
| /* confdefs.h */
| #define PACKAGE_NAME "Berkeley DB"
| #define PACKAGE_TARNAME "db-5.0.26"
| #define PACKAGE_VERSION "5.0.26"
| #define PACKAGE_STRING "Berkeley DB 5.0.26"
| #define PACKAGE_BUGREPORT "Oracle Technology Network Berkeley DB forum"
| #define PACKAGE_URL ""
| #define HAVE_UPGRADE_SUPPORT 1
| #define STDC_HEADERS 1
| #define HAVE_SYS_TYPES_H 1
| #define HAVE_SYS_STAT_H 1
| #define HAVE_STDLIB_H 1
| #define HAVE_STRING_H 1
| #define HAVE_MEMORY_H 1
| #define HAVE_STRINGS_H 1
| #define HAVE_INTTYPES_H 1
| #define HAVE_STDINT_H 1
| #define HAVE_UNISTD_H 1
| #define HAVE_DLFCN_H 1
| #define LT_OBJDIR ".libs/"
| #define HAVE_SYSTEM_INCLUDE_FILES 1
| #define TIME_WITH_SYS_TIME 1
| #define HAVE_DIRENT_H 1
| #define HAVE_EXECINFO_H 1
| #define HAVE_SYS_SELECT_H 1
| #define HAVE_SYS_SOCKET_H 1
| #define HAVE_SYS_TIME_H 1
| #define HAVE_STRUCT_STAT_ST_BLKSIZE 1
| #define SIZEOF_CHAR 1
| #define SIZEOF_UNSIGNED_CHAR 1
| #define SIZEOF_SHORT 2
| #define SIZEOF_UNSIGNED_SHORT 2
| #define SIZEOF_INT 4
| #define SIZEOF_UNSIGNED_INT 4
| #define SIZEOF_LONG 8
| #define SIZEOF_UNSIGNED_LONG 8
| #define SIZEOF_LONG_LONG 8
| #define SIZEOF_UNSIGNED_LONG_LONG 8
| #define SIZEOF_CHAR_P 8
| #define SIZEOF_SIZE_T 8
| #define HAVE_EXIT_SUCCESS 1
| #define HAVE_GETOPT_OPTRESET 1
| /* end confdefs.h.  */
| 
| 	#include <sys/atomic.h>
| 	#include <sys/machlock.h>
| int
| main ()
| {
| 
| 		typedef lock_t tsl_t;
| 		lock_t x;
| 		_lock_try(&x);
| 		_lock_clear(&x);
| 		membar_enter();
| 
|   ;
|   return 0;
| }
configure:20136: cc -c -O3   conftest.c >&5
conftest.c: In function 'main':
conftest.c:53: error: 'FAIL' undeclared (first use in this function)
conftest.c:53: error: (Each undeclared identifier is reported only once
conftest.c:53: error: for each function it appears in.)
conftest.c:53: error: expected ';' before 'TO'
configure:20136: $? = 1
configure: failed program was:
| /* confdefs.h */
| #define PACKAGE_NAME "Berkeley DB"
| #define PACKAGE_TARNAME "db-5.0.26"
| #define PACKAGE_VERSION "5.0.26"
| #define PACKAGE_STRING "Berkeley DB 5.0.26"
| #define PACKAGE_BUGREPORT "Oracle Technology Network Berkeley DB forum"
| #define PACKAGE_URL ""
| #define HAVE_UPGRADE_SUPPORT 1
| #define STDC_HEADERS 1
| #define HAVE_SYS_TYPES_H 1
| #define HAVE_SYS_STAT_H 1
| #define HAVE_STDLIB_H 1
| #define HAVE_STRING_H 1
| #define HAVE_MEMORY_H 1
| #define HAVE_STRINGS_H 1
| #define HAVE_INTTYPES_H 1
| #define HAVE_STDINT_H 1
| #define HAVE_UNISTD_H 1
| #define HAVE_DLFCN_H 1
| #define LT_OBJDIR ".libs/"
| #define HAVE_SYSTEM_INCLUDE_FILES 1
| #define TIME_WITH_SYS_TIME 1
| #define HAVE_DIRENT_H 1
| #define HAVE_EXECINFO_H 1
| #define HAVE_SYS_SELECT_H 1
| #define HAVE_SYS_SOCKET_H 1
| #define HAVE_SYS_TIME_H 1
| #define HAVE_STRUCT_STAT_ST_BLKSIZE 1
| #define SIZEOF_CHAR 1
| #define SIZEOF_UNSIGNED_CHAR 1
| #define SIZEOF_SHORT 2
| #define SIZEOF_UNSIGNED_SHORT 2
| #define SIZEOF_INT 4
| #define SIZEOF_UNSIGNED_INT 4
| #define SIZEOF_LONG 8
| #define SIZEOF_UNSIGNED_LONG 8
| #define SIZEOF_LONG_LONG 8
| #define SIZEOF_UNSIGNED_LONG_LONG 8
| #define SIZEOF_CHAR_P 8
| #define SIZEOF_SIZE_T 8
| #define HAVE_EXIT_SUCCESS 1
| #define HAVE_GETOPT_OPTRESET 1
| /* end confdefs.h.  */
| 
| int
| main ()
| {
| 
| 	#if defined(__sparc__) && defined(__GNUC__)
| 		asm volatile ("membar #StoreStore|#StoreLoad|#LoadStore");
| 		exit(0);
| 	#else
| 		FAIL TO COMPILE/LINK
| 	#endif
| 
|   ;
|   return 0;
| }
configure:20711: result: x86_64/gcc-assembly
configure:20970: checking pthread.h usability
configure:20970: cc -c -O3   conftest.c >&5
configure:20970: $? = 0
configure:20970: result: yes
configure:20970: checking pthread.h presence
configure:20970: cc -E  conftest.c
configure:20970: $? = 0
configure:20970: result: yes
configure:20970: checking for pthread.h
configure:20970: result: yes
configure:20980: checking for main in -lpthread
configure:20999: cc -o conftest -O3    conftest.c -lpthread   >&5
configure:20999: $? = 0
configure:21008: result: yes
configure:21043: cc -c -O3   conftest.c >&5
configure:21043: $? = 0
configure:21086: checking for atomic operations
configure:21123: cc -c -O3   conftest.c >&5
conftest.c: In function 'main':
conftest.c:56: warning: incompatible implicit declaration of built-in function 'exit'
configure:21123: $? = 0
configure:21155: result: x86/gcc-assembly
configure:21271: checking for library containing sched_yield
configure:21302: cc -o conftest -O3    conftest.c  -lpthread >&5
configure:21302: $? = 0
configure:21319: result: none required
configure:21329: checking for library containing fdatasync
configure:21360: cc -o conftest -O3    conftest.c  -lpthread >&5
configure:21360: $? = 0
configure:21377: result: none required
configure:21386: checking for library containing getaddrinfo
configure:21417: cc -o conftest -O3    conftest.c  -lpthread >&5
configure:21417: $? = 0
configure:21434: result: none required
configure:21442: checking for library containing hstrerror
configure:21473: cc -o conftest -O3    conftest.c  -lpthread >&5
configure:21473: $? = 0
configure:21490: result: none required
configure:21505: checking for main in -lm
configure:21524: cc -o conftest -O3    conftest.c -lm   -lpthread >&5
configure:21524: $? = 0
configure:21533: result: yes
configure:21540: checking for main in -lnsl
configure:21559: cc -o conftest -O3    conftest.c -lnsl   -lpthread >&5
ld: library not found for -lnsl
collect2: ld returned 1 exit status
configure:21559: $? = 1
configure: failed program was:
| /* confdefs.h */
| #define PACKAGE_NAME "Berkeley DB"
| #define PACKAGE_TARNAME "db-5.0.26"
| #define PACKAGE_VERSION "5.0.26"
| #define PACKAGE_STRING "Berkeley DB 5.0.26"
| #define PACKAGE_BUGREPORT "Oracle Technology Network Berkeley DB forum"
| #define PACKAGE_URL ""
| #define HAVE_UPGRADE_SUPPORT 1
| #define STDC_HEADERS 1
| #define HAVE_SYS_TYPES_H 1
| #define HAVE_SYS_STAT_H 1
| #define HAVE_STDLIB_H 1
| #define HAVE_STRING_H 1
| #define HAVE_MEMORY_H 1
| #define HAVE_STRINGS_H 1
| #define HAVE_INTTYPES_H 1
| #define HAVE_STDINT_H 1
| #define HAVE_UNISTD_H 1
| #define HAVE_DLFCN_H 1
| #define LT_OBJDIR ".libs/"
| #define HAVE_SYSTEM_INCLUDE_FILES 1
| #define TIME_WITH_SYS_TIME 1
| #define HAVE_DIRENT_H 1
| #define HAVE_EXECINFO_H 1
| #define HAVE_SYS_SELECT_H 1
| #define HAVE_SYS_SOCKET_H 1
| #define HAVE_SYS_TIME_H 1
| #define HAVE_STRUCT_STAT_ST_BLKSIZE 1
| #define SIZEOF_CHAR 1
| #define SIZEOF_UNSIGNED_CHAR 1
| #define SIZEOF_SHORT 2
| #define SIZEOF_UNSIGNED_SHORT 2
| #define SIZEOF_INT 4
| #define SIZEOF_UNSIGNED_INT 4
| #define SIZEOF_LONG 8
| #define SIZEOF_UNSIGNED_LONG 8
| #define SIZEOF_LONG_LONG 8
| #define SIZEOF_UNSIGNED_LONG_LONG 8
| #define SIZEOF_CHAR_P 8
| #define SIZEOF_SIZE_T 8
| #define HAVE_EXIT_SUCCESS 1
| #define HAVE_GETOPT_OPTRESET 1
| #define HAVE_MUTEX_X86_64_GCC_ASSEMBLY 1
| #define HAVE_MUTEX_SUPPORT 1
| #define HAVE_SHARED_LATCHES 1
| #define HAVE_SIMPLE_THREAD_TYPE 1
| #define HAVE_ATOMIC_SUPPORT 1
| #define HAVE_ATOMIC_X86_GCC_ASSEMBLY 1
| /* end confdefs.h.  */
| 
| 
| int
| main ()
| {
| return main ();
|   ;
|   return 0;
| }
configure:21568: result: no
configure:21575: checking for main in -lsocket
configure:21594: cc -o conftest -O3    conftest.c -lsocket   -lpthread >&5
ld: library not found for -lsocket
collect2: ld returned 1 exit status
configure:21594: $? = 1
configure: failed program was:
| /* confdefs.h */
| #define PACKAGE_NAME "Berkeley DB"
| #define PACKAGE_TARNAME "db-5.0.26"
| #define PACKAGE_VERSION "5.0.26"
| #define PACKAGE_STRING "Berkeley DB 5.0.26"
| #define PACKAGE_BUGREPORT "Oracle Technology Network Berkeley DB forum"
| #define PACKAGE_URL ""
| #define HAVE_UPGRADE_SUPPORT 1
| #define STDC_HEADERS 1
| #define HAVE_SYS_TYPES_H 1
| #define HAVE_SYS_STAT_H 1
| #define HAVE_STDLIB_H 1
| #define HAVE_STRING_H 1
| #define HAVE_MEMORY_H 1
| #define HAVE_STRINGS_H 1
| #define HAVE_INTTYPES_H 1
| #define HAVE_STDINT_H 1
| #define HAVE_UNISTD_H 1
| #define HAVE_DLFCN_H 1
| #define LT_OBJDIR ".libs/"
| #define HAVE_SYSTEM_INCLUDE_FILES 1
| #define TIME_WITH_SYS_TIME 1
| #define HAVE_DIRENT_H 1
| #define HAVE_EXECINFO_H 1
| #define HAVE_SYS_SELECT_H 1
| #define HAVE_SYS_SOCKET_H 1
| #define HAVE_SYS_TIME_H 1
| #define HAVE_STRUCT_STAT_ST_BLKSIZE 1
| #define SIZEOF_CHAR 1
| #define SIZEOF_UNSIGNED_CHAR 1
| #define SIZEOF_SHORT 2
| #define SIZEOF_UNSIGNED_SHORT 2
| #define SIZEOF_INT 4
| #define SIZEOF_UNSIGNED_INT 4
| #define SIZEOF_LONG 8
| #define SIZEOF_UNSIGNED_LONG 8
| #define SIZEOF_LONG_LONG 8
| #define SIZEOF_UNSIGNED_LONG_LONG 8
| #define SIZEOF_CHAR_P 8
| #define SIZEOF_SIZE_T 8
| #define HAVE_EXIT_SUCCESS 1
| #define HAVE_GETOPT_OPTRESET 1
| #define HAVE_MUTEX_X86_64_GCC_ASSEMBLY 1
| #define HAVE_MUTEX_SUPPORT 1
| #define HAVE_SHARED_LATCHES 1
| #define HAVE_SIMPLE_THREAD_TYPE 1
| #define HAVE_ATOMIC_SUPPORT 1
| #define HAVE_ATOMIC_X86_GCC_ASSEMBLY 1
| /* end confdefs.h.  */
| 
| 
| int
| main ()
| {
| return main ();
|   ;
|   return 0;
| }
configure:21603: result: no
configure:21623: checking for abort
configure:21623: cc -o conftest -O3    conftest.c  -lpthread >&5
conftest.c:73: warning: conflicting types for built-in function 'abort'
configure:21623: $? = 0
configure:21623: result: yes
configure:21623: checking for atoi
configure:21623: cc -o conftest -O3    conftest.c  -lpthread >&5
configure:21623: $? = 0
configure:21623: result: yes
configure:21623: checking for atol
configure:21623: cc -o conftest -O3    conftest.c  -lpthread >&5
configure:21623: $? = 0
configure:21623: result: yes
configure:21623: checking for getcwd
configure:21623: cc -o conftest -O3    conftest.c  -lpthread >&5
configure:21623: $? = 0
configure:21623: result: yes
configure:21623: checking for getenv
configure:21623: cc -o conftest -O3    conftest.c  -lpthread >&5
configure:21623: $? = 0
configure:21623: result: yes
configure:21623: checking for getopt
configure:21623: cc -o conftest -O3    conftest.c  -lpthread >&5
configure:21623: $? = 0
configure:21623: result: yes
configure:21623: checking for isalpha
configure:21623: cc -o conftest -O3    conftest.c  -lpthread >&5
conftest.c:79: warning: conflicting types for built-in function 'isalpha'
configure:21623: $? = 0
configure:21623: result: yes
configure:21623: checking for isdigit
configure:21623: cc -o conftest -O3    conftest.c  -lpthread >&5
conftest.c:80: warning: conflicting types for built-in function 'isdigit'
configure:21623: $? = 0
configure:21623: result: yes
configure:21623: checking for isprint
configure:21623: cc -o conftest -O3    conftest.c  -lpthread >&5
conftest.c:81: warning: conflicting types for built-in function 'isprint'
configure:21623: $? = 0
configure:21623: result: yes
configure:21623: checking for isspace
configure:21623: cc -o conftest -O3    conftest.c  -lpthread >&5
conftest.c:82: warning: conflicting types for built-in function 'isspace'
configure:21623: $? = 0
configure:21623: result: yes
configure:21623: checking for memcmp
configure:21623: cc -o conftest -O3    conftest.c  -lpthread >&5
conftest.c:83: warning: conflicting types for built-in function 'memcmp'
configure:21623: $? = 0
configure:21623: result: yes
configure:21623: checking for memcpy
configure:21623: cc -o conftest -O3    conftest.c  -lpthread >&5
conftest.c:84: warning: conflicting types for built-in function 'memcpy'
configure:21623: $? = 0
configure:21623: result: yes
configure:21623: checking for memmove
configure:21623: cc -o conftest -O3    conftest.c  -lpthread >&5
conftest.c:85: warning: conflicting types for built-in function 'memmove'
configure:21623: $? = 0
configure:21623: result: yes
configure:21623: checking for printf
configure:21623: cc -o conftest -O3    conftest.c  -lpthread >&5
conftest.c:86: warning: conflicting types for built-in function 'printf'
configure:21623: $? = 0
configure:21623: result: yes
configure:21623: checking for qsort
configure:21623: cc -o conftest -O3    conftest.c  -lpthread >&5
configure:21623: $? = 0
configure:21623: result: yes
configure:21623: checking for raise
configure:21623: cc -o conftest -O3    conftest.c  -lpthread >&5
configure:21623: $? = 0
configure:21623: result: yes
configure:21623: checking for rand
configure:21623: cc -o conftest -O3    conftest.c  -lpthread >&5
configure:21623: $? = 0
configure:21623: result: yes
configure:21623: checking for strcasecmp
configure:21623: cc -o conftest -O3    conftest.c  -lpthread >&5
conftest.c:90: warning: conflicting types for built-in function 'strcasecmp'
configure:21623: $? = 0
configure:21623: result: yes
configure:21623: checking for strcat
configure:21623: cc -o conftest -O3    conftest.c  -lpthread >&5
conftest.c:91: warning: conflicting types for built-in function 'strcat'
configure:21623: $? = 0
configure:21623: result: yes
configure:21623: checking for strchr
configure:21623: cc -o conftest -O3    conftest.c  -lpthread >&5
conftest.c:92: warning: conflicting types for built-in function 'strchr'
configure:21623: $? = 0
configure:21623: result: yes
configure:21623: checking for strdup
configure:21623: cc -o conftest -O3    conftest.c  -lpthread >&5
conftest.c:93: warning: conflicting types for built-in function 'strdup'
configure:21623: $? = 0
configure:21623: result: yes
configure:21623: checking for strerror
configure:21623: cc -o conftest -O3    conftest.c  -lpthread >&5
configure:21623: $? = 0
configure:21623: result: yes
configure:21623: checking for strncat
configure:21623: cc -o conftest -O3    conftest.c  -lpthread >&5
conftest.c:95: warning: conflicting types for built-in function 'strncat'
configure:21623: $? = 0
configure:21623: result: yes
configure:21623: checking for strncmp
configure:21623: cc -o conftest -O3    conftest.c  -lpthread >&5
conftest.c:96: warning: conflicting types for built-in function 'strncmp'
configure:21623: $? = 0
configure:21623: result: yes
configure:21623: checking for strrchr
configure:21623: cc -o conftest -O3    conftest.c  -lpthread >&5
conftest.c:97: warning: conflicting types for built-in function 'strrchr'
configure:21623: $? = 0
configure:21623: result: yes
configure:21623: checking for strsep
configure:21623: cc -o conftest -O3    conftest.c  -lpthread >&5
configure:21623: $? = 0
configure:21623: result: yes
configure:21623: checking for strtol
configure:21623: cc -o conftest -O3    conftest.c  -lpthread >&5
configure:21623: $? = 0
configure:21623: result: yes
configure:21623: checking for strtoul
configure:21623: cc -o conftest -O3    conftest.c  -lpthread >&5
configure:21623: $? = 0
configure:21623: result: yes
configure:21651: checking for _fstati64
configure:21651: cc -o conftest -O3    conftest.c  -lpthread >&5
Undefined symbols:
  "__fstati64", referenced from:
      _main in ccBXOjed.o
ld: symbol(s) not found
collect2: ld returned 1 exit status
configure:21651: $? = 1
configure: failed program was:
| /* confdefs.h */
| #define PACKAGE_NAME "Berkeley DB"
| #define PACKAGE_TARNAME "db-5.0.26"
| #define PACKAGE_VERSION "5.0.26"
| #define PACKAGE_STRING "Berkeley DB 5.0.26"
| #define PACKAGE_BUGREPORT "Oracle Technology Network Berkeley DB forum"
| #define PACKAGE_URL ""
| #define HAVE_UPGRADE_SUPPORT 1
| #define STDC_HEADERS 1
| #define HAVE_SYS_TYPES_H 1
| #define HAVE_SYS_STAT_H 1
| #define HAVE_STDLIB_H 1
| #define HAVE_STRING_H 1
| #define HAVE_MEMORY_H 1
| #define HAVE_STRINGS_H 1
| #define HAVE_INTTYPES_H 1
| #define HAVE_STDINT_H 1
| #define HAVE_UNISTD_H 1
| #define HAVE_DLFCN_H 1
| #define LT_OBJDIR ".libs/"
| #define HAVE_SYSTEM_INCLUDE_FILES 1
| #define TIME_WITH_SYS_TIME 1
| #define HAVE_DIRENT_H 1
| #define HAVE_EXECINFO_H 1
| #define HAVE_SYS_SELECT_H 1
| #define HAVE_SYS_SOCKET_H 1
| #define HAVE_SYS_TIME_H 1
| #define HAVE_STRUCT_STAT_ST_BLKSIZE 1
| #define SIZEOF_CHAR 1
| #define SIZEOF_UNSIGNED_CHAR 1
| #define SIZEOF_SHORT 2
| #define SIZEOF_UNSIGNED_SHORT 2
| #define SIZEOF_INT 4
| #define SIZEOF_UNSIGNED_INT 4
| #define SIZEOF_LONG 8
| #define SIZEOF_UNSIGNED_LONG 8
| #define SIZEOF_LONG_LONG 8
| #define SIZEOF_UNSIGNED_LONG_LONG 8
| #define SIZEOF_CHAR_P 8
| #define SIZEOF_SIZE_T 8
| #define HAVE_EXIT_SUCCESS 1
| #define HAVE_GETOPT_OPTRESET 1
| #define HAVE_MUTEX_X86_64_GCC_ASSEMBLY 1
| #define HAVE_MUTEX_SUPPORT 1
| #define HAVE_SHARED_LATCHES 1
| #define HAVE_SIMPLE_THREAD_TYPE 1
| #define HAVE_ATOMIC_SUPPORT 1
| #define HAVE_ATOMIC_X86_GCC_ASSEMBLY 1
| #define HAVE_ABORT 1
| #define HAVE_ATOI 1
| #define HAVE_ATOL 1
| #define HAVE_GETCWD 1
| #define HAVE_GETENV 1
| #define HAVE_GETOPT 1
| #define HAVE_ISALPHA 1
| #define HAVE_ISDIGIT 1
| #define HAVE_ISPRINT 1
| #define HAVE_ISSPACE 1
| #define HAVE_MEMCMP 1
| #define HAVE_MEMCPY 1
| #define HAVE_MEMMOVE 1
| #define HAVE_PRINTF 1
| #define HAVE_QSORT 1
| #define HAVE_RAISE 1
| #define HAVE_RAND 1
| #define HAVE_STRCASECMP 1
| #define HAVE_STRCAT 1
| #define HAVE_STRCHR 1
| #define HAVE_STRDUP 1
| #define HAVE_STRERROR 1
| #define HAVE_STRNCAT 1
| #define HAVE_STRNCMP 1
| #define HAVE_STRRCHR 1
| #define HAVE_STRSEP 1
| #define HAVE_STRTOL 1
| #define HAVE_STRTOUL 1
| /* end confdefs.h.  */
| /* Define _fstati64 to an innocuous variant, in case <limits.h> declares _fstati64.
|    For example, HP-UX 11i <limits.h> declares gettimeofday.  */
| #define _fstati64 innocuous__fstati64
| 
| /* System header to define __stub macros and hopefully few prototypes,
|     which can conflict with char _fstati64 (); below.
|     Prefer <limits.h> to <assert.h> if __STDC__ is defined, since
|     <limits.h> exists even on freestanding compilers.  */
| 
| #ifdef __STDC__
| # include <limits.h>
| #else
| # include <assert.h>
| #endif
| 
| #undef _fstati64
| 
| /* Override any GCC internal prototype to avoid an error.
|    Use char because int might match the return type of a GCC
|    builtin and then its argument prototype would still apply.  */
| #ifdef __cplusplus
| extern "C"
| #endif
| char _fstati64 ();
| /* The GNU C library defines this for functions which it implements
|     to always fail with ENOSYS.  Some functions are actually named
|     something starting with __ and the normal name is an alias.  */
| #if defined __stub__fstati64 || defined __stub____fstati64
| choke me
| #endif
| 
| int
| main ()
| {
| return _fstati64 ();
|   ;
|   return 0;
| }
configure:21651: result: no
configure:21651: checking for backtrace
configure:21651: cc -o conftest -O3    conftest.c  -lpthread >&5
configure:21651: $? = 0
configure:21651: result: yes
configure:21651: checking for backtrace_symbols
configure:21651: cc -o conftest -O3    conftest.c  -lpthread >&5
configure:21651: $? = 0
configure:21651: result: yes
configure:21651: checking for directio
configure:21651: cc -o conftest -O3    conftest.c  -lpthread >&5
Undefined symbols:
  "_directio", referenced from:
      _main in ccQHKPUr.o
ld: symbol(s) not found
collect2: ld returned 1 exit status
configure:21651: $? = 1
configure: failed program was:
| /* confdefs.h */
| #define PACKAGE_NAME "Berkeley DB"
| #define PACKAGE_TARNAME "db-5.0.26"
| #define PACKAGE_VERSION "5.0.26"
| #define PACKAGE_STRING "Berkeley DB 5.0.26"
| #define PACKAGE_BUGREPORT "Oracle Technology Network Berkeley DB forum"
| #define PACKAGE_URL ""
| #define HAVE_UPGRADE_SUPPORT 1
| #define STDC_HEADERS 1
| #define HAVE_SYS_TYPES_H 1
| #define HAVE_SYS_STAT_H 1
| #define HAVE_STDLIB_H 1
| #define HAVE_STRING_H 1
| #define HAVE_MEMORY_H 1
| #define HAVE_STRINGS_H 1
| #define HAVE_INTTYPES_H 1
| #define HAVE_STDINT_H 1
| #define HAVE_UNISTD_H 1
| #define HAVE_DLFCN_H 1
| #define LT_OBJDIR ".libs/"
| #define HAVE_SYSTEM_INCLUDE_FILES 1
| #define TIME_WITH_SYS_TIME 1
| #define HAVE_DIRENT_H 1
| #define HAVE_EXECINFO_H 1
| #define HAVE_SYS_SELECT_H 1
| #define HAVE_SYS_SOCKET_H 1
| #define HAVE_SYS_TIME_H 1
| #define HAVE_STRUCT_STAT_ST_BLKSIZE 1
| #define SIZEOF_CHAR 1
| #define SIZEOF_UNSIGNED_CHAR 1
| #define SIZEOF_SHORT 2
| #define SIZEOF_UNSIGNED_SHORT 2
| #define SIZEOF_INT 4
| #define SIZEOF_UNSIGNED_INT 4
| #define SIZEOF_LONG 8
| #define SIZEOF_UNSIGNED_LONG 8
| #define SIZEOF_LONG_LONG 8
| #define SIZEOF_UNSIGNED_LONG_LONG 8
| #define SIZEOF_CHAR_P 8
| #define SIZEOF_SIZE_T 8
| #define HAVE_EXIT_SUCCESS 1
| #define HAVE_GETOPT_OPTRESET 1
| #define HAVE_MUTEX_X86_64_GCC_ASSEMBLY 1
| #define HAVE_MUTEX_SUPPORT 1
| #define HAVE_SHARED_LATCHES 1
| #define HAVE_SIMPLE_THREAD_TYPE 1
| #define HAVE_ATOMIC_SUPPORT 1
| #define HAVE_ATOMIC_X86_GCC_ASSEMBLY 1
| #define HAVE_ABORT 1
| #define HAVE_ATOI 1
| #define HAVE_ATOL 1
| #define HAVE_GETCWD 1
| #define HAVE_GETENV 1
| #define HAVE_GETOPT 1
| #define HAVE_ISALPHA 1
| #define HAVE_ISDIGIT 1
| #define HAVE_ISPRINT 1
| #define HAVE_ISSPACE 1
| #define HAVE_MEMCMP 1
| #define HAVE_MEMCPY 1
| #define HAVE_MEMMOVE 1
| #define HAVE_PRINTF 1
| #define HAVE_QSORT 1
| #define HAVE_RAISE 1
| #define HAVE_RAND 1
| #define HAVE_STRCASECMP 1
| #define HAVE_STRCAT 1
| #define HAVE_STRCHR 1
| #define HAVE_STRDUP 1
| #define HAVE_STRERROR 1
| #define HAVE_STRNCAT 1
| #define HAVE_STRNCMP 1
| #define HAVE_STRRCHR 1
| #define HAVE_STRSEP 1
| #define HAVE_STRTOL 1
| #define HAVE_STRTOUL 1
| #define HAVE_BACKTRACE 1
| #define HAVE_BACKTRACE_SYMBOLS 1
| /* end confdefs.h.  */
| /* Define directio to an innocuous variant, in case <limits.h> declares directio.
|    For example, HP-UX 11i <limits.h> declares gettimeofday.  */
| #define directio innocuous_directio
| 
| /* System header to define __stub macros and hopefully few prototypes,
|     which can conflict with char directio (); below.
|     Prefer <limits.h> to <assert.h> if __STDC__ is defined, since
|     <limits.h> exists even on freestanding compilers.  */
| 
| #ifdef __STDC__
| # include <limits.h>
| #else
| # include <assert.h>
| #endif
| 
| #undef directio
| 
| /* Override any GCC internal prototype to avoid an error.
|    Use char because int might match the return type of a GCC
|    builtin and then its argument prototype would still apply.  */
| #ifdef __cplusplus
| extern "C"
| #endif
| char directio ();
| /* The GNU C library defines this for functions which it implements
|     to always fail with ENOSYS.  Some functions are actually named
|     something starting with __ and the normal name is an alias.  */
| #if defined __stub_directio || defined __stub___directio
| choke me
| #endif
| 
| int
| main ()
| {
| return directio ();
|   ;
|   return 0;
| }
configure:21651: result: no
configure:21651: checking for fchmod
configure:21651: cc -o conftest -O3    conftest.c  -lpthread >&5
configure:21651: $? = 0
configure:21651: result: yes
configure:21651: checking for fclose
configure:21651: cc -o conftest -O3    conftest.c  -lpthread >&5
configure:21651: $? = 0
configure:21651: result: yes
configure:21651: checking for fcntl
configure:21651: cc -o conftest -O3    conftest.c  -lpthread >&5
configure:21651: $? = 0
configure:21651: result: yes
configure:21651: checking for fdatasync
configure:21651: cc -o conftest -O3    conftest.c  -lpthread >&5
configure:21651: $? = 0
configure:21651: result: yes
configure:21651: checking for fgetc
configure:21651: cc -o conftest -O3    conftest.c  -lpthread >&5
configure:21651: $? = 0
configure:21651: result: yes
configure:21651: checking for fgets
configure:21651: cc -o conftest -O3    conftest.c  -lpthread >&5
configure:21651: $? = 0
configure:21651: result: yes
configure:21651: checking for fopen
configure:21651: cc -o conftest -O3    conftest.c  -lpthread >&5
configure:21651: $? = 0
configure:21651: result: yes
configure:21651: checking for fwrite
configure:21651: cc -o conftest -O3    conftest.c  -lpthread >&5
conftest.c:110: warning: conflicting types for built-in function 'fwrite'
configure:21651: $? = 0
configure:21651: result: yes
configure:21651: checking for getgid
configure:21651: cc -o conftest -O3    conftest.c  -lpthread >&5
configure:21651: $? = 0
configure:21651: result: yes
configure:21651: checking for getrusage
configure:21651: cc -o conftest -O3    conftest.c  -lpthread >&5
configure:21651: $? = 0
configure:21651: result: yes
configure:21651: checking for getuid
configure:21651: cc -o conftest -O3    conftest.c  -lpthread >&5
configure:21651: $? = 0
configure:21651: result: yes
configure:21651: checking for hstrerror
configure:21651: cc -o conftest -O3    conftest.c  -lpthread >&5
configure:21651: $? = 0
configure:21651: result: yes
configure:21651: checking for mprotect
configure:21651: cc -o conftest -O3    conftest.c  -lpthread >&5
configure:21651: $? = 0
configure:21651: result: yes
configure:21651: checking for pstat_getdynamic
configure:21651: cc -o conftest -O3    conftest.c  -lpthread >&5
Undefined symbols:
  "_pstat_getdynamic", referenced from:
      _main in ccVb7Wo5.o
ld: symbol(s) not found
collect2: ld returned 1 exit status
configure:21651: $? = 1
configure: failed program was:
| /* confdefs.h */
| #define PACKAGE_NAME "Berkeley DB"
| #define PACKAGE_TARNAME "db-5.0.26"
| #define PACKAGE_VERSION "5.0.26"
| #define PACKAGE_STRING "Berkeley DB 5.0.26"
| #define PACKAGE_BUGREPORT "Oracle Technology Network Berkeley DB forum"
| #define PACKAGE_URL ""
| #define HAVE_UPGRADE_SUPPORT 1
| #define STDC_HEADERS 1
| #define HAVE_SYS_TYPES_H 1
| #define HAVE_SYS_STAT_H 1
| #define HAVE_STDLIB_H 1
| #define HAVE_STRING_H 1
| #define HAVE_MEMORY_H 1
| #define HAVE_STRINGS_H 1
| #define HAVE_INTTYPES_H 1
| #define HAVE_STDINT_H 1
| #define HAVE_UNISTD_H 1
| #define HAVE_DLFCN_H 1
| #define LT_OBJDIR ".libs/"
| #define HAVE_SYSTEM_INCLUDE_FILES 1
| #define TIME_WITH_SYS_TIME 1
| #define HAVE_DIRENT_H 1
| #define HAVE_EXECINFO_H 1
| #define HAVE_SYS_SELECT_H 1
| #define HAVE_SYS_SOCKET_H 1
| #define HAVE_SYS_TIME_H 1
| #define HAVE_STRUCT_STAT_ST_BLKSIZE 1
| #define SIZEOF_CHAR 1
| #define SIZEOF_UNSIGNED_CHAR 1
| #define SIZEOF_SHORT 2
| #define SIZEOF_UNSIGNED_SHORT 2
| #define SIZEOF_INT 4
| #define SIZEOF_UNSIGNED_INT 4
| #define SIZEOF_LONG 8
| #define SIZEOF_UNSIGNED_LONG 8
| #define SIZEOF_LONG_LONG 8
| #define SIZEOF_UNSIGNED_LONG_LONG 8
| #define SIZEOF_CHAR_P 8
| #define SIZEOF_SIZE_T 8
| #define HAVE_EXIT_SUCCESS 1
| #define HAVE_GETOPT_OPTRESET 1
| #define HAVE_MUTEX_X86_64_GCC_ASSEMBLY 1
| #define HAVE_MUTEX_SUPPORT 1
| #define HAVE_SHARED_LATCHES 1
| #define HAVE_SIMPLE_THREAD_TYPE 1
| #define HAVE_ATOMIC_SUPPORT 1
| #define HAVE_ATOMIC_X86_GCC_ASSEMBLY 1
| #define HAVE_ABORT 1
| #define HAVE_ATOI 1
| #define HAVE_ATOL 1
| #define HAVE_GETCWD 1
| #define HAVE_GETENV 1
| #define HAVE_GETOPT 1
| #define HAVE_ISALPHA 1
| #define HAVE_ISDIGIT 1
| #define HAVE_ISPRINT 1
| #define HAVE_ISSPACE 1
| #define HAVE_MEMCMP 1
| #define HAVE_MEMCPY 1
| #define HAVE_MEMMOVE 1
| #define HAVE_PRINTF 1
| #define HAVE_QSORT 1
| #define HAVE_RAISE 1
| #define HAVE_RAND 1
| #define HAVE_STRCASECMP 1
| #define HAVE_STRCAT 1
| #define HAVE_STRCHR 1
| #define HAVE_STRDUP 1
| #define HAVE_STRERROR 1
| #define HAVE_STRNCAT 1
| #define HAVE_STRNCMP 1
| #define HAVE_STRRCHR 1
| #define HAVE_STRSEP 1
| #define HAVE_STRTOL 1
| #define HAVE_STRTOUL 1
| #define HAVE_BACKTRACE 1
| #define HAVE_BACKTRACE_SYMBOLS 1
| #define HAVE_FCHMOD 1
| #define HAVE_FCLOSE 1
| #define HAVE_FCNTL 1
| #define HAVE_FDATASYNC 1
| #define HAVE_FGETC 1
| #define HAVE_FGETS 1
| #define HAVE_FOPEN 1
| #define HAVE_FWRITE 1
| #define HAVE_GETGID 1
| #define HAVE_GETRUSAGE 1
| #define HAVE_GETUID 1
| #define HAVE_HSTRERROR 1
| #define HAVE_MPROTECT 1
| /* end confdefs.h.  */
| /* Define pstat_getdynamic to an innocuous variant, in case <limits.h> declares pstat_getdynamic.
|    For example, HP-UX 11i <limits.h> declares gettimeofday.  */
| #define pstat_getdynamic innocuous_pstat_getdynamic
| 
| /* System header to define __stub macros and hopefully few prototypes,
|     which can conflict with char pstat_getdynamic (); below.
|     Prefer <limits.h> to <assert.h> if __STDC__ is defined, since
|     <limits.h> exists even on freestanding compilers.  */
| 
| #ifdef __STDC__
| # include <limits.h>
| #else
| # include <assert.h>
| #endif
| 
| #undef pstat_getdynamic
| 
| /* Override any GCC internal prototype to avoid an error.
|    Use char because int might match the return type of a GCC
|    builtin and then its argument prototype would still apply.  */
| #ifdef __cplusplus
| extern "C"
| #endif
| char pstat_getdynamic ();
| /* The GNU C library defines this for functions which it implements
|     to always fail with ENOSYS.  Some functions are actually named
|     something starting with __ and the normal name is an alias.  */
| #if defined __stub_pstat_getdynamic || defined __stub___pstat_getdynamic
| choke me
| #endif
| 
| int
| main ()
| {
| return pstat_getdynamic ();
|   ;
|   return 0;
| }
configure:21651: result: no
configure:21651: checking for pthread_self
configure:21651: cc -o conftest -O3    conftest.c  -lpthread >&5
configure:21651: $? = 0
configure:21651: result: yes
configure:21651: checking for pthread_yield
configure:21651: cc -o conftest -O3    conftest.c  -lpthread >&5
Undefined symbols:
  "_pthread_yield", referenced from:
      _main in ccYXnrik.o
ld: symbol(s) not found
collect2: ld returned 1 exit status
configure:21651: $? = 1
configure: failed program was:
| /* confdefs.h */
| #define PACKAGE_NAME "Berkeley DB"
| #define PACKAGE_TARNAME "db-5.0.26"
| #define PACKAGE_VERSION "5.0.26"
| #define PACKAGE_STRING "Berkeley DB 5.0.26"
| #define PACKAGE_BUGREPORT "Oracle Technology Network Berkeley DB forum"
| #define PACKAGE_URL ""
| #define HAVE_UPGRADE_SUPPORT 1
| #define STDC_HEADERS 1
| #define HAVE_SYS_TYPES_H 1
| #define HAVE_SYS_STAT_H 1
| #define HAVE_STDLIB_H 1
| #define HAVE_STRING_H 1
| #define HAVE_MEMORY_H 1
| #define HAVE_STRINGS_H 1
| #define HAVE_INTTYPES_H 1
| #define HAVE_STDINT_H 1
| #define HAVE_UNISTD_H 1
| #define HAVE_DLFCN_H 1
| #define LT_OBJDIR ".libs/"
| #define HAVE_SYSTEM_INCLUDE_FILES 1
| #define TIME_WITH_SYS_TIME 1
| #define HAVE_DIRENT_H 1
| #define HAVE_EXECINFO_H 1
| #define HAVE_SYS_SELECT_H 1
| #define HAVE_SYS_SOCKET_H 1
| #define HAVE_SYS_TIME_H 1
| #define HAVE_STRUCT_STAT_ST_BLKSIZE 1
| #define SIZEOF_CHAR 1
| #define SIZEOF_UNSIGNED_CHAR 1
| #define SIZEOF_SHORT 2
| #define SIZEOF_UNSIGNED_SHORT 2
| #define SIZEOF_INT 4
| #define SIZEOF_UNSIGNED_INT 4
| #define SIZEOF_LONG 8
| #define SIZEOF_UNSIGNED_LONG 8
| #define SIZEOF_LONG_LONG 8
| #define SIZEOF_UNSIGNED_LONG_LONG 8
| #define SIZEOF_CHAR_P 8
| #define SIZEOF_SIZE_T 8
| #define HAVE_EXIT_SUCCESS 1
| #define HAVE_GETOPT_OPTRESET 1
| #define HAVE_MUTEX_X86_64_GCC_ASSEMBLY 1
| #define HAVE_MUTEX_SUPPORT 1
| #define HAVE_SHARED_LATCHES 1
| #define HAVE_SIMPLE_THREAD_TYPE 1
| #define HAVE_ATOMIC_SUPPORT 1
| #define HAVE_ATOMIC_X86_GCC_ASSEMBLY 1
| #define HAVE_ABORT 1
| #define HAVE_ATOI 1
| #define HAVE_ATOL 1
| #define HAVE_GETCWD 1
| #define HAVE_GETENV 1
| #define HAVE_GETOPT 1
| #define HAVE_ISALPHA 1
| #define HAVE_ISDIGIT 1
| #define HAVE_ISPRINT 1
| #define HAVE_ISSPACE 1
| #define HAVE_MEMCMP 1
| #define HAVE_MEMCPY 1
| #define HAVE_MEMMOVE 1
| #define HAVE_PRINTF 1
| #define HAVE_QSORT 1
| #define HAVE_RAISE 1
| #define HAVE_RAND 1
| #define HAVE_STRCASECMP 1
| #define HAVE_STRCAT 1
| #define HAVE_STRCHR 1
| #define HAVE_STRDUP 1
| #define HAVE_STRERROR 1
| #define HAVE_STRNCAT 1
| #define HAVE_STRNCMP 1
| #define HAVE_STRRCHR 1
| #define HAVE_STRSEP 1
| #define HAVE_STRTOL 1
| #define HAVE_STRTOUL 1
| #define HAVE_BACKTRACE 1
| #define HAVE_BACKTRACE_SYMBOLS 1
| #define HAVE_FCHMOD 1
| #define HAVE_FCLOSE 1
| #define HAVE_FCNTL 1
| #define HAVE_FDATASYNC 1
| #define HAVE_FGETC 1
| #define HAVE_FGETS 1
| #define HAVE_FOPEN 1
| #define HAVE_FWRITE 1
| #define HAVE_GETGID 1
| #define HAVE_GETRUSAGE 1
| #define HAVE_GETUID 1
| #define HAVE_HSTRERROR 1
| #define HAVE_MPROTECT 1
| #define HAVE_PTHREAD_SELF 1
| /* end confdefs.h.  */
| /* Define pthread_yield to an innocuous variant, in case <limits.h> declares pthread_yield.
|    For example, HP-UX 11i <limits.h> declares gettimeofday.  */
| #define pthread_yield innocuous_pthread_yield
| 
| /* System header to define __stub macros and hopefully few prototypes,
|     which can conflict with char pthread_yield (); below.
|     Prefer <limits.h> to <assert.h> if __STDC__ is defined, since
|     <limits.h> exists even on freestanding compilers.  */
| 
| #ifdef __STDC__
| # include <limits.h>
| #else
| # include <assert.h>
| #endif
| 
| #undef pthread_yield
| 
| /* Override any GCC internal prototype to avoid an error.
|    Use char because int might match the return type of a GCC
|    builtin and then its argument prototype would still apply.  */
| #ifdef __cplusplus
| extern "C"
| #endif
| char pthread_yield ();
| /* The GNU C library defines this for functions which it implements
|     to always fail with ENOSYS.  Some functions are actually named
|     something starting with __ and the normal name is an alias.  */
| #if defined __stub_pthread_yield || defined __stub___pthread_yield
| choke me
| #endif
| 
| int
| main ()
| {
| return pthread_yield ();
|   ;
|   return 0;
| }
configure:21651: result: no
configure:21651: checking for random
configure:21651: cc -o conftest -O3    conftest.c  -lpthread >&5
configure:21651: $? = 0
configure:21651: result: yes
configure:21651: checking for sched_yield
configure:21651: cc -o conftest -O3    conftest.c  -lpthread >&5
configure:21651: $? = 0
configure:21651: result: yes
configure:21651: checking for select
configure:21651: cc -o conftest -O3    conftest.c  -lpthread >&5
configure:21651: $? = 0
configure:21651: result: yes
configure:21651: checking for setgid
configure:21651: cc -o conftest -O3    conftest.c  -lpthread >&5
configure:21651: $? = 0
configure:21651: result: yes
configure:21651: checking for setuid
configure:21651: cc -o conftest -O3    conftest.c  -lpthread >&5
configure:21651: $? = 0
configure:21651: result: yes
configure:21651: checking for sigaction
configure:21651: cc -o conftest -O3    conftest.c  -lpthread >&5
configure:21651: $? = 0
configure:21651: result: yes
configure:21651: checking for snprintf
configure:21651: cc -o conftest -O3    conftest.c  -lpthread >&5
conftest.c:123: warning: conflicting types for built-in function 'snprintf'
configure:21651: $? = 0
configure:21651: result: yes
configure:21651: checking for stat
configure:21651: cc -o conftest -O3    conftest.c  -lpthread >&5
configure:21651: $? = 0
configure:21651: result: yes
configure:21651: checking for sysconf
configure:21651: cc -o conftest -O3    conftest.c  -lpthread >&5
configure:21651: $? = 0
configure:21651: result: yes
configure:21651: checking for vsnprintf
configure:21651: cc -o conftest -O3    conftest.c  -lpthread >&5
conftest.c:126: warning: conflicting types for built-in function 'vsnprintf'
configure:21651: $? = 0
configure:21651: result: yes
configure:21651: checking for yield
configure:21651: cc -o conftest -O3    conftest.c  -lpthread >&5
Undefined symbols:
  "_yield", referenced from:
      _main in cc9GJF7l.o
ld: symbol(s) not found
collect2: ld returned 1 exit status
configure:21651: $? = 1
configure: failed program was:
| /* confdefs.h */
| #define PACKAGE_NAME "Berkeley DB"
| #define PACKAGE_TARNAME "db-5.0.26"
| #define PACKAGE_VERSION "5.0.26"
| #define PACKAGE_STRING "Berkeley DB 5.0.26"
| #define PACKAGE_BUGREPORT "Oracle Technology Network Berkeley DB forum"
| #define PACKAGE_URL ""
| #define HAVE_UPGRADE_SUPPORT 1
| #define STDC_HEADERS 1
| #define HAVE_SYS_TYPES_H 1
| #define HAVE_SYS_STAT_H 1
| #define HAVE_STDLIB_H 1
| #define HAVE_STRING_H 1
| #define HAVE_MEMORY_H 1
| #define HAVE_STRINGS_H 1
| #define HAVE_INTTYPES_H 1
| #define HAVE_STDINT_H 1
| #define HAVE_UNISTD_H 1
| #define HAVE_DLFCN_H 1
| #define LT_OBJDIR ".libs/"
| #define HAVE_SYSTEM_INCLUDE_FILES 1
| #define TIME_WITH_SYS_TIME 1
| #define HAVE_DIRENT_H 1
| #define HAVE_EXECINFO_H 1
| #define HAVE_SYS_SELECT_H 1
| #define HAVE_SYS_SOCKET_H 1
| #define HAVE_SYS_TIME_H 1
| #define HAVE_STRUCT_STAT_ST_BLKSIZE 1
| #define SIZEOF_CHAR 1
| #define SIZEOF_UNSIGNED_CHAR 1
| #define SIZEOF_SHORT 2
| #define SIZEOF_UNSIGNED_SHORT 2
| #define SIZEOF_INT 4
| #define SIZEOF_UNSIGNED_INT 4
| #define SIZEOF_LONG 8
| #define SIZEOF_UNSIGNED_LONG 8
| #define SIZEOF_LONG_LONG 8
| #define SIZEOF_UNSIGNED_LONG_LONG 8
| #define SIZEOF_CHAR_P 8
| #define SIZEOF_SIZE_T 8
| #define HAVE_EXIT_SUCCESS 1
| #define HAVE_GETOPT_OPTRESET 1
| #define HAVE_MUTEX_X86_64_GCC_ASSEMBLY 1
| #define HAVE_MUTEX_SUPPORT 1
| #define HAVE_SHARED_LATCHES 1
| #define HAVE_SIMPLE_THREAD_TYPE 1
| #define HAVE_ATOMIC_SUPPORT 1
| #define HAVE_ATOMIC_X86_GCC_ASSEMBLY 1
| #define HAVE_ABORT 1
| #define HAVE_ATOI 1
| #define HAVE_ATOL 1
| #define HAVE_GETCWD 1
| #define HAVE_GETENV 1
| #define HAVE_GETOPT 1
| #define HAVE_ISALPHA 1
| #define HAVE_ISDIGIT 1
| #define HAVE_ISPRINT 1
| #define HAVE_ISSPACE 1
| #define HAVE_MEMCMP 1
| #define HAVE_MEMCPY 1
| #define HAVE_MEMMOVE 1
| #define HAVE_PRINTF 1
| #define HAVE_QSORT 1
| #define HAVE_RAISE 1
| #define HAVE_RAND 1
| #define HAVE_STRCASECMP 1
| #define HAVE_STRCAT 1
| #define HAVE_STRCHR 1
| #define HAVE_STRDUP 1
| #define HAVE_STRERROR 1
| #define HAVE_STRNCAT 1
| #define HAVE_STRNCMP 1
| #define HAVE_STRRCHR 1
| #define HAVE_STRSEP 1
| #define HAVE_STRTOL 1
| #define HAVE_STRTOUL 1
| #define HAVE_BACKTRACE 1
| #define HAVE_BACKTRACE_SYMBOLS 1
| #define HAVE_FCHMOD 1
| #define HAVE_FCLOSE 1
| #define HAVE_FCNTL 1
| #define HAVE_FDATASYNC 1
| #define HAVE_FGETC 1
| #define HAVE_FGETS 1
| #define HAVE_FOPEN 1
| #define HAVE_FWRITE 1
| #define HAVE_GETGID 1
| #define HAVE_GETRUSAGE 1
| #define HAVE_GETUID 1
| #define HAVE_HSTRERROR 1
| #define HAVE_MPROTECT 1
| #define HAVE_PTHREAD_SELF 1
| #define HAVE_RANDOM 1
| #define HAVE_SCHED_YIELD 1
| #define HAVE_SELECT 1
| #define HAVE_SETGID 1
| #define HAVE_SETUID 1
| #define HAVE_SIGACTION 1
| #define HAVE_SNPRINTF 1
| #define HAVE_STAT 1
| #define HAVE_SYSCONF 1
| #define HAVE_VSNPRINTF 1
| /* end confdefs.h.  */
| /* Define yield to an innocuous variant, in case <limits.h> declares yield.
|    For example, HP-UX 11i <limits.h> declares gettimeofday.  */
| #define yield innocuous_yield
| 
| /* System header to define __stub macros and hopefully few prototypes,
|     which can conflict with char yield (); below.
|     Prefer <limits.h> to <assert.h> if __STDC__ is defined, since
|     <limits.h> exists even on freestanding compilers.  */
| 
| #ifdef __STDC__
| # include <limits.h>
| #else
| # include <assert.h>
| #endif
| 
| #undef yield
| 
| /* Override any GCC internal prototype to avoid an error.
|    Use char because int might match the return type of a GCC
|    builtin and then its argument prototype would still apply.  */
| #ifdef __cplusplus
| extern "C"
| #endif
| char yield ();
| /* The GNU C library defines this for functions which it implements
|     to always fail with ENOSYS.  Some functions are actually named
|     something starting with __ and the normal name is an alias.  */
| #if defined __stub_yield || defined __stub___yield
| choke me
| #endif
| 
| int
| main ()
| {
| return yield ();
|   ;
|   return 0;
| }
configure:21651: result: no
configure:21667: checking for gettimeofday
configure:21667: cc -o conftest -O3    conftest.c  -lpthread >&5
configure:21667: $? = 0
configure:21667: result: yes
configure:21667: checking for localtime
configure:21667: cc -o conftest -O3    conftest.c  -lpthread >&5
configure:21667: $? = 0
configure:21667: result: yes
configure:21667: checking for time
configure:21667: cc -o conftest -O3    conftest.c  -lpthread >&5
configure:21667: $? = 0
configure:21667: result: yes
configure:21667: checking for strftime
configure:21667: cc -o conftest -O3    conftest.c  -lpthread >&5
conftest.c:130: warning: conflicting types for built-in function 'strftime'
configure:21667: $? = 0
configure:21667: result: yes
configure:21686: checking for clock_gettime
configure:21686: cc -o conftest -O3    conftest.c  -lpthread >&5
Undefined symbols:
  "_clock_gettime", referenced from:
      _main in cccHffu7.o
ld: symbol(s) not found
collect2: ld returned 1 exit status
configure:21686: $? = 1
configure: failed program was:
| /* confdefs.h */
| #define PACKAGE_NAME "Berkeley DB"
| #define PACKAGE_TARNAME "db-5.0.26"
| #define PACKAGE_VERSION "5.0.26"
| #define PACKAGE_STRING "Berkeley DB 5.0.26"
| #define PACKAGE_BUGREPORT "Oracle Technology Network Berkeley DB forum"
| #define PACKAGE_URL ""
| #define HAVE_UPGRADE_SUPPORT 1
| #define STDC_HEADERS 1
| #define HAVE_SYS_TYPES_H 1
| #define HAVE_SYS_STAT_H 1
| #define HAVE_STDLIB_H 1
| #define HAVE_STRING_H 1
| #define HAVE_MEMORY_H 1
| #define HAVE_STRINGS_H 1
| #define HAVE_INTTYPES_H 1
| #define HAVE_STDINT_H 1
| #define HAVE_UNISTD_H 1
| #define HAVE_DLFCN_H 1
| #define LT_OBJDIR ".libs/"
| #define HAVE_SYSTEM_INCLUDE_FILES 1
| #define TIME_WITH_SYS_TIME 1
| #define HAVE_DIRENT_H 1
| #define HAVE_EXECINFO_H 1
| #define HAVE_SYS_SELECT_H 1
| #define HAVE_SYS_SOCKET_H 1
| #define HAVE_SYS_TIME_H 1
| #define HAVE_STRUCT_STAT_ST_BLKSIZE 1
| #define SIZEOF_CHAR 1
| #define SIZEOF_UNSIGNED_CHAR 1
| #define SIZEOF_SHORT 2
| #define SIZEOF_UNSIGNED_SHORT 2
| #define SIZEOF_INT 4
| #define SIZEOF_UNSIGNED_INT 4
| #define SIZEOF_LONG 8
| #define SIZEOF_UNSIGNED_LONG 8
| #define SIZEOF_LONG_LONG 8
| #define SIZEOF_UNSIGNED_LONG_LONG 8
| #define SIZEOF_CHAR_P 8
| #define SIZEOF_SIZE_T 8
| #define HAVE_EXIT_SUCCESS 1
| #define HAVE_GETOPT_OPTRESET 1
| #define HAVE_MUTEX_X86_64_GCC_ASSEMBLY 1
| #define HAVE_MUTEX_SUPPORT 1
| #define HAVE_SHARED_LATCHES 1
| #define HAVE_SIMPLE_THREAD_TYPE 1
| #define HAVE_ATOMIC_SUPPORT 1
| #define HAVE_ATOMIC_X86_GCC_ASSEMBLY 1
| #define HAVE_ABORT 1
| #define HAVE_ATOI 1
| #define HAVE_ATOL 1
| #define HAVE_GETCWD 1
| #define HAVE_GETENV 1
| #define HAVE_GETOPT 1
| #define HAVE_ISALPHA 1
| #define HAVE_ISDIGIT 1
| #define HAVE_ISPRINT 1
| #define HAVE_ISSPACE 1
| #define HAVE_MEMCMP 1
| #define HAVE_MEMCPY 1
| #define HAVE_MEMMOVE 1
| #define HAVE_PRINTF 1
| #define HAVE_QSORT 1
| #define HAVE_RAISE 1
| #define HAVE_RAND 1
| #define HAVE_STRCASECMP 1
| #define HAVE_STRCAT 1
| #define HAVE_STRCHR 1
| #define HAVE_STRDUP 1
| #define HAVE_STRERROR 1
| #define HAVE_STRNCAT 1
| #define HAVE_STRNCMP 1
| #define HAVE_STRRCHR 1
| #define HAVE_STRSEP 1
| #define HAVE_STRTOL 1
| #define HAVE_STRTOUL 1
| #define HAVE_BACKTRACE 1
| #define HAVE_BACKTRACE_SYMBOLS 1
| #define HAVE_FCHMOD 1
| #define HAVE_FCLOSE 1
| #define HAVE_FCNTL 1
| #define HAVE_FDATASYNC 1
| #define HAVE_FGETC 1
| #define HAVE_FGETS 1
| #define HAVE_FOPEN 1
| #define HAVE_FWRITE 1
| #define HAVE_GETGID 1
| #define HAVE_GETRUSAGE 1
| #define HAVE_GETUID 1
| #define HAVE_HSTRERROR 1
| #define HAVE_MPROTECT 1
| #define HAVE_PTHREAD_SELF 1
| #define HAVE_RANDOM 1
| #define HAVE_SCHED_YIELD 1
| #define HAVE_SELECT 1
| #define HAVE_SETGID 1
| #define HAVE_SETUID 1
| #define HAVE_SIGACTION 1
| #define HAVE_SNPRINTF 1
| #define HAVE_STAT 1
| #define HAVE_SYSCONF 1
| #define HAVE_VSNPRINTF 1
| #define HAVE_GETTIMEOFDAY 1
| #define HAVE_LOCALTIME 1
| #define HAVE_TIME 1
| #define HAVE_STRFTIME 1
| /* end confdefs.h.  */
| /* Define clock_gettime to an innocuous variant, in case <limits.h> declares clock_gettime.
|    For example, HP-UX 11i <limits.h> declares gettimeofday.  */
| #define clock_gettime innocuous_clock_gettime
| 
| /* System header to define __stub macros and hopefully few prototypes,
|     which can conflict with char clock_gettime (); below.
|     Prefer <limits.h> to <assert.h> if __STDC__ is defined, since
|     <limits.h> exists even on freestanding compilers.  */
| 
| #ifdef __STDC__
| # include <limits.h>
| #else
| # include <assert.h>
| #endif
| 
| #undef clock_gettime
| 
| /* Override any GCC internal prototype to avoid an error.
|    Use char because int might match the return type of a GCC
|    builtin and then its argument prototype would still apply.  */
| #ifdef __cplusplus
| extern "C"
| #endif
| char clock_gettime ();
| /* The GNU C library defines this for functions which it implements
|     to always fail with ENOSYS.  Some functions are actually named
|     something starting with __ and the normal name is an alias.  */
| #if defined __stub_clock_gettime || defined __stub___clock_gettime
| choke me
| #endif
| 
| int
| main ()
| {
| return clock_gettime ();
|   ;
|   return 0;
| }
configure:21686: result: no
configure:21701: checking for clock_gettime monotonic clock
configure:21740: cc -o conftest -O3    conftest.c  -lpthread >&5
conftest.c: In function 'main':
conftest.c:112: error: 'CLOCK_MONOTONIC' undeclared (first use in this function)
conftest.c:112: error: (Each undeclared identifier is reported only once
conftest.c:112: error: for each function it appears in.)
configure:21740: $? = 1
configure: program exited with status 1
configure: failed program was:
| /* confdefs.h */
| #define PACKAGE_NAME "Berkeley DB"
| #define PACKAGE_TARNAME "db-5.0.26"
| #define PACKAGE_VERSION "5.0.26"
| #define PACKAGE_STRING "Berkeley DB 5.0.26"
| #define PACKAGE_BUGREPORT "Oracle Technology Network Berkeley DB forum"
| #define PACKAGE_URL ""
| #define HAVE_UPGRADE_SUPPORT 1
| #define STDC_HEADERS 1
| #define HAVE_SYS_TYPES_H 1
| #define HAVE_SYS_STAT_H 1
| #define HAVE_STDLIB_H 1
| #define HAVE_STRING_H 1
| #define HAVE_MEMORY_H 1
| #define HAVE_STRINGS_H 1
| #define HAVE_INTTYPES_H 1
| #define HAVE_STDINT_H 1
| #define HAVE_UNISTD_H 1
| #define HAVE_DLFCN_H 1
| #define LT_OBJDIR ".libs/"
| #define HAVE_SYSTEM_INCLUDE_FILES 1
| #define TIME_WITH_SYS_TIME 1
| #define HAVE_DIRENT_H 1
| #define HAVE_EXECINFO_H 1
| #define HAVE_SYS_SELECT_H 1
| #define HAVE_SYS_SOCKET_H 1
| #define HAVE_SYS_TIME_H 1
| #define HAVE_STRUCT_STAT_ST_BLKSIZE 1
| #define SIZEOF_CHAR 1
| #define SIZEOF_UNSIGNED_CHAR 1
| #define SIZEOF_SHORT 2
| #define SIZEOF_UNSIGNED_SHORT 2
| #define SIZEOF_INT 4
| #define SIZEOF_UNSIGNED_INT 4
| #define SIZEOF_LONG 8
| #define SIZEOF_UNSIGNED_LONG 8
| #define SIZEOF_LONG_LONG 8
| #define SIZEOF_UNSIGNED_LONG_LONG 8
| #define SIZEOF_CHAR_P 8
| #define SIZEOF_SIZE_T 8
| #define HAVE_EXIT_SUCCESS 1
| #define HAVE_GETOPT_OPTRESET 1
| #define HAVE_MUTEX_X86_64_GCC_ASSEMBLY 1
| #define HAVE_MUTEX_SUPPORT 1
| #define HAVE_SHARED_LATCHES 1
| #define HAVE_SIMPLE_THREAD_TYPE 1
| #define HAVE_ATOMIC_SUPPORT 1
| #define HAVE_ATOMIC_X86_GCC_ASSEMBLY 1
| #define HAVE_ABORT 1
| #define HAVE_ATOI 1
| #define HAVE_ATOL 1
| #define HAVE_GETCWD 1
| #define HAVE_GETENV 1
| #define HAVE_GETOPT 1
| #define HAVE_ISALPHA 1
| #define HAVE_ISDIGIT 1
| #define HAVE_ISPRINT 1
| #define HAVE_ISSPACE 1
| #define HAVE_MEMCMP 1
| #define HAVE_MEMCPY 1
| #define HAVE_MEMMOVE 1
| #define HAVE_PRINTF 1
| #define HAVE_QSORT 1
| #define HAVE_RAISE 1
| #define HAVE_RAND 1
| #define HAVE_STRCASECMP 1
| #define HAVE_STRCAT 1
| #define HAVE_STRCHR 1
| #define HAVE_STRDUP 1
| #define HAVE_STRERROR 1
| #define HAVE_STRNCAT 1
| #define HAVE_STRNCMP 1
| #define HAVE_STRRCHR 1
| #define HAVE_STRSEP 1
| #define HAVE_STRTOL 1
| #define HAVE_STRTOUL 1
| #define HAVE_BACKTRACE 1
| #define HAVE_BACKTRACE_SYMBOLS 1
| #define HAVE_FCHMOD 1
| #define HAVE_FCLOSE 1
| #define HAVE_FCNTL 1
| #define HAVE_FDATASYNC 1
| #define HAVE_FGETC 1
| #define HAVE_FGETS 1
| #define HAVE_FOPEN 1
| #define HAVE_FWRITE 1
| #define HAVE_GETGID 1
| #define HAVE_GETRUSAGE 1
| #define HAVE_GETUID 1
| #define HAVE_HSTRERROR 1
| #define HAVE_MPROTECT 1
| #define HAVE_PTHREAD_SELF 1
| #define HAVE_RANDOM 1
| #define HAVE_SCHED_YIELD 1
| #define HAVE_SELECT 1
| #define HAVE_SETGID 1
| #define HAVE_SETUID 1
| #define HAVE_SIGACTION 1
| #define HAVE_SNPRINTF 1
| #define HAVE_STAT 1
| #define HAVE_SYSCONF 1
| #define HAVE_VSNPRINTF 1
| #define HAVE_GETTIMEOFDAY 1
| #define HAVE_LOCALTIME 1
| #define HAVE_TIME 1
| #define HAVE_STRFTIME 1
| /* end confdefs.h.  */
| 
| #include <sys/time.h>
| main() {
| 	struct timespec t;
| 	return (clock_gettime(CLOCK_MONOTONIC, &t) != 0);
| }
configure:21751: result: no
configure:21767: checking for ctime_r
configure:21767: cc -o conftest -O3    conftest.c  -lpthread >&5
configure:21767: $? = 0
configure:21767: result: yes
configure:21777: checking for 2 or 3 argument version of ctime_r
configure:21797: cc -o conftest -O3    conftest.c  -lpthread >&5
conftest.c: In function 'main':
conftest.c:115: error: too many arguments to function 'ctime_r'
configure:21797: $? = 1
configure: failed program was:
| /* confdefs.h */
| #define PACKAGE_NAME "Berkeley DB"
| #define PACKAGE_TARNAME "db-5.0.26"
| #define PACKAGE_VERSION "5.0.26"
| #define PACKAGE_STRING "Berkeley DB 5.0.26"
| #define PACKAGE_BUGREPORT "Oracle Technology Network Berkeley DB forum"
| #define PACKAGE_URL ""
| #define HAVE_UPGRADE_SUPPORT 1
| #define STDC_HEADERS 1
| #define HAVE_SYS_TYPES_H 1
| #define HAVE_SYS_STAT_H 1
| #define HAVE_STDLIB_H 1
| #define HAVE_STRING_H 1
| #define HAVE_MEMORY_H 1
| #define HAVE_STRINGS_H 1
| #define HAVE_INTTYPES_H 1
| #define HAVE_STDINT_H 1
| #define HAVE_UNISTD_H 1
| #define HAVE_DLFCN_H 1
| #define LT_OBJDIR ".libs/"
| #define HAVE_SYSTEM_INCLUDE_FILES 1
| #define TIME_WITH_SYS_TIME 1
| #define HAVE_DIRENT_H 1
| #define HAVE_EXECINFO_H 1
| #define HAVE_SYS_SELECT_H 1
| #define HAVE_SYS_SOCKET_H 1
| #define HAVE_SYS_TIME_H 1
| #define HAVE_STRUCT_STAT_ST_BLKSIZE 1
| #define SIZEOF_CHAR 1
| #define SIZEOF_UNSIGNED_CHAR 1
| #define SIZEOF_SHORT 2
| #define SIZEOF_UNSIGNED_SHORT 2
| #define SIZEOF_INT 4
| #define SIZEOF_UNSIGNED_INT 4
| #define SIZEOF_LONG 8
| #define SIZEOF_UNSIGNED_LONG 8
| #define SIZEOF_LONG_LONG 8
| #define SIZEOF_UNSIGNED_LONG_LONG 8
| #define SIZEOF_CHAR_P 8
| #define SIZEOF_SIZE_T 8
| #define HAVE_EXIT_SUCCESS 1
| #define HAVE_GETOPT_OPTRESET 1
| #define HAVE_MUTEX_X86_64_GCC_ASSEMBLY 1
| #define HAVE_MUTEX_SUPPORT 1
| #define HAVE_SHARED_LATCHES 1
| #define HAVE_SIMPLE_THREAD_TYPE 1
| #define HAVE_ATOMIC_SUPPORT 1
| #define HAVE_ATOMIC_X86_GCC_ASSEMBLY 1
| #define HAVE_ABORT 1
| #define HAVE_ATOI 1
| #define HAVE_ATOL 1
| #define HAVE_GETCWD 1
| #define HAVE_GETENV 1
| #define HAVE_GETOPT 1
| #define HAVE_ISALPHA 1
| #define HAVE_ISDIGIT 1
| #define HAVE_ISPRINT 1
| #define HAVE_ISSPACE 1
| #define HAVE_MEMCMP 1
| #define HAVE_MEMCPY 1
| #define HAVE_MEMMOVE 1
| #define HAVE_PRINTF 1
| #define HAVE_QSORT 1
| #define HAVE_RAISE 1
| #define HAVE_RAND 1
| #define HAVE_STRCASECMP 1
| #define HAVE_STRCAT 1
| #define HAVE_STRCHR 1
| #define HAVE_STRDUP 1
| #define HAVE_STRERROR 1
| #define HAVE_STRNCAT 1
| #define HAVE_STRNCMP 1
| #define HAVE_STRRCHR 1
| #define HAVE_STRSEP 1
| #define HAVE_STRTOL 1
| #define HAVE_STRTOUL 1
| #define HAVE_BACKTRACE 1
| #define HAVE_BACKTRACE_SYMBOLS 1
| #define HAVE_FCHMOD 1
| #define HAVE_FCLOSE 1
| #define HAVE_FCNTL 1
| #define HAVE_FDATASYNC 1
| #define HAVE_FGETC 1
| #define HAVE_FGETS 1
| #define HAVE_FOPEN 1
| #define HAVE_FWRITE 1
| #define HAVE_GETGID 1
| #define HAVE_GETRUSAGE 1
| #define HAVE_GETUID 1
| #define HAVE_HSTRERROR 1
| #define HAVE_MPROTECT 1
| #define HAVE_PTHREAD_SELF 1
| #define HAVE_RANDOM 1
| #define HAVE_SCHED_YIELD 1
| #define HAVE_SELECT 1
| #define HAVE_SETGID 1
| #define HAVE_SETUID 1
| #define HAVE_SIGACTION 1
| #define HAVE_SNPRINTF 1
| #define HAVE_STAT 1
| #define HAVE_SYSCONF 1
| #define HAVE_VSNPRINTF 1
| #define HAVE_GETTIMEOFDAY 1
| #define HAVE_LOCALTIME 1
| #define HAVE_TIME 1
| #define HAVE_STRFTIME 1
| #define HAVE_CTIME_R 1
| /* end confdefs.h.  */
| 
| #include <time.h>
| int
| main ()
| {
| 
| 	ctime_r(NULL, NULL, 100);
| 
|   ;
|   return 0;
| }
configure:21805: result: 2-argument
configure:21826: checking for ftruncate
configure:21826: cc -o conftest -O3    conftest.c  -lpthread >&5
configure:21826: $? = 0
configure:21826: result: yes
configure:21848: checking for pread
configure:21848: cc -o conftest -O3    conftest.c  -lpthread >&5
configure:21848: $? = 0
configure:21848: result: yes
configure:21848: checking for pwrite
configure:21848: cc -o conftest -O3    conftest.c  -lpthread >&5
configure:21848: $? = 0
configure:21848: result: yes
configure:21862: checking for getaddrinfo
configure:21883: cc -o conftest -O3    conftest.c  -lpthread >&5
configure:21883: $? = 0
configure:21891: result: yes
configure:21901: checking for fcntl/F_SETFD
configure:21922: cc -o conftest -O3    conftest.c  -lpthread >&5
configure:21922: $? = 0
configure:21930: result: yes
configure:21999: checking for special C compiler options needed for large files
configure:22044: result: no
configure:22050: checking for _FILE_OFFSET_BITS value needed for large files
configure:22075: cc -c -O3   conftest.c >&5
configure:22075: $? = 0
configure:22107: result: no
configure:22231: checking for mlock
configure:22231: cc -o conftest -O3    conftest.c  -lpthread >&5
configure:22231: $? = 0
configure:22231: result: yes
configure:22231: checking for munlock
configure:22231: cc -o conftest -O3    conftest.c  -lpthread >&5
configure:22231: $? = 0
configure:22231: result: yes
configure:22244: checking for mmap
configure:22244: cc -o conftest -O3    conftest.c  -lpthread >&5
configure:22244: $? = 0
configure:22244: result: yes
configure:22244: checking for munmap
configure:22244: cc -o conftest -O3    conftest.c  -lpthread >&5
configure:22244: $? = 0
configure:22244: result: yes
configure:22271: checking for shmget
configure:22271: cc -o conftest -O3    conftest.c  -lpthread >&5
configure:22271: $? = 0
configure:22271: result: yes
configure:22284: checking for shmctl
configure:22307: cc -o conftest -O3    conftest.c  -lpthread >&5
conftest.c: In function 'main':
conftest.c:128: error: 'SHM_LOCK' undeclared (first use in this function)
conftest.c:128: error: (Each undeclared identifier is reported only once
conftest.c:128: error: for each function it appears in.)
configure:22307: $? = 1
configure: failed program was:
| /* confdefs.h */
| #define PACKAGE_NAME "Berkeley DB"
| #define PACKAGE_TARNAME "db-5.0.26"
| #define PACKAGE_VERSION "5.0.26"
| #define PACKAGE_STRING "Berkeley DB 5.0.26"
| #define PACKAGE_BUGREPORT "Oracle Technology Network Berkeley DB forum"
| #define PACKAGE_URL ""
| #define HAVE_UPGRADE_SUPPORT 1
| #define STDC_HEADERS 1
| #define HAVE_SYS_TYPES_H 1
| #define HAVE_SYS_STAT_H 1
| #define HAVE_STDLIB_H 1
| #define HAVE_STRING_H 1
| #define HAVE_MEMORY_H 1
| #define HAVE_STRINGS_H 1
| #define HAVE_INTTYPES_H 1
| #define HAVE_STDINT_H 1
| #define HAVE_UNISTD_H 1
| #define HAVE_DLFCN_H 1
| #define LT_OBJDIR ".libs/"
| #define HAVE_SYSTEM_INCLUDE_FILES 1
| #define TIME_WITH_SYS_TIME 1
| #define HAVE_DIRENT_H 1
| #define HAVE_EXECINFO_H 1
| #define HAVE_SYS_SELECT_H 1
| #define HAVE_SYS_SOCKET_H 1
| #define HAVE_SYS_TIME_H 1
| #define HAVE_STRUCT_STAT_ST_BLKSIZE 1
| #define SIZEOF_CHAR 1
| #define SIZEOF_UNSIGNED_CHAR 1
| #define SIZEOF_SHORT 2
| #define SIZEOF_UNSIGNED_SHORT 2
| #define SIZEOF_INT 4
| #define SIZEOF_UNSIGNED_INT 4
| #define SIZEOF_LONG 8
| #define SIZEOF_UNSIGNED_LONG 8
| #define SIZEOF_LONG_LONG 8
| #define SIZEOF_UNSIGNED_LONG_LONG 8
| #define SIZEOF_CHAR_P 8
| #define SIZEOF_SIZE_T 8
| #define HAVE_EXIT_SUCCESS 1
| #define HAVE_GETOPT_OPTRESET 1
| #define HAVE_MUTEX_X86_64_GCC_ASSEMBLY 1
| #define HAVE_MUTEX_SUPPORT 1
| #define HAVE_SHARED_LATCHES 1
| #define HAVE_SIMPLE_THREAD_TYPE 1
| #define HAVE_ATOMIC_SUPPORT 1
| #define HAVE_ATOMIC_X86_GCC_ASSEMBLY 1
| #define HAVE_ABORT 1
| #define HAVE_ATOI 1
| #define HAVE_ATOL 1
| #define HAVE_GETCWD 1
| #define HAVE_GETENV 1
| #define HAVE_GETOPT 1
| #define HAVE_ISALPHA 1
| #define HAVE_ISDIGIT 1
| #define HAVE_ISPRINT 1
| #define HAVE_ISSPACE 1
| #define HAVE_MEMCMP 1
| #define HAVE_MEMCPY 1
| #define HAVE_MEMMOVE 1
| #define HAVE_PRINTF 1
| #define HAVE_QSORT 1
| #define HAVE_RAISE 1
| #define HAVE_RAND 1
| #define HAVE_STRCASECMP 1
| #define HAVE_STRCAT 1
| #define HAVE_STRCHR 1
| #define HAVE_STRDUP 1
| #define HAVE_STRERROR 1
| #define HAVE_STRNCAT 1
| #define HAVE_STRNCMP 1
| #define HAVE_STRRCHR 1
| #define HAVE_STRSEP 1
| #define HAVE_STRTOL 1
| #define HAVE_STRTOUL 1
| #define HAVE_BACKTRACE 1
| #define HAVE_BACKTRACE_SYMBOLS 1
| #define HAVE_FCHMOD 1
| #define HAVE_FCLOSE 1
| #define HAVE_FCNTL 1
| #define HAVE_FDATASYNC 1
| #define HAVE_FGETC 1
| #define HAVE_FGETS 1
| #define HAVE_FOPEN 1
| #define HAVE_FWRITE 1
| #define HAVE_GETGID 1
| #define HAVE_GETRUSAGE 1
| #define HAVE_GETUID 1
| #define HAVE_HSTRERROR 1
| #define HAVE_MPROTECT 1
| #define HAVE_PTHREAD_SELF 1
| #define HAVE_RANDOM 1
| #define HAVE_SCHED_YIELD 1
| #define HAVE_SELECT 1
| #define HAVE_SETGID 1
| #define HAVE_SETUID 1
| #define HAVE_SIGACTION 1
| #define HAVE_SNPRINTF 1
| #define HAVE_STAT 1
| #define HAVE_SYSCONF 1
| #define HAVE_VSNPRINTF 1
| #define HAVE_GETTIMEOFDAY 1
| #define HAVE_LOCALTIME 1
| #define HAVE_TIME 1
| #define HAVE_STRFTIME 1
| #define HAVE_CTIME_R 1
| #define HAVE_FTRUNCATE 1
| #define HAVE_PREAD 1
| #define HAVE_PWRITE 1
| #define HAVE_GETADDRINFO 1
| #define HAVE_FCNTL_F_SETFD 1
| #define HAVE_MLOCK 1
| #define HAVE_MUNLOCK 1
| #define HAVE_MMAP 1
| #define HAVE_MUNMAP 1
| #define HAVE_SHMGET 1
| /* end confdefs.h.  */
| 
| #include <sys/types.h>
| #include <sys/ipc.h>
| #include <sys/shm.h>
| #include <stdio.h>
| int
| main ()
| {
| 
| 		shmctl(0, SHM_LOCK, NULL);
| 
|   ;
|   return 0;
| }
configure:22315: result: no
configure:22552: checking for 64-bit integral type support for sequences
configure:22648: cc -o conftest -O3    conftest.c  -lpthread >&5
conftest.c: In function 'main':
conftest.c:127: warning: incompatible implicit declaration of built-in function 'snprintf'
configure:22648: $? = 0
configure:22648: ./conftest
configure:22648: $? = 0
configure:22669: result: yes
configure:23081: creating ./config.status

## ---------------------- ##
## Running config.status. ##
## ---------------------- ##

This file was extended by Berkeley DB config.status 5.0.26, which was
generated by GNU Autoconf 2.65.  Invocation command line was

  CONFIG_FILES    = 
  CONFIG_HEADERS  = 
  CONFIG_LINKS    = 
  CONFIG_COMMANDS = 
  $ ./config.status 

on latte

config.status:1307: creating Makefile
config.status:1307: creating db_cxx.h
config.status:1307: creating db_int.h
config.status:1307: creating clib_port.h
config.status:1307: creating include.tcl
config.status:1307: creating db.h
config.status:1307: creating db_config.h
config.status:1480: executing libtool commands

## ---------------- ##
## Cache variables. ##
## ---------------- ##

ac_cv_build=x86_64-apple-darwin10.4.0
ac_cv_c_compiler_gnu=yes
ac_cv_c_const=yes
ac_cv_c_inline=inline
ac_cv_cxx_compiler_gnu=no
ac_cv_env_CCC_set=
ac_cv_env_CCC_value=
ac_cv_env_CC_set=
ac_cv_env_CC_value=
ac_cv_env_CFLAGS_set=
ac_cv_env_CFLAGS_value=
ac_cv_env_CPPFLAGS_set=
ac_cv_env_CPPFLAGS_value=
ac_cv_env_CPP_set=
ac_cv_env_CPP_value=
ac_cv_env_CXXCPP_set=
ac_cv_env_CXXCPP_value=
ac_cv_env_CXXFLAGS_set=
ac_cv_env_CXXFLAGS_value=
ac_cv_env_CXX_set=
ac_cv_env_CXX_value=
ac_cv_env_LDFLAGS_set=
ac_cv_env_LDFLAGS_value=
ac_cv_env_LIBS_set=
ac_cv_env_LIBS_value=
ac_cv_env_build_alias_set=
ac_cv_env_build_alias_value=
ac_cv_env_host_alias_set=
ac_cv_env_host_alias_value=
ac_cv_env_target_alias_set=
ac_cv_env_target_alias_value=
ac_cv_func__fstati64=no
ac_cv_func_abort=yes
ac_cv_func_atoi=yes
ac_cv_func_atol=yes
ac_cv_func_backtrace=yes
ac_cv_func_backtrace_symbols=yes
ac_cv_func_clock_gettime=no
ac_cv_func_ctime_r=yes
ac_cv_func_directio=no
ac_cv_func_fchmod=yes
ac_cv_func_fclose=yes
ac_cv_func_fcntl=yes
ac_cv_func_fdatasync=yes
ac_cv_func_fgetc=yes
ac_cv_func_fgets=yes
ac_cv_func_fopen=yes
ac_cv_func_ftruncate=yes
ac_cv_func_fwrite=yes
ac_cv_func_getcwd=yes
ac_cv_func_getenv=yes
ac_cv_func_getgid=yes
ac_cv_func_getopt=yes
ac_cv_func_getrusage=yes
ac_cv_func_gettimeofday=yes
ac_cv_func_getuid=yes
ac_cv_func_hstrerror=yes
ac_cv_func_isalpha=yes
ac_cv_func_isdigit=yes
ac_cv_func_isprint=yes
ac_cv_func_isspace=yes
ac_cv_func_localtime=yes
ac_cv_func_memcmp=yes
ac_cv_func_memcpy=yes
ac_cv_func_memmove=yes
ac_cv_func_mlock=yes
ac_cv_func_mmap=yes
ac_cv_func_mprotect=yes
ac_cv_func_munlock=yes
ac_cv_func_munmap=yes
ac_cv_func_pread=yes
ac_cv_func_printf=yes
ac_cv_func_pstat_getdynamic=no
ac_cv_func_pthread_self=yes
ac_cv_func_pthread_yield=no
ac_cv_func_pwrite=yes
ac_cv_func_qsort=yes
ac_cv_func_raise=yes
ac_cv_func_rand=yes
ac_cv_func_random=yes
ac_cv_func_sched_yield=yes
ac_cv_func_select=yes
ac_cv_func_setgid=yes
ac_cv_func_setuid=yes
ac_cv_func_shmget=yes
ac_cv_func_sigaction=yes
ac_cv_func_snprintf=yes
ac_cv_func_stat=yes
ac_cv_func_strcasecmp=yes
ac_cv_func_strcat=yes
ac_cv_func_strchr=yes
ac_cv_func_strdup=yes
ac_cv_func_strerror=yes
ac_cv_func_strftime=yes
ac_cv_func_strncat=yes
ac_cv_func_strncmp=yes
ac_cv_func_strrchr=yes
ac_cv_func_strsep=yes
ac_cv_func_strtol=yes
ac_cv_func_strtoul=yes
ac_cv_func_sysconf=yes
ac_cv_func_time=yes
ac_cv_func_vsnprintf=yes
ac_cv_func_yield=no
ac_cv_header_dirent_dirent_h=yes
ac_cv_header_dlfcn_h=yes
ac_cv_header_execinfo_h=yes
ac_cv_header_inttypes_h=yes
ac_cv_header_memory_h=yes
ac_cv_header_pthread_h=yes
ac_cv_header_stat_broken=no
ac_cv_header_stdc=yes
ac_cv_header_stddef_h=yes
ac_cv_header_stdint_h=yes
ac_cv_header_stdlib_h=yes
ac_cv_header_string_h=yes
ac_cv_header_strings_h=yes
ac_cv_header_sys_select_h=yes
ac_cv_header_sys_socket_h=yes
ac_cv_header_sys_stat_h=yes
ac_cv_header_sys_time_h=yes
ac_cv_header_sys_types_h=yes
ac_cv_header_time=yes
ac_cv_header_unistd_h=yes
ac_cv_host=x86_64-apple-darwin10.4.0
ac_cv_lib_m=ac_cv_lib_m_main
ac_cv_lib_m_main=yes
ac_cv_lib_nsl=ac_cv_lib_nsl_main
ac_cv_lib_nsl_main=no
ac_cv_lib_pthread=ac_cv_lib_pthread_main
ac_cv_lib_pthread_main=yes
ac_cv_lib_socket=ac_cv_lib_socket_main
ac_cv_lib_socket_main=no
ac_cv_member_struct_stat_st_blksize=yes
ac_cv_objext=o
ac_cv_path_EGREP='/usr/bin/grep -E'
ac_cv_path_FGREP='/usr/bin/grep -F'
ac_cv_path_GREP=/usr/bin/grep
ac_cv_path_SED=/usr/bin/sed
ac_cv_path_ac_pt_db_cv_path_sh=/bin/sh
ac_cv_path_install='/usr/bin/install -c'
ac_cv_prog_CPP='cc -E'
ac_cv_prog_CXXCPP=/lib/cpp
ac_cv_prog_ac_ct_AR=ar
ac_cv_prog_ac_ct_CC=cc
ac_cv_prog_ac_ct_CHMOD=chmod
ac_cv_prog_ac_ct_CP=cp
ac_cv_prog_ac_ct_DSYMUTIL=dsymutil
ac_cv_prog_ac_ct_LIPO=lipo
ac_cv_prog_ac_ct_LN=ln
ac_cv_prog_ac_ct_MKDIR=mkdir
ac_cv_prog_ac_ct_MV=mv
ac_cv_prog_ac_ct_NMEDIT=nmedit
ac_cv_prog_ac_ct_OTOOL=otool
ac_cv_prog_ac_ct_RANLIB=ranlib
ac_cv_prog_ac_ct_RM=rm
ac_cv_prog_ac_ct_STRIP=strip
ac_cv_prog_cc_c89=
ac_cv_prog_cc_g=yes
ac_cv_prog_cxx_g=no
ac_cv_search_fdatasync='none required'
ac_cv_search_getaddrinfo='none required'
ac_cv_search_hstrerror='none required'
ac_cv_search_opendir='none required'
ac_cv_search_sched_yield='none required'
ac_cv_sizeof_char=1
ac_cv_sizeof_char_p=8
ac_cv_sizeof_int=4
ac_cv_sizeof_long=8
ac_cv_sizeof_long_long=8
ac_cv_sizeof_short=2
ac_cv_sizeof_size_t=8
ac_cv_sizeof_unsigned_char=1
ac_cv_sizeof_unsigned_int=4
ac_cv_sizeof_unsigned_long=8
ac_cv_sizeof_unsigned_long_long=8
ac_cv_sizeof_unsigned_short=2
ac_cv_sys_file_offset_bits=no
ac_cv_sys_largefile_CC=no
ac_cv_type_FILE_p=yes
ac_cv_type_int16_t=yes
ac_cv_type_int32_t=yes
ac_cv_type_int64_t=yes
ac_cv_type_off_t=yes
ac_cv_type_pid_t=yes
ac_cv_type_size_t=yes
ac_cv_type_socklen_t=yes
ac_cv_type_ssize_t=yes
ac_cv_type_time_t=yes
ac_cv_type_u_char=yes
ac_cv_type_u_int16_t=yes
ac_cv_type_u_int32_t=yes
ac_cv_type_u_int64_t=yes
ac_cv_type_u_int8_t=yes
ac_cv_type_u_int=yes
ac_cv_type_u_long=yes
ac_cv_type_u_short=yes
ac_cv_type_uintmax_t=yes
ac_cv_type_uintptr_t=yes
ac_pt_db_cv_path_sh=/bin/sh
db_cv_atomic=x86/gcc-assembly
db_cv_build_atomicsupport=yes
db_cv_build_compression=yes
db_cv_build_cryptography=yes
db_cv_build_full=yes
db_cv_build_hash=yes
db_cv_build_mutexsupport=yes
db_cv_build_partition=yes
db_cv_build_queue=yes
db_cv_build_replication=yes
db_cv_build_sequence=yes
db_cv_build_statistics=yes
db_cv_build_verify=yes
db_cv_clock_monotonic=no
db_cv_compat185=no
db_cv_ctime_r_3arg=2-argument
db_cv_cxx=no
db_cv_dbm=no
db_cv_debug=no
db_cv_debug_rop=no
db_cv_debug_wop=no
db_cv_diagnostic=no
db_cv_dtrace=no
db_cv_dump185=no
db_cv_exit_defines=yes
db_cv_fcntl_f_setfd=yes
db_cv_gcc_2_96=no
db_cv_getaddrinfo=yes
db_cv_java=no
db_cv_mingw=no
db_cv_mutex=x86_64/gcc-assembly
db_cv_o_direct=no
db_cv_optreset=yes
db_cv_path_sh=/bin/sh
db_cv_posixmutexes=no
db_cv_rpc=no
db_cv_seq_fmt='"%ld"'
db_cv_seq_type=long
db_cv_seq_ufmt='"%lu"'
db_cv_shmctl_shm_lock=no
db_cv_smallbuild=no
db_cv_sql=no
db_cv_sql_amalgamation=no
db_cv_sql_codegen=no
db_cv_sql_compat=no
db_cv_stl=no
db_cv_systemtap=no
db_cv_tcl=no
db_cv_test=no
db_cv_uimutexes=no
db_cv_umrw=no
db_cv_uniquename=no
lt_cv_apple_cc_single_mod=yes
lt_cv_deplibs_check_method=pass_all
lt_cv_file_magic_cmd='$MAGIC_CMD'
lt_cv_file_magic_test_file=
lt_cv_ld_exported_symbols_list=yes
lt_cv_ld_reload_flag=-r
lt_cv_nm_interface='BSD nm'
lt_cv_objdir=.libs
lt_cv_path_LD=/usr/libexec/gcc/i686-apple-darwin10/4.2.1/ld
lt_cv_path_NM=/usr/bin/nm
lt_cv_prog_compiler_c_o=yes
lt_cv_prog_compiler_pic_works=yes
lt_cv_prog_compiler_rtti_exceptions=no
lt_cv_prog_compiler_static_works=no
lt_cv_prog_gnu_ld=no
lt_cv_sys_global_symbol_pipe='sed -n -e '\''s/^.*[	 ]\([BCDEGRST][BCDEGRST]*\)[	 ][	 ]*_\([_A-Za-z][_A-Za-z0-9]*\)$/\1 _\2 \2/p'\'''
lt_cv_sys_global_symbol_to_c_name_address='sed -n -e '\''s/^: \([^ ]*\) $/  {\"\1\", (void *) 0},/p'\'' -e '\''s/^[BCDEGRST]* \([^ ]*\) \([^ ]*\)$/  {"\2", (void *) \&\2},/p'\'''
lt_cv_sys_global_symbol_to_c_name_address_lib_prefix='sed -n -e '\''s/^: \([^ ]*\) $/  {\"\1\", (void *) 0},/p'\'' -e '\''s/^[BCDEGRST]* \([^ ]*\) \(lib[^ ]*\)$/  {"\2", (void *) \&\2},/p'\'' -e '\''s/^[BCDEGRST]* \([^ ]*\) \([^ ]*\)$/  {"lib\2", (void *) \&\2},/p'\'''
lt_cv_sys_global_symbol_to_cdecl='sed -n -e '\''s/^T .* \(.*\)$/extern int \1();/p'\'' -e '\''s/^[BCDEGRST]* .* \(.*\)$/extern char \1;/p'\'''
lt_cv_sys_max_cmd_len=196608

## ----------------- ##
## Output variables. ##
## ----------------- ##

ADDITIONAL_INCS=''
ADDITIONAL_LANG=''
ADDITIONAL_OBJS='mut_tas.lo  $(BTREE_OBJS) $(HASH_OBJS) $(HASH_VRFY_OBJS) $(QUEUE_OBJS) $(QUEUE_VRFY_OBJS) $(REP_OBJS) $(REPMGR_OBJS) $(BTREE_VRFY_OBJS) $(LOG_VRFY_OBJS) $(LOCK_OBJS) $(MUTEX_OBJS)'
ADDITIONAL_PROGS=''
AR='ar'
BUILD_TARGET='library_build'
CC='cc'
CCC='CXX'
CFLAGS='-O3 '
CHMOD='chmod'
CONFIGURATION_ARGS=''
CONFIGURATION_PATH=''
CP='cp'
CPP='cc -E'
CPPFLAGS=''
CRYPTO_OBJS='crypto_stub.lo'
CXX='CXX'
CXXCPP='/lib/cpp'
CXXFLAGS='-O'
DB_CONST=''
DB_PROTO1='#undef __P'
DB_PROTO2='#define	__P(protos)	protos'
DB_VERSION_FAMILY='11'
DB_VERSION_FULL_STRING='"Berkeley DB 11g Release 2, library version 11.2.5.0.26: (June 25, 2010)"'
DB_VERSION_MAJOR='5'
DB_VERSION_MINOR='0'
DB_VERSION_PATCH='26'
DB_VERSION_RELEASE='2'
DB_VERSION_STRING='"Berkeley DB 5.0.26: (June 25, 2010)"'
DB_VERSION_UNIQUE_NAME=''
DEFAULT_LIB='$(libso_target)'
DEFAULT_LIB_CXX=''
DEFAULT_LIB_SQL=''
DEFAULT_LIB_SQLITE=''
DEFAULT_LIB_STL=''
DEFAULT_LIB_TCL=''
DEFS='-DHAVE_CONFIG_H'
DSYMUTIL='dsymutil'
DTRACE=''
DUMPBIN=''
ECHO_C='\c'
ECHO_N=''
ECHO_T=''
EGREP='/usr/bin/grep -E'
EXEEXT=''
FGREP='/usr/bin/grep -F'
FILE_t_decl=''
FINAL_OBJS=''
GREP='/usr/bin/grep'
INSTALLER='$(LIBTOOL) --mode=install cp -p'
INSTALL_DATA='${INSTALL} -m 644'
INSTALL_LIBS='$(libso_target) $(libdb)'
INSTALL_LIBS_EXTRA=''
INSTALL_PROGRAM='${INSTALL}'
INSTALL_SCRIPT='${INSTALL}'
INSTALL_TARGET='library_install'
INT64_FMT='#define	INT64_FMT	"%ld"'
JAR=''
JAVA=''
JAVAC='nojavac'
JAVACFLAGS=''
JMODSUFFIX='.jnilib'
KILL=''
LD='/usr/libexec/gcc/i686-apple-darwin10/4.2.1/ld'
LDFLAGS=''
LIBCSO_LIBS=''
LIBJSO_LIBS=''
LIBOBJS=''
LIBS=' -lpthread'
LIBSO_LIBS=' -lpthread'
LIBTOOL='./libtool'
LIBTSO_LIBS=''
LIBTSO_MODSUFFIX='.dylib'
LIBTSO_MODULE=''
LIBXSO_LIBS=''
LIPO='lipo'
LN='ln'
LN_S='ln -s'
LTLIBOBJS=''
MAKEFILE_CC='$(LIBTOOL) --mode=compile cc'
MAKEFILE_CCLINK='$(LIBTOOL) --mode=link cc'
MAKEFILE_CXX='$(LIBTOOL) --mode=compile nocxx'
MAKEFILE_CXXLINK='$(LIBTOOL) --mode=link nocxx'
MAKEFILE_SOLINK='$(LIBTOOL) --mode=link cc -avoid-version'
MAKEFILE_XSOLINK='$(LIBTOOL) --mode=link nocxx -avoid-version'
MKDIR='mkdir'
MODSUFFIX='.so'
MV='mv'
NM='/usr/bin/nm'
NMEDIT='nmedit'
OBJDUMP='false'
OBJEXT='o'
OSDIR='os'
OTOOL64=':'
OTOOL='otool'
PACKAGE_BUGREPORT='Oracle Technology Network Berkeley DB forum'
PACKAGE_NAME='Berkeley DB'
PACKAGE_STRING='Berkeley DB 5.0.26'
PACKAGE_TARNAME='db-5.0.26'
PACKAGE_URL=''
PACKAGE_VERSION='5.0.26'
PATH_SEPARATOR='/'
PERL=''
POSTLINK='$(LIBTOOL) --mode=execute true'
RANLIB='ranlib'
REPLACEMENT_OBJS=''
RM='rm -f'
RPCGEN=''
RPC_CLIENT_OBJS=''
RPC_SERVER_H=''
SED='/usr/bin/sed'
SHELL='/bin/sh'
SOFLAGS='-rpath $(libdir)'
SOSUFFIX='.dylib'
SQL_FLAGS=''
SQL_LIBS=''
STAP=''
STRIP='strip'
SWIGCFLAGS=''
TCL_BIN_DIR=''
TCL_INCLUDE_SPEC=''
TCL_LIB_FILE=''
TCL_SRC_DIR=''
TCL_TCLSH=''
TEST_LIBS=' -lm'
TLS_decl=''
TLS_defn=''
UINT64_FMT='#define	UINT64_FMT	"%lu"'
WSTRING_decl=''
_ACJNI_JAVAC=''
ac_ct_CC='cc'
ac_ct_CXX=''
ac_ct_DUMPBIN=''
bindir='${exec_prefix}/bin'
build='x86_64-apple-darwin10.4.0'
build_alias=''
build_cpu='x86_64'
build_os='darwin10.4.0'
build_vendor='apple'
cxx_have_stdheaders=''
datadir='${datarootdir}'
datarootdir='${prefix}/share'
db_cv_path_sh='/bin/sh'
db_int_def=''
db_seq_decl='typedef int64_t db_seq_t;'
db_threadid_t_decl='typedef pthread_t db_threadid_t;'
docdir='${datarootdir}/doc/${PACKAGE_TARNAME}'
dvidir='${docdir}'
exec_prefix='${prefix}'
host='x86_64-apple-darwin10.4.0'
host_alias=''
host_cpu='x86_64'
host_os='darwin10.4.0'
host_vendor='apple'
htmldir='${docdir}'
includedir='${prefix}/include'
infodir='${datarootdir}/info'
int16_decl=''
int32_decl=''
int64_decl=''
inttypes_h_decl='#include <inttypes.h>'
libdir='${exec_prefix}/lib'
libexecdir='${exec_prefix}/libexec'
localedir='${datarootdir}/locale'
localstatedir='${prefix}/var'
lt_ECHO='/bin/echo'
mandir='${datarootdir}/man'
o='.lo'
off_t_decl=''
oldincludedir='/usr/include'
pdfdir='${docdir}'
pid_t_decl=''
platform_footer=''
platform_header=''
prefix='/opt/opscode/embedded/db/db-5.0.26'
program_transform_name='s,x,x,'
psdir='${docdir}'
sbindir='${exec_prefix}/sbin'
sharedstatedir='${prefix}/com'
size_t_decl=''
ssize_t_decl=''
stddef_h_decl='#include <stddef.h>'
stdint_h_decl='#include <stdint.h>'
subdir_cmd=''
sysconfdir='${prefix}/etc'
target_alias=''
thread_h_decl='#include <pthread.h>'
time_t_decl=''
u_char_decl=''
u_int16_decl=''
u_int32_decl=''
u_int64_decl=''
u_int8_decl=''
u_int_decl=''
u_long_decl=''
u_short_decl=''
uintmax_t_decl=''
uintptr_t_decl=''
unistd_h_decl='#include <unistd.h>'
uudecode=''

## ----------- ##
## confdefs.h. ##
## ----------- ##

/* confdefs.h */
#define PACKAGE_NAME "Berkeley DB"
#define PACKAGE_TARNAME "db-5.0.26"
#define PACKAGE_VERSION "5.0.26"
#define PACKAGE_STRING "Berkeley DB 5.0.26"
#define PACKAGE_BUGREPORT "Oracle Technology Network Berkeley DB forum"
#define PACKAGE_URL ""
#define HAVE_UPGRADE_SUPPORT 1
#define STDC_HEADERS 1
#define HAVE_SYS_TYPES_H 1
#define HAVE_SYS_STAT_H 1
#define HAVE_STDLIB_H 1
#define HAVE_STRING_H 1
#define HAVE_MEMORY_H 1
#define HAVE_STRINGS_H 1
#define HAVE_INTTYPES_H 1
#define HAVE_STDINT_H 1
#define HAVE_UNISTD_H 1
#define HAVE_DLFCN_H 1
#define LT_OBJDIR ".libs/"
#define HAVE_SYSTEM_INCLUDE_FILES 1
#define TIME_WITH_SYS_TIME 1
#define HAVE_DIRENT_H 1
#define HAVE_EXECINFO_H 1
#define HAVE_SYS_SELECT_H 1
#define HAVE_SYS_SOCKET_H 1
#define HAVE_SYS_TIME_H 1
#define HAVE_STRUCT_STAT_ST_BLKSIZE 1
#define SIZEOF_CHAR 1
#define SIZEOF_UNSIGNED_CHAR 1
#define SIZEOF_SHORT 2
#define SIZEOF_UNSIGNED_SHORT 2
#define SIZEOF_INT 4
#define SIZEOF_UNSIGNED_INT 4
#define SIZEOF_LONG 8
#define SIZEOF_UNSIGNED_LONG 8
#define SIZEOF_LONG_LONG 8
#define SIZEOF_UNSIGNED_LONG_LONG 8
#define SIZEOF_CHAR_P 8
#define SIZEOF_SIZE_T 8
#define HAVE_EXIT_SUCCESS 1
#define HAVE_GETOPT_OPTRESET 1
#define HAVE_MUTEX_X86_64_GCC_ASSEMBLY 1
#define HAVE_MUTEX_SUPPORT 1
#define HAVE_SHARED_LATCHES 1
#define HAVE_SIMPLE_THREAD_TYPE 1
#define HAVE_ATOMIC_SUPPORT 1
#define HAVE_ATOMIC_X86_GCC_ASSEMBLY 1
#define HAVE_ABORT 1
#define HAVE_ATOI 1
#define HAVE_ATOL 1
#define HAVE_GETCWD 1
#define HAVE_GETENV 1
#define HAVE_GETOPT 1
#define HAVE_ISALPHA 1
#define HAVE_ISDIGIT 1
#define HAVE_ISPRINT 1
#define HAVE_ISSPACE 1
#define HAVE_MEMCMP 1
#define HAVE_MEMCPY 1
#define HAVE_MEMMOVE 1
#define HAVE_PRINTF 1
#define HAVE_QSORT 1
#define HAVE_RAISE 1
#define HAVE_RAND 1
#define HAVE_STRCASECMP 1
#define HAVE_STRCAT 1
#define HAVE_STRCHR 1
#define HAVE_STRDUP 1
#define HAVE_STRERROR 1
#define HAVE_STRNCAT 1
#define HAVE_STRNCMP 1
#define HAVE_STRRCHR 1
#define HAVE_STRSEP 1
#define HAVE_STRTOL 1
#define HAVE_STRTOUL 1
#define HAVE_BACKTRACE 1
#define HAVE_BACKTRACE_SYMBOLS 1
#define HAVE_FCHMOD 1
#define HAVE_FCLOSE 1
#define HAVE_FCNTL 1
#define HAVE_FDATASYNC 1
#define HAVE_FGETC 1
#define HAVE_FGETS 1
#define HAVE_FOPEN 1
#define HAVE_FWRITE 1
#define HAVE_GETGID 1
#define HAVE_GETRUSAGE 1
#define HAVE_GETUID 1
#define HAVE_HSTRERROR 1
#define HAVE_MPROTECT 1
#define HAVE_PTHREAD_SELF 1
#define HAVE_RANDOM 1
#define HAVE_SCHED_YIELD 1
#define HAVE_SELECT 1
#define HAVE_SETGID 1
#define HAVE_SETUID 1
#define HAVE_SIGACTION 1
#define HAVE_SNPRINTF 1
#define HAVE_STAT 1
#define HAVE_SYSCONF 1
#define HAVE_VSNPRINTF 1
#define HAVE_GETTIMEOFDAY 1
#define HAVE_LOCALTIME 1
#define HAVE_TIME 1
#define HAVE_STRFTIME 1
#define HAVE_CTIME_R 1
#define HAVE_FTRUNCATE 1
#define HAVE_PREAD 1
#define HAVE_PWRITE 1
#define HAVE_GETADDRINFO 1
#define HAVE_FCNTL_F_SETFD 1
#define HAVE_MLOCK 1
#define HAVE_MUNLOCK 1
#define HAVE_MMAP 1
#define HAVE_MUNMAP 1
#define HAVE_SHMGET 1
#define HAVE_64BIT_TYPES 1
#define HAVE_COMPRESSION 1
#define HAVE_PARTITION 1
#define HAVE_HASH 1
#define HAVE_QUEUE 1
#define HAVE_REPLICATION 1
#define HAVE_REPLICATION_THREADS 1
#define HAVE_STATISTICS 1
#define HAVE_VERIFY 1

configure: exit 0
